------------------------------------------------------------------------------------------------------------------------

[2025-05-12 14:08:53 #1 store] 
Database 'C:\Users\maddi\git\KIROL4ALL\Rides24\src\main\resources\rides.temp' is opened by 8044@DESKTOP-Q03EHD8

[2025-05-12 14:08:53 #2 type] 
Type domain.Socio is not enhanced.

[2025-05-12 14:08:53 #3 type] 
Type domain.Factura is not enhanced.

[2025-05-12 14:08:53 #4 type] 
Type domain.Reserva is not enhanced.

[2025-05-12 14:08:53 #5 type] 
Type domain.Sesion is not enhanced.

[2025-05-12 14:08:53 #6 type] 
Type domain.Actividades is not enhanced.

[2025-05-12 14:08:53 #7 type] 
Type domain.Sala is not enhanced.

------------------------------------------------------------------------------------------------------------------------

[2025-05-12 14:09:29 #1 store] 
Database 'C:\Users\maddi\git\KIROL4ALL\Rides24\src\main\resources\rides.temp' is opened by 11220@DESKTOP-Q03EHD8

[2025-05-12 14:09:29 #2 type] 
Type domain.Socio is not enhanced.

[2025-05-12 14:09:29 #3 type] 
Type domain.Factura is not enhanced.

[2025-05-12 14:09:29 #4 type] 
Type domain.Reserva is not enhanced.

[2025-05-12 14:09:29 #5 type] 
Type domain.Sesion is not enhanced.

[2025-05-12 14:09:29 #6 type] 
Type domain.Actividades is not enhanced.

[2025-05-12 14:09:29 #7 type] 
Type domain.Sala is not enhanced.

------------------------------------------------------------------------------------------------------------------------

[2025-05-12 14:10:29 #1 store] 
Database 'C:\Users\maddi\git\KIROL4ALL\Rides24\src\main\resources\rides.temp' is opened by 11940@DESKTOP-Q03EHD8

[2025-05-12 14:10:29 #2 type] 
Type domain.Socio is not enhanced.

[2025-05-12 14:10:29 #3 type] 
Type domain.Factura is not enhanced.

[2025-05-12 14:10:29 #4 type] 
Type domain.Reserva is not enhanced.

[2025-05-12 14:10:29 #5 type] 
Type domain.Sesion is not enhanced.

[2025-05-12 14:10:29 #6 type] 
Type domain.Actividades is not enhanced.

[2025-05-12 14:10:29 #7 type] 
Type domain.Sala is not enhanced.

------------------------------------------------------------------------------------------------------------------------

[2025-05-12 14:11:09 #1 store] 
Database 'C:\Users\maddi\git\KIROL4ALL\Rides24\src\main\resources\rides.temp' is opened by 7880@DESKTOP-Q03EHD8

[2025-05-12 14:11:09 #2 type] 
Type domain.Socio is not enhanced.

[2025-05-12 14:11:09 #3 type] 
Type domain.Factura is not enhanced.

[2025-05-12 14:11:09 #4 type] 
Type domain.Reserva is not enhanced.

[2025-05-12 14:11:09 #5 type] 
Type domain.Sesion is not enhanced.

[2025-05-12 14:11:09 #6 type] 
Type domain.Actividades is not enhanced.

[2025-05-12 14:11:09 #7 type] 
Type domain.Sala is not enhanced.

------------------------------------------------------------------------------------------------------------------------

[2025-05-12 14:13:03 #1 store] 
Database 'C:\Users\maddi\git\KIROL4ALL\Rides24\src\main\resources\rides.temp' is opened by 13008@DESKTOP-Q03EHD8

[2025-05-12 14:13:03 #2 type] 
Type domain.Socio is not enhanced.

[2025-05-12 14:13:03 #3 type] 
Type domain.Factura is not enhanced.

[2025-05-12 14:13:03 #4 type] 
Type domain.Reserva is not enhanced.

[2025-05-12 14:13:03 #5 type] 
Type domain.Sesion is not enhanced.

[2025-05-12 14:13:03 #6 type] 
Type domain.Actividades is not enhanced.

[2025-05-12 14:13:03 #7 type] 
Type domain.Sala is not enhanced.

------------------------------------------------------------------------------------------------------------------------

[2025-05-12 14:13:17 #1 store] 
Database 'C:\Users\maddi\git\KIROL4ALL\Rides24\src\main\resources\rides.temp' is opened by 11372@DESKTOP-Q03EHD8

[2025-05-12 14:13:17 #2 type] 
Type domain.Socio is not enhanced.

[2025-05-12 14:13:17 #3 type] 
Type domain.Factura is not enhanced.

[2025-05-12 14:13:17 #4 type] 
Type domain.Reserva is not enhanced.

[2025-05-12 14:13:17 #5 type] 
Type domain.Sesion is not enhanced.

[2025-05-12 14:13:17 #6 type] 
Type domain.Actividades is not enhanced.

[2025-05-12 14:13:17 #7 type] 
Type domain.Sala is not enhanced.

------------------------------------------------------------------------------------------------------------------------

[2025-05-12 14:13:26 #1 store] 
Database 'C:\Users\maddi\git\KIROL4ALL\Rides24\src\main\resources\rides.temp' is opened by 8808@DESKTOP-Q03EHD8

[2025-05-12 14:13:27 #2 type] 
Type domain.Socio is not enhanced.

[2025-05-12 14:13:27 #3 type] 
Type domain.Factura is not enhanced.

[2025-05-12 14:13:27 #4 type] 
Type domain.Reserva is not enhanced.

[2025-05-12 14:13:27 #5 type] 
Type domain.Sesion is not enhanced.

[2025-05-12 14:13:27 #6 type] 
Type domain.Actividades is not enhanced.

[2025-05-12 14:13:27 #7 type] 
Type domain.Sala is not enhanced.

------------------------------------------------------------------------------------------------------------------------

[2025-05-12 14:15:21 #1 store] 
Database 'C:\Users\maddi\git\KIROL4ALL\Rides24\src\main\resources\rides.temp' is opened by 11660@DESKTOP-Q03EHD8

[2025-05-12 14:15:21 #2 type] 
Type domain.Socio is not enhanced.

[2025-05-12 14:15:21 #3 type] 
Type domain.Factura is not enhanced.

[2025-05-12 14:15:21 #4 type] 
Type domain.Reserva is not enhanced.

[2025-05-12 14:15:21 #5 type] 
Type domain.Sesion is not enhanced.

[2025-05-12 14:15:21 #6 type] 
Type domain.Actividades is not enhanced.

[2025-05-12 14:15:21 #7 type] 
Type domain.Sala is not enhanced.

------------------------------------------------------------------------------------------------------------------------

[2025-05-12 14:16:59 #1 store] 
Database 'C:\Users\maddi\git\KIROL4ALL\Rides24\src\main\resources\rides.temp' is opened by 10508@DESKTOP-Q03EHD8

[2025-05-12 14:16:59 #2 type] 
Type domain.Socio is not enhanced.

[2025-05-12 14:16:59 #3 type] 
Type domain.Factura is not enhanced.

[2025-05-12 14:16:59 #4 type] 
Type domain.Reserva is not enhanced.

[2025-05-12 14:16:59 #5 type] 
Type domain.Sesion is not enhanced.

[2025-05-12 14:16:59 #6 type] 
Type domain.Actividades is not enhanced.

[2025-05-12 14:16:59 #7 type] 
Type domain.Sala is not enhanced.

------------------------------------------------------------------------------------------------------------------------

[2025-05-12 14:17:40 #1 store] 
Database 'C:\Users\maddi\git\KIROL4ALL\Rides24\src\main\resources\rides.temp' is opened by 10760@DESKTOP-Q03EHD8

[2025-05-12 14:17:40 #2 type] 
Type domain.Socio is not enhanced.

[2025-05-12 14:17:40 #3 type] 
Type domain.Factura is not enhanced.

[2025-05-12 14:17:40 #4 type] 
Type domain.Reserva is not enhanced.

[2025-05-12 14:17:40 #5 type] 
Type domain.Sesion is not enhanced.

[2025-05-12 14:17:40 #6 type] 
Type domain.Actividades is not enhanced.

[2025-05-12 14:17:40 #7 type] 
Type domain.Sala is not enhanced.

------------------------------------------------------------------------------------------------------------------------

[2025-05-12 14:18:12 #1 store] 
Database 'C:\Users\maddi\git\KIROL4ALL\Rides24\src\main\resources\rides.temp' is opened by 14728@DESKTOP-Q03EHD8

[2025-05-12 14:18:12 #2 type] 
Type domain.Socio is not enhanced.

[2025-05-12 14:18:12 #3 type] 
Type domain.Factura is not enhanced.

[2025-05-12 14:18:12 #4 type] 
Type domain.Reserva is not enhanced.

[2025-05-12 14:18:12 #5 type] 
Type domain.Sesion is not enhanced.

[2025-05-12 14:18:12 #6 type] 
Type domain.Actividades is not enhanced.

[2025-05-12 14:18:12 #7 type] 
Type domain.Sala is not enhanced.

------------------------------------------------------------------------------------------------------------------------

[2025-05-12 14:19:43 #1 store] 
Database 'C:\Users\maddi\git\KIROL4ALL\Rides24\src\main\resources\rides.temp' is opened by 9188@DESKTOP-Q03EHD8

[2025-05-12 14:19:44 #2 type] 
Type domain.Socio is not enhanced.

[2025-05-12 14:19:44 #3 type] 
Type domain.Factura is not enhanced.

[2025-05-12 14:19:44 #4 type] 
Type domain.Reserva is not enhanced.

[2025-05-12 14:19:44 #5 type] 
Type domain.Sesion is not enhanced.

[2025-05-12 14:19:44 #6 type] 
Type domain.Actividades is not enhanced.

[2025-05-12 14:19:44 #7 type] 
Type domain.Sala is not enhanced.

------------------------------------------------------------------------------------------------------------------------

[2025-05-12 14:19:59 #1 store] 
Database 'C:\Users\maddi\git\KIROL4ALL\Rides24\src\main\resources\rides.temp' is opened by 2120@DESKTOP-Q03EHD8

[2025-05-12 14:19:59 #2 type] 
Type domain.Socio is not enhanced.

[2025-05-12 14:19:59 #3 type] 
Type domain.Factura is not enhanced.

[2025-05-12 14:19:59 #4 type] 
Type domain.Reserva is not enhanced.

[2025-05-12 14:19:59 #5 type] 
Type domain.Sesion is not enhanced.

[2025-05-12 14:19:59 #6 type] 
Type domain.Actividades is not enhanced.

[2025-05-12 14:19:59 #7 type] 
Type domain.Sala is not enhanced.

------------------------------------------------------------------------------------------------------------------------

[2025-05-12 14:20:28 #1 store] 
Database 'C:\Users\maddi\git\KIROL4ALL\Rides24\src\main\resources\rides.temp' is opened by 6672@DESKTOP-Q03EHD8

[2025-05-12 14:20:28 #2 type] 
Type domain.Socio is not enhanced.

[2025-05-12 14:20:28 #3 type] 
Type domain.Factura is not enhanced.

[2025-05-12 14:20:28 #4 type] 
Type domain.Reserva is not enhanced.

[2025-05-12 14:20:28 #5 type] 
Type domain.Sesion is not enhanced.

[2025-05-12 14:20:28 #6 type] 
Type domain.Actividades is not enhanced.

[2025-05-12 14:20:28 #7 type] 
Type domain.Sala is not enhanced.

