------------------------------------------------------------------------------------------------------------------------

[2025-05-11 11:52:11 #1 store] 
Database 'C:\Users\maddi\git\KIROL4ALL\Rides24\src\main\resources\rides.temp' is opened by 13364@DESKTOP-Q03EHD8

[2025-05-11 11:52:11 #2 type] 
Type domain.Socio is not enhanced.

[2025-05-11 11:52:12 #3 type] 
Type domain.Factura is not enhanced.

[2025-05-11 11:52:12 #4 type] 
Type domain.Reserva is not enhanced.

[2025-05-11 11:52:12 #5 type] 
Type domain.Sesion is not enhanced.

[2025-05-11 11:52:12 #6 type] 
Type domain.Actividades is not enhanced.

[2025-05-11 11:52:12 #7 type] 
Type domain.Sala is not enhanced.

------------------------------------------------------------------------------------------------------------------------

[2025-05-11 11:53:28 #1 store] 
Database 'C:\Users\maddi\git\KIROL4ALL\Rides24\src\main\resources\rides.temp' is opened by 8196@DESKTOP-Q03EHD8

[2025-05-11 11:53:28 #2 type] 
Type domain.Socio is not enhanced.

[2025-05-11 11:53:28 #3 type] 
Type domain.Factura is not enhanced.

[2025-05-11 11:53:28 #4 type] 
Type domain.Reserva is not enhanced.

[2025-05-11 11:53:28 #5 type] 
Type domain.Sesion is not enhanced.

[2025-05-11 11:53:28 #6 type] 
Type domain.Actividades is not enhanced.

[2025-05-11 11:53:28 #7 type] 
Type domain.Sala is not enhanced.

------------------------------------------------------------------------------------------------------------------------

[2025-05-11 12:27:40 #1 store] 
Database 'C:\Users\maddi\git\KIROL4ALL\Rides24\src\main\resources\rides.temp' is opened by 9908@DESKTOP-Q03EHD8

[2025-05-11 12:27:41 #2 type] 
Type domain.Socio is not enhanced.

[2025-05-11 12:27:41 #3 type] 
Type domain.Factura is not enhanced.

[2025-05-11 12:27:41 #4 type] 
Type domain.Reserva is not enhanced.

[2025-05-11 12:27:41 #5 type] 
Type domain.Sesion is not enhanced.

[2025-05-11 12:27:41 #6 type] 
Type domain.Actividades is not enhanced.

[2025-05-11 12:27:41 #7 type] 
Type domain.Sala is not enhanced.

------------------------------------------------------------------------------------------------------------------------

[2025-05-11 13:44:52 #1 store] 
Database 'C:\Users\maddi\git\KIROL4ALL\Rides24\src\main\resources\rides.temp' has been recovered (tr. 8-8)

[2025-05-11 13:44:52 #2 store] 
Database 'C:\Users\maddi\git\KIROL4ALL\Rides24\src\main\resources\rides.temp' is opened by 13176@DESKTOP-Q03EHD8

[2025-05-11 13:44:52 #3 type] 
Type domain.Socio is not enhanced.

[2025-05-11 13:44:52 #4 type] 
Type domain.Factura is not enhanced.

[2025-05-11 13:44:52 #5 type] 
Type domain.Reserva is not enhanced.

[2025-05-11 13:44:52 #6 type] 
Type domain.Sesion is not enhanced.

[2025-05-11 13:44:52 #7 type] 
Type domain.Actividades is not enhanced.

[2025-05-11 13:44:52 #8 type] 
Type domain.Sala is not enhanced.

------------------------------------------------------------------------------------------------------------------------

[2025-05-11 13:48:45 #1 store] 
Database 'C:\Users\maddi\git\KIROL4ALL\Rides24\src\main\resources\rides.temp' has been recovered (tr. 9-9)

[2025-05-11 13:48:46 #2 store] 
Database 'C:\Users\maddi\git\KIROL4ALL\Rides24\src\main\resources\rides.temp' is opened by 1056@DESKTOP-Q03EHD8

[2025-05-11 13:48:46 #3 type] 
Type domain.Socio is not enhanced.

[2025-05-11 13:48:46 #4 type] 
Type domain.Factura is not enhanced.

[2025-05-11 13:48:46 #5 type] 
Type domain.Reserva is not enhanced.

[2025-05-11 13:48:46 #6 type] 
Type domain.Sesion is not enhanced.

[2025-05-11 13:48:46 #7 type] 
Type domain.Actividades is not enhanced.

[2025-05-11 13:48:46 #8 type] 
Type domain.Sala is not enhanced.

------------------------------------------------------------------------------------------------------------------------

[2025-05-11 13:55:37 #1 store] 
Database 'C:\Users\maddi\git\KIROL4ALL\Rides24\src\main\resources\rides.temp' is opened by 15768@DESKTOP-Q03EHD8

[2025-05-11 13:55:37 #2 type] 
Type domain.Socio is not enhanced.

[2025-05-11 13:55:37 #3 type] 
Type domain.Factura is not enhanced.

[2025-05-11 13:55:37 #4 type] 
Type domain.Reserva is not enhanced.

[2025-05-11 13:55:37 #5 type] 
Type domain.Sesion is not enhanced.

[2025-05-11 13:55:37 #6 type] 
Type domain.Actividades is not enhanced.

[2025-05-11 13:55:37 #7 type] 
Type domain.Sala is not enhanced.

------------------------------------------------------------------------------------------------------------------------

[2025-05-11 14:06:06 #1 store] 
Database 'C:\Users\maddi\git\KIROL4ALL\Rides24\src\main\resources\rides.temp' is opened by 7232@DESKTOP-Q03EHD8

[2025-05-11 14:06:06 #2 type] 
Type domain.Socio is not enhanced.

[2025-05-11 14:06:06 #3 type] 
Type domain.Factura is not enhanced.

[2025-05-11 14:06:06 #4 type] 
Type domain.Reserva is not enhanced.

[2025-05-11 14:06:06 #5 type] 
Type domain.Sesion is not enhanced.

[2025-05-11 14:06:06 #6 type] 
Type domain.Actividades is not enhanced.

[2025-05-11 14:06:06 #7 type] 
Type domain.Sala is not enhanced.

------------------------------------------------------------------------------------------------------------------------

[2025-05-11 14:17:20 #1 store] 
Database 'C:\Users\maddi\git\KIROL4ALL\Rides24\src\main\resources\rides.temp' is opened by 14216@DESKTOP-Q03EHD8

[2025-05-11 14:17:20 #2 type] 
Type domain.Socio is not enhanced.

[2025-05-11 14:17:20 #3 type] 
Type domain.Factura is not enhanced.

[2025-05-11 14:17:20 #4 type] 
Type domain.Reserva is not enhanced.

[2025-05-11 14:17:20 #5 type] 
Type domain.Sesion is not enhanced.

[2025-05-11 14:17:20 #6 type] 
Type domain.Actividades is not enhanced.

[2025-05-11 14:17:20 #7 type] 
Type domain.Sala is not enhanced.

------------------------------------------------------------------------------------------------------------------------

[2025-05-11 14:17:56 #1 store] 
Database 'C:\Users\maddi\git\KIROL4ALL\Rides24\src\main\resources\rides.temp' is opened by 6280@DESKTOP-Q03EHD8

[2025-05-11 14:17:56 #2 type] 
Type domain.Socio is not enhanced.

[2025-05-11 14:17:56 #3 type] 
Type domain.Factura is not enhanced.

[2025-05-11 14:17:57 #4 type] 
Type domain.Reserva is not enhanced.

[2025-05-11 14:17:57 #5 type] 
Type domain.Sesion is not enhanced.

[2025-05-11 14:17:57 #6 type] 
Type domain.Actividades is not enhanced.

[2025-05-11 14:17:57 #7 type] 
Type domain.Sala is not enhanced.

------------------------------------------------------------------------------------------------------------------------

[2025-05-11 14:18:36 #1 store] 
Database 'C:\Users\maddi\git\KIROL4ALL\Rides24\src\main\resources\rides.temp' is opened by 13980@DESKTOP-Q03EHD8

[2025-05-11 14:18:36 #2 type] 
Type domain.Socio is not enhanced.

[2025-05-11 14:18:36 #3 type] 
Type domain.Factura is not enhanced.

[2025-05-11 14:18:36 #4 type] 
Type domain.Reserva is not enhanced.

[2025-05-11 14:18:36 #5 type] 
Type domain.Sesion is not enhanced.

[2025-05-11 14:18:36 #6 type] 
Type domain.Actividades is not enhanced.

[2025-05-11 14:18:36 #7 type] 
Type domain.Sala is not enhanced.

------------------------------------------------------------------------------------------------------------------------

[2025-05-11 14:18:59 #1 store] 
Database 'C:\Users\maddi\git\KIROL4ALL\Rides24\src\main\resources\rides.temp' is opened by 13276@DESKTOP-Q03EHD8

[2025-05-11 14:19:00 #2 type] 
Type domain.Socio is not enhanced.

[2025-05-11 14:19:00 #3 type] 
Type domain.Factura is not enhanced.

[2025-05-11 14:19:00 #4 type] 
Type domain.Reserva is not enhanced.

[2025-05-11 14:19:00 #5 type] 
Type domain.Sesion is not enhanced.

[2025-05-11 14:19:00 #6 type] 
Type domain.Actividades is not enhanced.

[2025-05-11 14:19:00 #7 type] 
Type domain.Sala is not enhanced.

