------------------------------------------------------------------------------------------------------------------------

[2025-05-10 12:56:09 #1 store] 
Database 'C:\Users\maddi\git\KIROL4ALL\Rides24\src\main\resources\rides.temp' is opened by 16860@DESKTOP-Q03EHD8

[2025-05-10 12:56:09 #2 type] 
Type domain.Socio is not enhanced.

[2025-05-10 12:56:09 #3 type] 
Type domain.Factura is not enhanced.

[2025-05-10 12:56:09 #4 type] 
Type domain.Reserva is not enhanced.

[2025-05-10 12:56:09 #5 type] 
Type domain.Sesion is not enhanced.

[2025-05-10 12:56:09 #6 type] 
Type domain.Actividades is not enhanced.

[2025-05-10 12:56:09 #7 type] 
Type domain.Sala is not enhanced.

------------------------------------------------------------------------------------------------------------------------

[2025-05-10 12:56:38 #1 store] 
Database 'C:\Users\maddi\git\KIROL4ALL\Rides24\src\main\resources\rides.temp' is opened by 12964@DESKTOP-Q03EHD8

[2025-05-10 12:56:38 #2 type] 
Type domain.Socio is not enhanced.

[2025-05-10 12:56:38 #3 type] 
Type domain.Factura is not enhanced.

[2025-05-10 12:56:38 #4 type] 
Type domain.Reserva is not enhanced.

[2025-05-10 12:56:38 #5 type] 
Type domain.Sesion is not enhanced.

[2025-05-10 12:56:38 #6 type] 
Type domain.Actividades is not enhanced.

[2025-05-10 12:56:38 #7 type] 
Type domain.Sala is not enhanced.

------------------------------------------------------------------------------------------------------------------------

[2025-05-10 13:00:34 #1 store] 
Database 'C:\Users\maddi\git\KIROL4ALL\Rides24\src\main\resources\rides.temp' is opened by 12324@DESKTOP-Q03EHD8

[2025-05-10 13:00:34 #2 type] 
Type domain.Socio is not enhanced.

[2025-05-10 13:00:34 #3 type] 
Type domain.Factura is not enhanced.

[2025-05-10 13:00:34 #4 type] 
Type domain.Reserva is not enhanced.

[2025-05-10 13:00:34 #5 type] 
Type domain.Sesion is not enhanced.

[2025-05-10 13:00:34 #6 type] 
Type domain.Actividades is not enhanced.

[2025-05-10 13:00:34 #7 type] 
Type domain.Sala is not enhanced.

------------------------------------------------------------------------------------------------------------------------

[2025-05-10 13:00:58 #1 store] 
Database 'C:\Users\maddi\git\KIROL4ALL\Rides24\src\main\resources\rides.temp' is opened by 18720@DESKTOP-Q03EHD8

[2025-05-10 13:00:58 #2 type] 
Type domain.Socio is not enhanced.

[2025-05-10 13:00:58 #3 type] 
Type domain.Factura is not enhanced.

[2025-05-10 13:00:58 #4 type] 
Type domain.Reserva is not enhanced.

[2025-05-10 13:00:58 #5 type] 
Type domain.Sesion is not enhanced.

[2025-05-10 13:00:58 #6 type] 
Type domain.Actividades is not enhanced.

[2025-05-10 13:00:58 #7 type] 
Type domain.Sala is not enhanced.

------------------------------------------------------------------------------------------------------------------------

[2025-05-10 13:01:16 #1 store] 
Database 'C:\Users\maddi\git\KIROL4ALL\Rides24\src\main\resources\rides.temp' is opened by 17652@DESKTOP-Q03EHD8

[2025-05-10 13:01:16 #2 type] 
Type domain.Socio is not enhanced.

[2025-05-10 13:01:16 #3 type] 
Type domain.Factura is not enhanced.

[2025-05-10 13:01:16 #4 type] 
Type domain.Reserva is not enhanced.

[2025-05-10 13:01:16 #5 type] 
Type domain.Sesion is not enhanced.

[2025-05-10 13:01:16 #6 type] 
Type domain.Actividades is not enhanced.

[2025-05-10 13:01:16 #7 type] 
Type domain.Sala is not enhanced.

------------------------------------------------------------------------------------------------------------------------

[2025-05-10 13:55:58 #1 store] 
Database 'C:\Users\maddi\git\KIROL4ALL\Rides24\src\main\resources\rides.temp' is opened by 12092@DESKTOP-Q03EHD8

[2025-05-10 13:55:59 #2 type] 
Type domain.Socio is not enhanced.

[2025-05-10 13:55:59 #3 type] 
Type domain.Factura is not enhanced.

[2025-05-10 13:55:59 #4 type] 
Type domain.Reserva is not enhanced.

[2025-05-10 13:55:59 #5 type] 
Type domain.Sesion is not enhanced.

[2025-05-10 13:55:59 #6 type] 
Type domain.Actividades is not enhanced.

[2025-05-10 13:55:59 #7 type] 
Type domain.Sala is not enhanced.

------------------------------------------------------------------------------------------------------------------------

[2025-05-10 13:56:27 #1 store] 
Database 'C:\Users\maddi\git\KIROL4ALL\Rides24\src\main\resources\rides.temp' is opened by 8260@DESKTOP-Q03EHD8

[2025-05-10 13:56:27 #2 type] 
Type domain.Socio is not enhanced.

[2025-05-10 13:56:27 #3 type] 
Type domain.Factura is not enhanced.

[2025-05-10 13:56:27 #4 type] 
Type domain.Reserva is not enhanced.

[2025-05-10 13:56:27 #5 type] 
Type domain.Sesion is not enhanced.

[2025-05-10 13:56:27 #6 type] 
Type domain.Actividades is not enhanced.

[2025-05-10 13:56:27 #7 type] 
Type domain.Sala is not enhanced.

------------------------------------------------------------------------------------------------------------------------

[2025-05-10 13:56:35 #1 store] 
Database 'C:\Users\maddi\git\KIROL4ALL\Rides24\src\main\resources\rides.temp' is opened by 9748@DESKTOP-Q03EHD8

[2025-05-10 13:56:35 #2 type] 
Type domain.Socio is not enhanced.

[2025-05-10 13:56:35 #3 type] 
Type domain.Factura is not enhanced.

[2025-05-10 13:56:35 #4 type] 
Type domain.Reserva is not enhanced.

[2025-05-10 13:56:35 #5 type] 
Type domain.Sesion is not enhanced.

[2025-05-10 13:56:35 #6 type] 
Type domain.Actividades is not enhanced.

[2025-05-10 13:56:35 #7 type] 
Type domain.Sala is not enhanced.

