------------------------------------------------------------------------------------------------------------------------

[2025-05-14 11:23:18 #1 store] 
Database 'C:\Users\maddi\git\KIROL4ALL\Rides24\src\main\resources\rides.temp' is opened by 19668@DESKTOP-Q03EHD8

[2025-05-14 11:23:18 #2 type] 
Type domain.Socio is not enhanced.

[2025-05-14 11:23:18 #3 type] 
Type domain.Factura is not enhanced.

[2025-05-14 11:23:18 #4 type] 
Type domain.Reserva is not enhanced.

[2025-05-14 11:23:18 #5 type] 
Type domain.Sesion is not enhanced.

[2025-05-14 11:23:18 #6 type] 
Type domain.Actividades is not enhanced.

[2025-05-14 11:23:18 #7 type] 
Type domain.Sala is not enhanced.

------------------------------------------------------------------------------------------------------------------------

[2025-05-14 11:28:29 #1 store] 
Database 'C:\Users\maddi\git\KIROL4ALL\Rides24\src\main\resources\rides.temp' is opened by 4016@DESKTOP-Q03EHD8

[2025-05-14 11:28:29 #2 type] 
Type domain.Socio is not enhanced.

[2025-05-14 11:28:29 #3 type] 
Type domain.Factura is not enhanced.

[2025-05-14 11:28:29 #4 type] 
Type domain.Reserva is not enhanced.

[2025-05-14 11:28:29 #5 type] 
Type domain.Sesion is not enhanced.

[2025-05-14 11:28:29 #6 type] 
Type domain.Actividades is not enhanced.

[2025-05-14 11:28:29 #7 type] 
Type domain.Sala is not enhanced.

------------------------------------------------------------------------------------------------------------------------

[2025-05-14 11:31:36 #1 store] 
Database 'C:\Users\maddi\git\KIROL4ALL\Rides24\src\main\resources\rides.temp' is opened by 17864@DESKTOP-Q03EHD8

[2025-05-14 11:31:36 #2 type.registry] 
New type domain.Socio

[2025-05-14 11:31:36 #3 type] 
Type domain.Socio is not enhanced.

[2025-05-14 11:31:36 #4 type.registry] 
New type domain.Factura

[2025-05-14 11:31:36 #5 type.registry] 
New type domain.Reserva

[2025-05-14 11:31:36 #6 type] 
Type domain.Factura is not enhanced.

[2025-05-14 11:31:36 #7 type] 
Type domain.Reserva is not enhanced.

[2025-05-14 11:31:36 #8 type.registry] 
New type domain.Sesion

[2025-05-14 11:31:36 #9 type] 
Type domain.Sesion is not enhanced.

[2025-05-14 11:31:36 #10 type.registry] 
New type domain.Actividades

[2025-05-14 11:31:36 #11 type.registry] 
New type domain.Sala

[2025-05-14 11:31:36 #12 type.registry] 
New type java.time.LocalTime

[2025-05-14 11:31:36 #13 type] 
Type domain.Actividades is not enhanced.

[2025-05-14 11:31:36 #14 type] 
Type domain.Sala is not enhanced.

[2025-05-14 11:31:36 #15 type.registry] 
New type java.util.Vector<java.lang.Object>

[2025-05-14 11:31:36 #16 type.registry] 
New type java.util.Vector<domain.Reserva>

[2025-05-14 11:31:36 #17 type.registry] 
New type java.util.Vector<domain.Factura>

------------------------------------------------------------------------------------------------------------------------

[2025-05-14 11:35:27 #1 store] 
Database 'C:\Users\maddi\git\KIROL4ALL\Rides24\src\main\resources\rides.temp' is opened by 9832@DESKTOP-Q03EHD8

[2025-05-14 11:35:27 #2 type.registry] 
New type domain.Socio

[2025-05-14 11:35:27 #3 type] 
Type domain.Socio is not enhanced.

[2025-05-14 11:35:27 #4 type.registry] 
New type domain.Factura

[2025-05-14 11:35:27 #5 type.registry] 
New type domain.Reserva

[2025-05-14 11:35:27 #6 type] 
Type domain.Factura is not enhanced.

[2025-05-14 11:35:27 #7 type] 
Type domain.Reserva is not enhanced.

[2025-05-14 11:35:27 #8 type.registry] 
New type domain.Sesion

[2025-05-14 11:35:27 #9 type] 
Type domain.Sesion is not enhanced.

[2025-05-14 11:35:27 #10 type.registry] 
New type domain.Actividades

[2025-05-14 11:35:27 #11 type.registry] 
New type domain.Sala

[2025-05-14 11:35:27 #12 type] 
Type domain.Actividades is not enhanced.

[2025-05-14 11:35:27 #13 type] 
Type domain.Sala is not enhanced.

[2025-05-14 11:35:27 #14 type.registry] 
New type java.util.Vector<java.lang.Object>

[2025-05-14 11:35:27 #15 type.registry] 
New type java.util.Vector<domain.Reserva>

[2025-05-14 11:35:27 #16 type.registry] 
New type java.util.Vector<domain.Factura>

[2025-05-14 11:35:27 #17 type.registry] 
New type java.util.Vector<domain.Socio>

[2025-05-14 11:35:27 #18 type.registry] 
New type java.util.Vector<domain.Sesion>

------------------------------------------------------------------------------------------------------------------------

[2025-05-14 11:48:02 #1 store] 
Database 'C:\Users\maddi\git\KIROL4ALL\Rides24\src\main\resources\rides.temp' is opened by 4648@DESKTOP-Q03EHD8

[2025-05-14 11:48:03 #2 type.registry] 
New type domain.Socio

[2025-05-14 11:48:03 #3 type] 
Type domain.Socio is not enhanced.

[2025-05-14 11:48:03 #4 type.registry] 
New type domain.Factura

[2025-05-14 11:48:03 #5 type.registry] 
New type domain.Reserva

[2025-05-14 11:48:03 #6 type] 
Type domain.Factura is not enhanced.

[2025-05-14 11:48:03 #7 type] 
Type domain.Reserva is not enhanced.

[2025-05-14 11:48:03 #8 type.registry] 
New type domain.Sesion

[2025-05-14 11:48:03 #9 type] 
Type domain.Sesion is not enhanced.

[2025-05-14 11:48:03 #10 type.registry] 
New type domain.Actividades

[2025-05-14 11:48:03 #11 type.registry] 
New type domain.Sala

[2025-05-14 11:48:03 #12 type] 
Type domain.Actividades is not enhanced.

[2025-05-14 11:48:03 #13 type] 
Type domain.Sala is not enhanced.

[2025-05-14 11:48:03 #14 type.registry] 
New type java.util.Vector<java.lang.Object>

[2025-05-14 11:48:03 #15 type.registry] 
New type java.util.Vector<domain.Reserva>

[2025-05-14 11:48:03 #16 type.registry] 
New type java.util.Vector<domain.Factura>

[2025-05-14 11:48:03 #17 type.registry] 
New type java.util.Vector<domain.Socio>

[2025-05-14 11:48:03 #18 type.registry] 
New type java.util.Vector<domain.Sesion>

------------------------------------------------------------------------------------------------------------------------

[2025-05-14 11:48:20 #1 store] 
Database 'C:\Users\maddi\git\KIROL4ALL\Rides24\src\main\resources\rides.temp' is opened by 12828@DESKTOP-Q03EHD8

[2025-05-14 11:48:20 #2 type.registry] 
New type domain.Socio

[2025-05-14 11:48:20 #3 type] 
Type domain.Socio is not enhanced.

[2025-05-14 11:48:20 #4 type.registry] 
New type domain.Factura

[2025-05-14 11:48:20 #5 type.registry] 
New type domain.Reserva

[2025-05-14 11:48:20 #6 type] 
Type domain.Factura is not enhanced.

[2025-05-14 11:48:20 #7 type] 
Type domain.Reserva is not enhanced.

[2025-05-14 11:48:20 #8 type.registry] 
New type domain.Sesion

[2025-05-14 11:48:20 #9 type] 
Type domain.Sesion is not enhanced.

[2025-05-14 11:48:20 #10 type.registry] 
New type domain.Actividades

[2025-05-14 11:48:20 #11 type.registry] 
New type domain.Sala

[2025-05-14 11:48:20 #12 type] 
Type domain.Actividades is not enhanced.

[2025-05-14 11:48:20 #13 type] 
Type domain.Sala is not enhanced.

[2025-05-14 11:48:21 #14 type.registry] 
New type java.util.Vector<java.lang.Object>

[2025-05-14 11:48:21 #15 type.registry] 
New type java.util.Vector<domain.Reserva>

[2025-05-14 11:48:21 #16 type.registry] 
New type java.util.Vector<domain.Factura>

[2025-05-14 11:48:21 #17 type.registry] 
New type java.util.Vector<domain.Socio>

[2025-05-14 11:48:21 #18 type.registry] 
New type java.util.Vector<domain.Sesion>

------------------------------------------------------------------------------------------------------------------------

[2025-05-14 11:48:40 #1 store] 
Database 'C:\Users\maddi\git\KIROL4ALL\Rides24\src\main\resources\rides.temp' is opened by 13084@DESKTOP-Q03EHD8

[2025-05-14 11:48:41 #2 type.registry] 
New type domain.Socio

[2025-05-14 11:48:41 #3 type] 
Type domain.Socio is not enhanced.

[2025-05-14 11:48:41 #4 type.registry] 
New type domain.Factura

[2025-05-14 11:48:41 #5 type.registry] 
New type domain.Reserva

[2025-05-14 11:48:41 #6 type] 
Type domain.Factura is not enhanced.

[2025-05-14 11:48:41 #7 type] 
Type domain.Reserva is not enhanced.

[2025-05-14 11:48:41 #8 type.registry] 
New type domain.Sesion

[2025-05-14 11:48:41 #9 type] 
Type domain.Sesion is not enhanced.

[2025-05-14 11:48:41 #10 type.registry] 
New type domain.Actividades

[2025-05-14 11:48:41 #11 type.registry] 
New type domain.Sala

[2025-05-14 11:48:41 #12 type] 
Type domain.Actividades is not enhanced.

[2025-05-14 11:48:41 #13 type] 
Type domain.Sala is not enhanced.

[2025-05-14 11:48:41 #14 type.registry] 
New type java.util.Vector<java.lang.Object>

[2025-05-14 11:48:41 #15 type.registry] 
New type java.util.Vector<domain.Reserva>

[2025-05-14 11:48:41 #16 type.registry] 
New type java.util.Vector<domain.Factura>

[2025-05-14 11:48:41 #17 type.registry] 
New type java.util.Vector<domain.Socio>

[2025-05-14 11:48:41 #18 type.registry] 
New type java.util.Vector<domain.Sesion>

------------------------------------------------------------------------------------------------------------------------

[2025-05-14 11:49:27 #1 store] 
Database 'C:\Users\maddi\git\KIROL4ALL\Rides24\src\main\resources\rides.temp' is opened by 6512@DESKTOP-Q03EHD8

[2025-05-14 11:49:27 #2 type.registry] 
New type domain.Socio

[2025-05-14 11:49:27 #3 type] 
Type domain.Socio is not enhanced.

[2025-05-14 11:49:27 #4 type.registry] 
New type domain.Factura

[2025-05-14 11:49:27 #5 type.registry] 
New type domain.Reserva

[2025-05-14 11:49:27 #6 type] 
Type domain.Factura is not enhanced.

[2025-05-14 11:49:27 #7 type] 
Type domain.Reserva is not enhanced.

[2025-05-14 11:49:27 #8 type.registry] 
New type domain.Sesion

[2025-05-14 11:49:27 #9 type] 
Type domain.Sesion is not enhanced.

[2025-05-14 11:49:27 #10 type.registry] 
New type domain.Actividades

[2025-05-14 11:49:27 #11 type.registry] 
New type domain.Sala

[2025-05-14 11:49:27 #12 type] 
Type domain.Actividades is not enhanced.

[2025-05-14 11:49:27 #13 type] 
Type domain.Sala is not enhanced.

[2025-05-14 11:49:27 #14 type.registry] 
New type java.util.Vector<java.lang.Object>

[2025-05-14 11:49:27 #15 type.registry] 
New type java.util.Vector<domain.Reserva>

[2025-05-14 11:49:27 #16 type.registry] 
New type java.util.Vector<domain.Factura>

[2025-05-14 11:49:27 #17 type.registry] 
New type java.util.Vector<domain.Socio>

[2025-05-14 11:49:27 #18 type.registry] 
New type java.util.Vector<domain.Sesion>

------------------------------------------------------------------------------------------------------------------------

[2025-05-14 11:50:27 #1 store] 
Database 'C:\Users\maddi\git\KIROL4ALL\Rides24\src\main\resources\rides.temp' is opened by 18616@DESKTOP-Q03EHD8

[2025-05-14 11:50:27 #2 type.registry] 
New type domain.Socio

[2025-05-14 11:50:27 #3 type] 
Type domain.Socio is not enhanced.

[2025-05-14 11:50:27 #4 type.registry] 
New type domain.Factura

[2025-05-14 11:50:27 #5 type.registry] 
New type domain.Reserva

[2025-05-14 11:50:27 #6 type] 
Type domain.Factura is not enhanced.

[2025-05-14 11:50:27 #7 type] 
Type domain.Reserva is not enhanced.

[2025-05-14 11:50:27 #8 type.registry] 
New type domain.Sesion

[2025-05-14 11:50:27 #9 type] 
Type domain.Sesion is not enhanced.

[2025-05-14 11:50:27 #10 type.registry] 
New type domain.Actividades

[2025-05-14 11:50:27 #11 type.registry] 
New type domain.Sala

[2025-05-14 11:50:27 #12 type] 
Type domain.Actividades is not enhanced.

[2025-05-14 11:50:27 #13 type] 
Type domain.Sala is not enhanced.

[2025-05-14 11:50:27 #14 type.registry] 
New type java.util.Vector<java.lang.Object>

[2025-05-14 11:50:27 #15 type.registry] 
New type java.util.Vector<domain.Reserva>

[2025-05-14 11:50:27 #16 type.registry] 
New type java.util.Vector<domain.Factura>

[2025-05-14 11:50:27 #17 type.registry] 
New type java.util.Vector<domain.Socio>

[2025-05-14 11:50:27 #18 type.registry] 
New type java.util.Vector<domain.Sesion>

------------------------------------------------------------------------------------------------------------------------

[2025-05-14 11:51:20 #1 store] 
Database 'C:\Users\maddi\git\KIROL4ALL\Rides24\src\main\resources\rides.temp' is opened by 13820@DESKTOP-Q03EHD8

[2025-05-14 11:51:20 #2 type.registry] 
New type domain.Socio

[2025-05-14 11:51:20 #3 type] 
Type domain.Socio is not enhanced.

[2025-05-14 11:51:20 #4 type.registry] 
New type domain.Factura

[2025-05-14 11:51:20 #5 type.registry] 
New type domain.Reserva

[2025-05-14 11:51:20 #6 type] 
Type domain.Factura is not enhanced.

[2025-05-14 11:51:20 #7 type] 
Type domain.Reserva is not enhanced.

[2025-05-14 11:51:20 #8 type.registry] 
New type domain.Sesion

[2025-05-14 11:51:20 #9 type] 
Type domain.Sesion is not enhanced.

[2025-05-14 11:51:20 #10 type.registry] 
New type domain.Actividades

[2025-05-14 11:51:20 #11 type.registry] 
New type domain.Sala

[2025-05-14 11:51:20 #12 type] 
Type domain.Actividades is not enhanced.

[2025-05-14 11:51:20 #13 type] 
Type domain.Sala is not enhanced.

[2025-05-14 11:51:20 #14 type.registry] 
New type java.util.Vector<java.lang.Object>

[2025-05-14 11:51:20 #15 type.registry] 
New type java.util.Vector<domain.Reserva>

[2025-05-14 11:51:20 #16 type.registry] 
New type java.util.Vector<domain.Factura>

[2025-05-14 11:51:20 #17 type.registry] 
New type java.util.Vector<domain.Socio>

[2025-05-14 11:51:20 #18 type.registry] 
New type java.util.Vector<domain.Sesion>

------------------------------------------------------------------------------------------------------------------------

[2025-05-14 12:06:25 #1 store] 
Database 'C:\Users\maddi\git\KIROL4ALL\Rides24\src\main\resources\rides.temp' is opened by 6744@DESKTOP-Q03EHD8

[2025-05-14 12:06:25 #2 type.registry] 
New type domain.Socio

[2025-05-14 12:06:25 #3 type] 
Type domain.Socio is not enhanced.

[2025-05-14 12:06:25 #4 type.registry] 
New type domain.Factura

[2025-05-14 12:06:25 #5 type.registry] 
New type domain.Reserva

[2025-05-14 12:06:25 #6 type] 
Type domain.Factura is not enhanced.

[2025-05-14 12:06:25 #7 type] 
Type domain.Reserva is not enhanced.

[2025-05-14 12:06:25 #8 type.registry] 
New type domain.Sesion

[2025-05-14 12:06:25 #9 type] 
Type domain.Sesion is not enhanced.

[2025-05-14 12:06:25 #10 type.registry] 
New type domain.Actividades

[2025-05-14 12:06:25 #11 type.registry] 
New type domain.Sala

[2025-05-14 12:06:25 #12 type] 
Type domain.Actividades is not enhanced.

[2025-05-14 12:06:25 #13 type] 
Type domain.Sala is not enhanced.

[2025-05-14 12:06:25 #14 type.registry] 
New type java.util.Vector<java.lang.Object>

[2025-05-14 12:06:25 #15 type.registry] 
New type java.util.Vector<domain.Reserva>

[2025-05-14 12:06:25 #16 type.registry] 
New type java.util.Vector<domain.Factura>

[2025-05-14 12:06:25 #17 type.registry] 
New type java.util.Vector<domain.Socio>

[2025-05-14 12:06:25 #18 type.registry] 
New type java.util.Vector<domain.Sesion>

------------------------------------------------------------------------------------------------------------------------

[2025-05-14 12:07:13 #1 store] 
Database 'C:\Users\maddi\git\KIROL4ALL\Rides24\src\main\resources\rides.temp' is opened by 13664@DESKTOP-Q03EHD8

[2025-05-14 12:07:13 #2 type.registry] 
New type domain.Socio

[2025-05-14 12:07:13 #3 type] 
Type domain.Socio is not enhanced.

[2025-05-14 12:07:13 #4 type.registry] 
New type domain.Factura

[2025-05-14 12:07:13 #5 type.registry] 
New type domain.Reserva

[2025-05-14 12:07:13 #6 type] 
Type domain.Factura is not enhanced.

[2025-05-14 12:07:13 #7 type] 
Type domain.Reserva is not enhanced.

[2025-05-14 12:07:13 #8 type.registry] 
New type domain.Sesion

[2025-05-14 12:07:13 #9 type] 
Type domain.Sesion is not enhanced.

[2025-05-14 12:07:13 #10 type.registry] 
New type domain.Actividades

[2025-05-14 12:07:13 #11 type.registry] 
New type domain.Sala

[2025-05-14 12:07:13 #12 type] 
Type domain.Actividades is not enhanced.

[2025-05-14 12:07:13 #13 type] 
Type domain.Sala is not enhanced.

[2025-05-14 12:07:13 #14 type.registry] 
New type java.util.Vector<java.lang.Object>

[2025-05-14 12:07:13 #15 type.registry] 
New type java.util.Vector<domain.Reserva>

[2025-05-14 12:07:13 #16 type.registry] 
New type java.util.Vector<domain.Factura>

[2025-05-14 12:07:13 #17 type.registry] 
New type java.util.Vector<domain.Socio>

[2025-05-14 12:07:13 #18 type.registry] 
New type java.util.Vector<domain.Sesion>

------------------------------------------------------------------------------------------------------------------------

[2025-05-14 12:08:20 #1 store] 
Database 'C:\Users\maddi\git\KIROL4ALL\Rides24\src\main\resources\rides.temp' is opened by 17120@DESKTOP-Q03EHD8

[2025-05-14 12:08:20 #2 type.registry] 
New type domain.Socio

[2025-05-14 12:08:20 #3 type] 
Type domain.Socio is not enhanced.

[2025-05-14 12:08:20 #4 type.registry] 
New type domain.Factura

[2025-05-14 12:08:20 #5 type.registry] 
New type domain.Reserva

[2025-05-14 12:08:20 #6 type] 
Type domain.Factura is not enhanced.

[2025-05-14 12:08:20 #7 type] 
Type domain.Reserva is not enhanced.

[2025-05-14 12:08:20 #8 type.registry] 
New type domain.Sesion

[2025-05-14 12:08:20 #9 type] 
Type domain.Sesion is not enhanced.

[2025-05-14 12:08:20 #10 type.registry] 
New type domain.Actividades

[2025-05-14 12:08:20 #11 type.registry] 
New type domain.Sala

[2025-05-14 12:08:20 #12 type] 
Type domain.Actividades is not enhanced.

[2025-05-14 12:08:20 #13 type] 
Type domain.Sala is not enhanced.

[2025-05-14 12:08:20 #14 type.registry] 
New type java.util.Vector<java.lang.Object>

[2025-05-14 12:08:20 #15 type.registry] 
New type java.util.Vector<domain.Reserva>

[2025-05-14 12:08:20 #16 type.registry] 
New type java.util.Vector<domain.Factura>

[2025-05-14 12:08:20 #17 type.registry] 
New type java.util.Vector<domain.Socio>

[2025-05-14 12:08:20 #18 type.registry] 
New type java.util.Vector<domain.Sesion>

------------------------------------------------------------------------------------------------------------------------

[2025-05-14 12:09:51 #1 store] 
Database 'C:\Users\maddi\git\KIROL4ALL\Rides24\src\main\resources\rides.temp' is opened by 10392@DESKTOP-Q03EHD8

[2025-05-14 12:09:52 #2 type.registry] 
New type domain.Socio

[2025-05-14 12:09:52 #3 type] 
Type domain.Socio is not enhanced.

[2025-05-14 12:09:52 #4 type.registry] 
New type domain.Factura

[2025-05-14 12:09:52 #5 type.registry] 
New type domain.Reserva

[2025-05-14 12:09:52 #6 type] 
Type domain.Factura is not enhanced.

[2025-05-14 12:09:52 #7 type] 
Type domain.Reserva is not enhanced.

[2025-05-14 12:09:52 #8 type.registry] 
New type domain.Sesion

[2025-05-14 12:09:52 #9 type] 
Type domain.Sesion is not enhanced.

[2025-05-14 12:09:52 #10 type.registry] 
New type domain.Actividades

[2025-05-14 12:09:52 #11 type.registry] 
New type domain.Sala

[2025-05-14 12:09:52 #12 type] 
Type domain.Actividades is not enhanced.

[2025-05-14 12:09:52 #13 type] 
Type domain.Sala is not enhanced.

[2025-05-14 12:09:52 #14 type.registry] 
New type java.util.Vector<java.lang.Object>

[2025-05-14 12:09:52 #15 type.registry] 
New type java.util.Vector<domain.Reserva>

[2025-05-14 12:09:52 #16 type.registry] 
New type java.util.Vector<domain.Factura>

[2025-05-14 12:09:52 #17 type.registry] 
New type java.util.Vector<domain.Socio>

[2025-05-14 12:09:52 #18 type.registry] 
New type java.util.Vector<domain.Sesion>

------------------------------------------------------------------------------------------------------------------------

[2025-05-14 12:54:08 #1 store] 
Database 'C:\Users\maddi\git\KIROL4ALL\Rides24\src\main\resources\rides.temp' is opened by 9304@DESKTOP-Q03EHD8

[2025-05-14 12:54:08 #2 type.registry] 
New type domain.Socio

[2025-05-14 12:54:08 #3 type] 
Type domain.Socio is not enhanced.

[2025-05-14 12:54:08 #4 type.registry] 
New type domain.Factura

[2025-05-14 12:54:08 #5 type.registry] 
New type domain.Reserva

[2025-05-14 12:54:08 #6 type] 
Type domain.Factura is not enhanced.

[2025-05-14 12:54:08 #7 type] 
Type domain.Reserva is not enhanced.

[2025-05-14 12:54:08 #8 type.registry] 
New type domain.Sesion

[2025-05-14 12:54:08 #9 type] 
Type domain.Sesion is not enhanced.

[2025-05-14 12:54:08 #10 type.registry] 
New type domain.Actividades

[2025-05-14 12:54:08 #11 type.registry] 
New type domain.Sala

[2025-05-14 12:54:08 #12 type] 
Type domain.Actividades is not enhanced.

[2025-05-14 12:54:08 #13 type] 
Type domain.Sala is not enhanced.

[2025-05-14 12:54:08 #14 type.registry] 
New type java.util.Vector<java.lang.Object>

[2025-05-14 12:54:08 #15 type.registry] 
New type java.util.Vector<domain.Reserva>

[2025-05-14 12:54:08 #16 type.registry] 
New type java.util.Vector<domain.Factura>

[2025-05-14 12:54:08 #17 type.registry] 
New type java.util.Vector<domain.Socio>

[2025-05-14 12:54:08 #18 type.registry] 
New type java.util.Vector<domain.Sesion>

------------------------------------------------------------------------------------------------------------------------

[2025-05-14 13:07:03 #1 store] 
Database 'C:\Users\maddi\git\KIROL4ALL\Rides24\src\main\resources\rides.temp' is opened by 12628@DESKTOP-Q03EHD8

[2025-05-14 13:07:03 #2 type.registry] 
New type domain.Socio

[2025-05-14 13:07:03 #3 type] 
Type domain.Socio is not enhanced.

[2025-05-14 13:07:03 #4 type.registry] 
New type domain.Factura

[2025-05-14 13:07:03 #5 type.registry] 
New type domain.Reserva

[2025-05-14 13:07:03 #6 type] 
Type domain.Factura is not enhanced.

[2025-05-14 13:07:03 #7 type] 
Type domain.Reserva is not enhanced.

[2025-05-14 13:07:03 #8 type.registry] 
New type domain.Sesion

[2025-05-14 13:07:03 #9 type] 
Type domain.Sesion is not enhanced.

[2025-05-14 13:07:03 #10 type.registry] 
New type domain.Actividades

[2025-05-14 13:07:03 #11 type.registry] 
New type domain.Sala

[2025-05-14 13:07:03 #12 type] 
Type domain.Actividades is not enhanced.

[2025-05-14 13:07:03 #13 type] 
Type domain.Sala is not enhanced.

[2025-05-14 13:07:04 #14 type.registry] 
New type java.util.Vector<java.lang.Object>

[2025-05-14 13:07:04 #15 type.registry] 
New type java.util.Vector<domain.Reserva>

[2025-05-14 13:07:04 #16 type.registry] 
New type java.util.Vector<domain.Factura>

[2025-05-14 13:07:04 #17 type.registry] 
New type java.util.Vector<domain.Socio>

[2025-05-14 13:07:04 #18 type.registry] 
New type java.util.Vector<domain.Sesion>

------------------------------------------------------------------------------------------------------------------------

[2025-05-14 13:07:39 #1 store] 
Database 'C:\Users\maddi\git\KIROL4ALL\Rides24\src\main\resources\rides.temp' is opened by 7912@DESKTOP-Q03EHD8

[2025-05-14 13:07:39 #2 type.registry] 
New type domain.Socio

[2025-05-14 13:07:39 #3 type] 
Type domain.Socio is not enhanced.

[2025-05-14 13:07:39 #4 type.registry] 
New type domain.Factura

[2025-05-14 13:07:39 #5 type.registry] 
New type domain.Reserva

[2025-05-14 13:07:39 #6 type] 
Type domain.Factura is not enhanced.

[2025-05-14 13:07:39 #7 type] 
Type domain.Reserva is not enhanced.

[2025-05-14 13:07:39 #8 type.registry] 
New type domain.Sesion

[2025-05-14 13:07:39 #9 type] 
Type domain.Sesion is not enhanced.

[2025-05-14 13:07:39 #10 type.registry] 
New type domain.Actividades

[2025-05-14 13:07:39 #11 type.registry] 
New type domain.Sala

[2025-05-14 13:07:39 #12 type] 
Type domain.Actividades is not enhanced.

[2025-05-14 13:07:39 #13 type] 
Type domain.Sala is not enhanced.

[2025-05-14 13:07:39 #14 type.registry] 
New type java.util.Vector<java.lang.Object>

[2025-05-14 13:07:39 #15 type.registry] 
New type java.util.Vector<domain.Reserva>

[2025-05-14 13:07:39 #16 type.registry] 
New type java.util.Vector<domain.Factura>

[2025-05-14 13:07:39 #17 type.registry] 
New type java.util.Vector<domain.Socio>

[2025-05-14 13:07:39 #18 type.registry] 
New type java.util.Vector<domain.Sesion>

------------------------------------------------------------------------------------------------------------------------

[2025-05-14 13:08:44 #1 store] 
Database 'C:\Users\maddi\git\KIROL4ALL\Rides24\src\main\resources\rides.temp' is opened by 13996@DESKTOP-Q03EHD8

[2025-05-14 13:08:44 #2 type.registry] 
New type domain.Socio

[2025-05-14 13:08:44 #3 type] 
Type domain.Socio is not enhanced.

[2025-05-14 13:08:44 #4 type.registry] 
New type domain.Factura

[2025-05-14 13:08:44 #5 type.registry] 
New type domain.Reserva

[2025-05-14 13:08:44 #6 type] 
Type domain.Factura is not enhanced.

[2025-05-14 13:08:44 #7 type] 
Type domain.Reserva is not enhanced.

[2025-05-14 13:08:44 #8 type.registry] 
New type domain.Sesion

[2025-05-14 13:08:44 #9 type] 
Type domain.Sesion is not enhanced.

[2025-05-14 13:08:44 #10 type.registry] 
New type domain.Actividades

[2025-05-14 13:08:44 #11 type.registry] 
New type domain.Sala

[2025-05-14 13:08:44 #12 type] 
Type domain.Actividades is not enhanced.

[2025-05-14 13:08:44 #13 type] 
Type domain.Sala is not enhanced.

[2025-05-14 13:08:44 #14 type.registry] 
New type java.util.Vector<java.lang.Object>

[2025-05-14 13:08:44 #15 type.registry] 
New type java.util.Vector<domain.Reserva>

[2025-05-14 13:08:44 #16 type.registry] 
New type java.util.Vector<domain.Factura>

[2025-05-14 13:08:44 #17 type.registry] 
New type java.util.Vector<domain.Socio>

[2025-05-14 13:08:44 #18 type.registry] 
New type java.util.Vector<domain.Sesion>

------------------------------------------------------------------------------------------------------------------------

[2025-05-14 13:09:26 #1 store] 
Database 'C:\Users\maddi\git\KIROL4ALL\Rides24\src\main\resources\rides.temp' is opened by 16420@DESKTOP-Q03EHD8

[2025-05-14 13:09:26 #2 type.registry] 
New type domain.Socio

[2025-05-14 13:09:26 #3 type] 
Type domain.Socio is not enhanced.

[2025-05-14 13:09:26 #4 type.registry] 
New type domain.Factura

[2025-05-14 13:09:26 #5 type.registry] 
New type domain.Reserva

[2025-05-14 13:09:26 #6 type] 
Type domain.Factura is not enhanced.

[2025-05-14 13:09:26 #7 type] 
Type domain.Reserva is not enhanced.

[2025-05-14 13:09:26 #8 type.registry] 
New type domain.Sesion

[2025-05-14 13:09:26 #9 type] 
Type domain.Sesion is not enhanced.

[2025-05-14 13:09:26 #10 type.registry] 
New type domain.Actividades

[2025-05-14 13:09:26 #11 type.registry] 
New type domain.Sala

[2025-05-14 13:09:26 #12 type] 
Type domain.Actividades is not enhanced.

[2025-05-14 13:09:26 #13 type] 
Type domain.Sala is not enhanced.

[2025-05-14 13:09:26 #14 type.registry] 
New type java.util.Vector<java.lang.Object>

[2025-05-14 13:09:26 #15 type.registry] 
New type java.util.Vector<domain.Reserva>

[2025-05-14 13:09:26 #16 type.registry] 
New type java.util.Vector<domain.Factura>

[2025-05-14 13:09:26 #17 type.registry] 
New type java.util.Vector<domain.Socio>

[2025-05-14 13:09:26 #18 type.registry] 
New type java.util.Vector<domain.Sesion>

------------------------------------------------------------------------------------------------------------------------

[2025-05-14 13:10:39 #1 store] 
Database 'C:\Users\maddi\git\KIROL4ALL\Rides24\src\main\resources\rides.temp' is opened by 6868@DESKTOP-Q03EHD8

[2025-05-14 13:10:39 #2 type.registry] 
New type domain.Socio

[2025-05-14 13:10:39 #3 type] 
Type domain.Socio is not enhanced.

[2025-05-14 13:10:39 #4 type.registry] 
New type domain.Factura

[2025-05-14 13:10:39 #5 type.registry] 
New type domain.Reserva

[2025-05-14 13:10:39 #6 type] 
Type domain.Factura is not enhanced.

[2025-05-14 13:10:39 #7 type] 
Type domain.Reserva is not enhanced.

[2025-05-14 13:10:39 #8 type.registry] 
New type domain.Sesion

[2025-05-14 13:10:39 #9 type] 
Type domain.Sesion is not enhanced.

[2025-05-14 13:10:39 #10 type.registry] 
New type domain.Actividades

[2025-05-14 13:10:39 #11 type.registry] 
New type domain.Sala

[2025-05-14 13:10:39 #12 type] 
Type domain.Actividades is not enhanced.

[2025-05-14 13:10:39 #13 type] 
Type domain.Sala is not enhanced.

[2025-05-14 13:10:39 #14 type.registry] 
New type java.util.Vector<java.lang.Object>

[2025-05-14 13:10:39 #15 type.registry] 
New type java.util.Vector<domain.Reserva>

[2025-05-14 13:10:39 #16 type.registry] 
New type java.util.Vector<domain.Factura>

[2025-05-14 13:10:39 #17 type.registry] 
New type java.util.Vector<domain.Socio>

[2025-05-14 13:10:39 #18 type.registry] 
New type java.util.Vector<domain.Sesion>

------------------------------------------------------------------------------------------------------------------------

[2025-05-14 13:11:11 #1 store] 
Database 'C:\Users\maddi\git\KIROL4ALL\Rides24\src\main\resources\rides.temp' is opened by 6348@DESKTOP-Q03EHD8

[2025-05-14 13:11:11 #2 type.registry] 
New type domain.Socio

[2025-05-14 13:11:11 #3 type] 
Type domain.Socio is not enhanced.

[2025-05-14 13:11:11 #4 type.registry] 
New type domain.Factura

[2025-05-14 13:11:11 #5 type.registry] 
New type domain.Reserva

[2025-05-14 13:11:11 #6 type] 
Type domain.Factura is not enhanced.

[2025-05-14 13:11:11 #7 type] 
Type domain.Reserva is not enhanced.

[2025-05-14 13:11:11 #8 type.registry] 
New type domain.Sesion

[2025-05-14 13:11:11 #9 type] 
Type domain.Sesion is not enhanced.

[2025-05-14 13:11:11 #10 type.registry] 
New type domain.Actividades

[2025-05-14 13:11:11 #11 type.registry] 
New type domain.Sala

[2025-05-14 13:11:11 #12 type] 
Type domain.Actividades is not enhanced.

[2025-05-14 13:11:11 #13 type] 
Type domain.Sala is not enhanced.

[2025-05-14 13:11:11 #14 type.registry] 
New type java.util.Vector<java.lang.Object>

[2025-05-14 13:11:11 #15 type.registry] 
New type java.util.Vector<domain.Reserva>

[2025-05-14 13:11:11 #16 type.registry] 
New type java.util.Vector<domain.Factura>

[2025-05-14 13:11:11 #17 type.registry] 
New type java.util.Vector<domain.Socio>

[2025-05-14 13:11:11 #18 type.registry] 
New type java.util.Vector<domain.Sesion>

------------------------------------------------------------------------------------------------------------------------

[2025-05-14 13:11:34 #1 store] 
Database 'C:\Users\maddi\git\KIROL4ALL\Rides24\src\main\resources\rides.temp' is opened by 2864@DESKTOP-Q03EHD8

[2025-05-14 13:11:34 #2 type.registry] 
New type domain.Socio

[2025-05-14 13:11:34 #3 type] 
Type domain.Socio is not enhanced.

[2025-05-14 13:11:34 #4 type.registry] 
New type domain.Factura

[2025-05-14 13:11:34 #5 type.registry] 
New type domain.Reserva

[2025-05-14 13:11:34 #6 type] 
Type domain.Factura is not enhanced.

[2025-05-14 13:11:34 #7 type] 
Type domain.Reserva is not enhanced.

[2025-05-14 13:11:34 #8 type.registry] 
New type domain.Sesion

[2025-05-14 13:11:34 #9 type] 
Type domain.Sesion is not enhanced.

[2025-05-14 13:11:34 #10 type.registry] 
New type domain.Actividades

[2025-05-14 13:11:34 #11 type.registry] 
New type domain.Sala

[2025-05-14 13:11:34 #12 type] 
Type domain.Actividades is not enhanced.

[2025-05-14 13:11:34 #13 type] 
Type domain.Sala is not enhanced.

[2025-05-14 13:11:34 #14 type.registry] 
New type java.util.Vector<java.lang.Object>

[2025-05-14 13:11:34 #15 type.registry] 
New type java.util.Vector<domain.Reserva>

[2025-05-14 13:11:34 #16 type.registry] 
New type java.util.Vector<domain.Factura>

[2025-05-14 13:11:34 #17 type.registry] 
New type java.util.Vector<domain.Socio>

[2025-05-14 13:11:34 #18 type.registry] 
New type java.util.Vector<domain.Sesion>

------------------------------------------------------------------------------------------------------------------------

[2025-05-14 13:14:53 #1 store] 
Database 'C:\Users\maddi\git\KIROL4ALL\Rides24\src\main\resources\rides.temp' is opened by 12352@DESKTOP-Q03EHD8

[2025-05-14 13:14:53 #2 type.registry] 
New type domain.Socio

[2025-05-14 13:14:53 #3 type] 
Type domain.Socio is not enhanced.

[2025-05-14 13:14:53 #4 type.registry] 
New type domain.Factura

[2025-05-14 13:14:53 #5 type.registry] 
New type domain.Reserva

[2025-05-14 13:14:53 #6 type] 
Type domain.Factura is not enhanced.

[2025-05-14 13:14:53 #7 type] 
Type domain.Reserva is not enhanced.

[2025-05-14 13:14:53 #8 type.registry] 
New type domain.Sesion

[2025-05-14 13:14:53 #9 type] 
Type domain.Sesion is not enhanced.

[2025-05-14 13:14:53 #10 type.registry] 
New type domain.Actividades

[2025-05-14 13:14:53 #11 type.registry] 
New type domain.Sala

[2025-05-14 13:14:53 #12 type] 
Type domain.Actividades is not enhanced.

[2025-05-14 13:14:53 #13 type] 
Type domain.Sala is not enhanced.

[2025-05-14 13:14:53 #14 type.registry] 
New type java.util.Vector<java.lang.Object>

[2025-05-14 13:14:53 #15 type.registry] 
New type java.util.Vector<domain.Reserva>

[2025-05-14 13:14:53 #16 type.registry] 
New type java.util.Vector<domain.Factura>

[2025-05-14 13:14:53 #17 type.registry] 
New type java.util.Vector<domain.Socio>

[2025-05-14 13:14:53 #18 type.registry] 
New type java.util.Vector<domain.Sesion>

------------------------------------------------------------------------------------------------------------------------

[2025-05-14 13:15:26 #1 store] 
Database 'C:\Users\maddi\git\KIROL4ALL\Rides24\src\main\resources\rides.temp' is opened by 5840@DESKTOP-Q03EHD8

[2025-05-14 13:15:26 #2 type.registry] 
New type domain.Socio

[2025-05-14 13:15:26 #3 type] 
Type domain.Socio is not enhanced.

[2025-05-14 13:15:26 #4 type.registry] 
New type domain.Factura

[2025-05-14 13:15:26 #5 type.registry] 
New type domain.Reserva

[2025-05-14 13:15:26 #6 type] 
Type domain.Factura is not enhanced.

[2025-05-14 13:15:26 #7 type] 
Type domain.Reserva is not enhanced.

[2025-05-14 13:15:26 #8 type.registry] 
New type domain.Sesion

[2025-05-14 13:15:26 #9 type] 
Type domain.Sesion is not enhanced.

[2025-05-14 13:15:26 #10 type.registry] 
New type domain.Actividades

[2025-05-14 13:15:26 #11 type.registry] 
New type domain.Sala

[2025-05-14 13:15:26 #12 type] 
Type domain.Actividades is not enhanced.

[2025-05-14 13:15:26 #13 type] 
Type domain.Sala is not enhanced.

[2025-05-14 13:15:26 #14 type.registry] 
New type java.util.Vector<java.lang.Object>

[2025-05-14 13:15:26 #15 type.registry] 
New type java.util.Vector<domain.Reserva>

[2025-05-14 13:15:26 #16 type.registry] 
New type java.util.Vector<domain.Factura>

[2025-05-14 13:15:26 #17 type.registry] 
New type java.util.Vector<domain.Socio>

[2025-05-14 13:15:26 #18 type.registry] 
New type java.util.Vector<domain.Sesion>

------------------------------------------------------------------------------------------------------------------------

[2025-05-14 13:16:20 #1 store] 
Database 'C:\Users\maddi\git\KIROL4ALL\Rides24\src\main\resources\rides.temp' is opened by 8132@DESKTOP-Q03EHD8

[2025-05-14 13:16:20 #2 type.registry] 
New type domain.Socio

[2025-05-14 13:16:20 #3 type] 
Type domain.Socio is not enhanced.

[2025-05-14 13:16:20 #4 type.registry] 
New type domain.Factura

[2025-05-14 13:16:20 #5 type.registry] 
New type domain.Reserva

[2025-05-14 13:16:20 #6 type] 
Type domain.Factura is not enhanced.

[2025-05-14 13:16:20 #7 type] 
Type domain.Reserva is not enhanced.

[2025-05-14 13:16:20 #8 type.registry] 
New type domain.Sesion

[2025-05-14 13:16:20 #9 type] 
Type domain.Sesion is not enhanced.

[2025-05-14 13:16:20 #10 type.registry] 
New type domain.Actividades

[2025-05-14 13:16:20 #11 type.registry] 
New type domain.Sala

[2025-05-14 13:16:20 #12 type] 
Type domain.Actividades is not enhanced.

[2025-05-14 13:16:20 #13 type] 
Type domain.Sala is not enhanced.

[2025-05-14 13:16:20 #14 type.registry] 
New type java.util.Vector<java.lang.Object>

[2025-05-14 13:16:20 #15 type.registry] 
New type java.util.Vector<domain.Reserva>

[2025-05-14 13:16:20 #16 type.registry] 
New type java.util.Vector<domain.Factura>

[2025-05-14 13:16:20 #17 type.registry] 
New type java.util.Vector<domain.Socio>

[2025-05-14 13:16:20 #18 type.registry] 
New type java.util.Vector<domain.Sesion>

------------------------------------------------------------------------------------------------------------------------

[2025-05-14 13:17:07 #1 store] 
Database 'C:\Users\maddi\git\KIROL4ALL\Rides24\src\main\resources\rides.temp' is opened by 14048@DESKTOP-Q03EHD8

[2025-05-14 13:17:07 #2 type.registry] 
New type domain.Socio

[2025-05-14 13:17:07 #3 type] 
Type domain.Socio is not enhanced.

[2025-05-14 13:17:07 #4 type.registry] 
New type domain.Factura

[2025-05-14 13:17:07 #5 type.registry] 
New type domain.Reserva

[2025-05-14 13:17:07 #6 type] 
Type domain.Factura is not enhanced.

[2025-05-14 13:17:07 #7 type] 
Type domain.Reserva is not enhanced.

[2025-05-14 13:17:07 #8 type.registry] 
New type domain.Sesion

[2025-05-14 13:17:07 #9 type] 
Type domain.Sesion is not enhanced.

[2025-05-14 13:17:07 #10 type.registry] 
New type domain.Actividades

[2025-05-14 13:17:07 #11 type.registry] 
New type domain.Sala

[2025-05-14 13:17:07 #12 type] 
Type domain.Actividades is not enhanced.

[2025-05-14 13:17:07 #13 type] 
Type domain.Sala is not enhanced.

[2025-05-14 13:17:07 #14 type.registry] 
New type java.util.Vector<java.lang.Object>

[2025-05-14 13:17:07 #15 type.registry] 
New type java.util.Vector<domain.Reserva>

[2025-05-14 13:17:07 #16 type.registry] 
New type java.util.Vector<domain.Factura>

[2025-05-14 13:17:07 #17 type.registry] 
New type java.util.Vector<domain.Socio>

[2025-05-14 13:17:07 #18 type.registry] 
New type java.util.Vector<domain.Sesion>

------------------------------------------------------------------------------------------------------------------------

[2025-05-14 13:17:57 #1 store] 
Database 'C:\Users\maddi\git\KIROL4ALL\Rides24\src\main\resources\rides.temp' is opened by 4340@DESKTOP-Q03EHD8

[2025-05-14 13:17:57 #2 type.registry] 
New type domain.Socio

[2025-05-14 13:17:57 #3 type] 
Type domain.Socio is not enhanced.

[2025-05-14 13:17:57 #4 type.registry] 
New type domain.Factura

[2025-05-14 13:17:57 #5 type.registry] 
New type domain.Reserva

[2025-05-14 13:17:57 #6 type] 
Type domain.Factura is not enhanced.

[2025-05-14 13:17:57 #7 type] 
Type domain.Reserva is not enhanced.

[2025-05-14 13:17:57 #8 type.registry] 
New type domain.Sesion

[2025-05-14 13:17:57 #9 type] 
Type domain.Sesion is not enhanced.

[2025-05-14 13:17:57 #10 type.registry] 
New type domain.Actividades

[2025-05-14 13:17:57 #11 type.registry] 
New type domain.Sala

[2025-05-14 13:17:57 #12 type] 
Type domain.Actividades is not enhanced.

[2025-05-14 13:17:57 #13 type] 
Type domain.Sala is not enhanced.

[2025-05-14 13:17:57 #14 type.registry] 
New type java.util.Vector<java.lang.Object>

[2025-05-14 13:17:57 #15 type.registry] 
New type java.util.Vector<domain.Reserva>

[2025-05-14 13:17:57 #16 type.registry] 
New type java.util.Vector<domain.Factura>

[2025-05-14 13:17:57 #17 type.registry] 
New type java.util.Vector<domain.Socio>

[2025-05-14 13:17:57 #18 type.registry] 
New type java.util.Vector<domain.Sesion>

------------------------------------------------------------------------------------------------------------------------

[2025-05-14 13:18:51 #1 store] 
Database 'C:\Users\maddi\git\KIROL4ALL\Rides24\src\main\resources\rides.temp' is opened by 9852@DESKTOP-Q03EHD8

[2025-05-14 13:18:51 #2 type.registry] 
New type domain.Socio

[2025-05-14 13:18:51 #3 type] 
Type domain.Socio is not enhanced.

[2025-05-14 13:18:51 #4 type.registry] 
New type domain.Factura

[2025-05-14 13:18:51 #5 type.registry] 
New type domain.Reserva

[2025-05-14 13:18:51 #6 type] 
Type domain.Factura is not enhanced.

[2025-05-14 13:18:51 #7 type] 
Type domain.Reserva is not enhanced.

[2025-05-14 13:18:51 #8 type.registry] 
New type domain.Sesion

[2025-05-14 13:18:51 #9 type] 
Type domain.Sesion is not enhanced.

[2025-05-14 13:18:51 #10 type.registry] 
New type domain.Actividades

[2025-05-14 13:18:51 #11 type.registry] 
New type domain.Sala

[2025-05-14 13:18:51 #12 type] 
Type domain.Actividades is not enhanced.

[2025-05-14 13:18:51 #13 type] 
Type domain.Sala is not enhanced.

[2025-05-14 13:18:51 #14 type.registry] 
New type java.util.Vector<java.lang.Object>

[2025-05-14 13:18:51 #15 type.registry] 
New type java.util.Vector<domain.Reserva>

[2025-05-14 13:18:51 #16 type.registry] 
New type java.util.Vector<domain.Factura>

[2025-05-14 13:18:51 #17 type.registry] 
New type java.util.Vector<domain.Socio>

[2025-05-14 13:18:51 #18 type.registry] 
New type java.util.Vector<domain.Sesion>

------------------------------------------------------------------------------------------------------------------------

[2025-05-14 13:20:15 #1 store] 
Database 'C:\Users\maddi\git\KIROL4ALL\Rides24\src\main\resources\rides.temp' is opened by 11748@DESKTOP-Q03EHD8

[2025-05-14 13:20:15 #2 type.registry] 
New type domain.Socio

[2025-05-14 13:20:15 #3 type] 
Type domain.Socio is not enhanced.

[2025-05-14 13:20:15 #4 type.registry] 
New type domain.Factura

[2025-05-14 13:20:15 #5 type.registry] 
New type domain.Reserva

[2025-05-14 13:20:15 #6 type] 
Type domain.Factura is not enhanced.

[2025-05-14 13:20:15 #7 type] 
Type domain.Reserva is not enhanced.

[2025-05-14 13:20:15 #8 type.registry] 
New type domain.Sesion

[2025-05-14 13:20:15 #9 type] 
Type domain.Sesion is not enhanced.

[2025-05-14 13:20:15 #10 type.registry] 
New type domain.Actividades

[2025-05-14 13:20:15 #11 type.registry] 
New type domain.Sala

[2025-05-14 13:20:15 #12 type] 
Type domain.Actividades is not enhanced.

[2025-05-14 13:20:15 #13 type] 
Type domain.Sala is not enhanced.

[2025-05-14 13:20:15 #14 type.registry] 
New type java.util.Vector<java.lang.Object>

[2025-05-14 13:20:15 #15 type.registry] 
New type java.util.Vector<domain.Reserva>

[2025-05-14 13:20:15 #16 type.registry] 
New type java.util.Vector<domain.Factura>

[2025-05-14 13:20:15 #17 type.registry] 
New type java.util.Vector<domain.Socio>

[2025-05-14 13:20:15 #18 type.registry] 
New type java.util.Vector<domain.Sesion>

------------------------------------------------------------------------------------------------------------------------

[2025-05-14 13:21:13 #1 store] 
Database 'C:\Users\maddi\git\KIROL4ALL\Rides24\src\main\resources\rides.temp' is opened by 1640@DESKTOP-Q03EHD8

[2025-05-14 13:21:14 #2 type.registry] 
New type domain.Socio

[2025-05-14 13:21:14 #3 type] 
Type domain.Socio is not enhanced.

[2025-05-14 13:21:14 #4 type.registry] 
New type domain.Factura

[2025-05-14 13:21:14 #5 type.registry] 
New type domain.Reserva

[2025-05-14 13:21:14 #6 type] 
Type domain.Factura is not enhanced.

[2025-05-14 13:21:14 #7 type] 
Type domain.Reserva is not enhanced.

[2025-05-14 13:21:14 #8 type.registry] 
New type domain.Sesion

[2025-05-14 13:21:14 #9 type] 
Type domain.Sesion is not enhanced.

[2025-05-14 13:21:14 #10 type.registry] 
New type domain.Actividades

[2025-05-14 13:21:14 #11 type.registry] 
New type domain.Sala

[2025-05-14 13:21:14 #12 type] 
Type domain.Actividades is not enhanced.

[2025-05-14 13:21:14 #13 type] 
Type domain.Sala is not enhanced.

[2025-05-14 13:21:14 #14 type.registry] 
New type java.util.Vector<java.lang.Object>

[2025-05-14 13:21:14 #15 type.registry] 
New type java.util.Vector<domain.Reserva>

[2025-05-14 13:21:14 #16 type.registry] 
New type java.util.Vector<domain.Factura>

[2025-05-14 13:21:14 #17 type.registry] 
New type java.util.Vector<domain.Socio>

[2025-05-14 13:21:14 #18 type.registry] 
New type java.util.Vector<domain.Sesion>

------------------------------------------------------------------------------------------------------------------------

[2025-05-14 13:22:02 #1 store] 
Database 'C:\Users\maddi\git\KIROL4ALL\Rides24\src\main\resources\rides.temp' is opened by 16492@DESKTOP-Q03EHD8

[2025-05-14 13:22:02 #2 type.registry] 
New type domain.Socio

[2025-05-14 13:22:02 #3 type] 
Type domain.Socio is not enhanced.

[2025-05-14 13:22:02 #4 type.registry] 
New type domain.Factura

[2025-05-14 13:22:02 #5 type.registry] 
New type domain.Reserva

[2025-05-14 13:22:02 #6 type] 
Type domain.Factura is not enhanced.

[2025-05-14 13:22:02 #7 type] 
Type domain.Reserva is not enhanced.

[2025-05-14 13:22:02 #8 type.registry] 
New type domain.Sesion

[2025-05-14 13:22:02 #9 type] 
Type domain.Sesion is not enhanced.

[2025-05-14 13:22:02 #10 type.registry] 
New type domain.Actividades

[2025-05-14 13:22:02 #11 type.registry] 
New type domain.Sala

[2025-05-14 13:22:02 #12 type] 
Type domain.Actividades is not enhanced.

[2025-05-14 13:22:02 #13 type] 
Type domain.Sala is not enhanced.

[2025-05-14 13:22:02 #14 type.registry] 
New type java.util.Vector<java.lang.Object>

[2025-05-14 13:22:02 #15 type.registry] 
New type java.util.Vector<domain.Reserva>

[2025-05-14 13:22:02 #16 type.registry] 
New type java.util.Vector<domain.Factura>

[2025-05-14 13:22:02 #17 type.registry] 
New type java.util.Vector<domain.Socio>

[2025-05-14 13:22:02 #18 type.registry] 
New type java.util.Vector<domain.Sesion>

