------------------------------------------------------------------------------------------------------------------------

[2025-05-15 12:45:30 #1 store] 
Database 'C:\Users\maddi\git\KIROL4ALL\Rides24\src\main\resources\rides.temp' is opened by 14980@DESKTOP-Q03EHD8

[2025-05-15 12:45:30 #2 type.registry] 
New type domain.Socio

[2025-05-15 12:45:30 #3 type] 
Type domain.Socio is not enhanced.

[2025-05-15 12:45:30 #4 type.registry] 
New type domain.Factura

[2025-05-15 12:45:30 #5 type.registry] 
New type domain.Reserva

[2025-05-15 12:45:30 #6 type] 
Type domain.Factura is not enhanced.

[2025-05-15 12:45:30 #7 type] 
Type domain.Reserva is not enhanced.

[2025-05-15 12:45:30 #8 type.registry] 
New type domain.Sesion

[2025-05-15 12:45:30 #9 type] 
Type domain.Sesion is not enhanced.

[2025-05-15 12:45:30 #10 type.registry] 
New type domain.Actividades

[2025-05-15 12:45:30 #11 type.registry] 
New type domain.Sala

[2025-05-15 12:45:30 #12 type] 
Type domain.Actividades is not enhanced.

[2025-05-15 12:45:30 #13 type] 
Type domain.Sala is not enhanced.

[2025-05-15 12:45:30 #14 type.registry] 
New type java.util.Vector<java.lang.Object>

[2025-05-15 12:45:30 #15 type.registry] 
New type java.util.Vector<domain.Reserva>

[2025-05-15 12:45:30 #16 type.registry] 
New type java.util.Vector<domain.Factura>

[2025-05-15 12:45:30 #17 type.registry] 
New type java.util.Vector<domain.Socio>

[2025-05-15 12:45:30 #18 type.registry] 
New type java.util.Vector<domain.Sesion>

------------------------------------------------------------------------------------------------------------------------

[2025-05-15 12:46:16 #1 store] 
Database 'C:\Users\maddi\git\KIROL4ALL\Rides24\src\main\resources\rides.temp' is opened by 656@DESKTOP-Q03EHD8

[2025-05-15 12:46:16 #2 type.registry] 
New type domain.Socio

[2025-05-15 12:46:16 #3 type] 
Type domain.Socio is not enhanced.

[2025-05-15 12:46:16 #4 type.registry] 
New type domain.Factura

[2025-05-15 12:46:16 #5 type.registry] 
New type domain.Reserva

[2025-05-15 12:46:16 #6 type] 
Type domain.Factura is not enhanced.

[2025-05-15 12:46:16 #7 type] 
Type domain.Reserva is not enhanced.

[2025-05-15 12:46:16 #8 type.registry] 
New type domain.Sesion

[2025-05-15 12:46:16 #9 type] 
Type domain.Sesion is not enhanced.

[2025-05-15 12:46:16 #10 type.registry] 
New type domain.Actividades

[2025-05-15 12:46:16 #11 type.registry] 
New type domain.Sala

[2025-05-15 12:46:16 #12 type] 
Type domain.Actividades is not enhanced.

[2025-05-15 12:46:16 #13 type] 
Type domain.Sala is not enhanced.

[2025-05-15 12:46:16 #14 type.registry] 
New type java.util.Vector<java.lang.Object>

[2025-05-15 12:46:16 #15 type.registry] 
New type java.util.Vector<domain.Reserva>

[2025-05-15 12:46:16 #16 type.registry] 
New type java.util.Vector<domain.Factura>

[2025-05-15 12:46:16 #17 type.registry] 
New type java.util.Vector<domain.Socio>

[2025-05-15 12:46:16 #18 type.registry] 
New type java.util.Vector<domain.Sesion>

------------------------------------------------------------------------------------------------------------------------

[2025-05-15 12:46:58 #1 store] 
Database 'C:\Users\maddi\git\KIROL4ALL\Rides24\src\main\resources\rides.temp' is opened by 17604@DESKTOP-Q03EHD8

[2025-05-15 12:46:58 #2 type.registry] 
New type domain.Socio

[2025-05-15 12:46:58 #3 type] 
Type domain.Socio is not enhanced.

[2025-05-15 12:46:58 #4 type.registry] 
New type domain.Factura

[2025-05-15 12:46:58 #5 type.registry] 
New type domain.Reserva

[2025-05-15 12:46:58 #6 type] 
Type domain.Factura is not enhanced.

[2025-05-15 12:46:58 #7 type] 
Type domain.Reserva is not enhanced.

[2025-05-15 12:46:58 #8 type.registry] 
New type domain.Sesion

[2025-05-15 12:46:58 #9 type] 
Type domain.Sesion is not enhanced.

[2025-05-15 12:46:58 #10 type.registry] 
New type domain.Actividades

[2025-05-15 12:46:58 #11 type.registry] 
New type domain.Sala

[2025-05-15 12:46:58 #12 type] 
Type domain.Actividades is not enhanced.

[2025-05-15 12:46:58 #13 type] 
Type domain.Sala is not enhanced.

[2025-05-15 12:46:58 #14 type.registry] 
New type java.util.Vector<java.lang.Object>

[2025-05-15 12:46:58 #15 type.registry] 
New type java.util.Vector<domain.Reserva>

[2025-05-15 12:46:58 #16 type.registry] 
New type java.util.Vector<domain.Factura>

[2025-05-15 12:46:58 #17 type.registry] 
New type java.util.Vector<domain.Socio>

[2025-05-15 12:46:58 #18 type.registry] 
New type java.util.Vector<domain.Sesion>

------------------------------------------------------------------------------------------------------------------------

[2025-05-15 12:47:55 #1 store] 
Database 'C:\Users\maddi\git\KIROL4ALL\Rides24\src\main\resources\rides.temp' is opened by 6024@DESKTOP-Q03EHD8

[2025-05-15 12:47:56 #2 type.registry] 
New type domain.Socio

[2025-05-15 12:47:56 #3 type] 
Type domain.Socio is not enhanced.

[2025-05-15 12:47:56 #4 type.registry] 
New type domain.Factura

[2025-05-15 12:47:56 #5 type.registry] 
New type domain.Reserva

[2025-05-15 12:47:56 #6 type] 
Type domain.Factura is not enhanced.

[2025-05-15 12:47:56 #7 type] 
Type domain.Reserva is not enhanced.

[2025-05-15 12:47:56 #8 type.registry] 
New type domain.Sesion

[2025-05-15 12:47:56 #9 type] 
Type domain.Sesion is not enhanced.

[2025-05-15 12:47:56 #10 type.registry] 
New type domain.Actividades

[2025-05-15 12:47:56 #11 type.registry] 
New type domain.Sala

[2025-05-15 12:47:56 #12 type] 
Type domain.Actividades is not enhanced.

[2025-05-15 12:47:56 #13 type] 
Type domain.Sala is not enhanced.

[2025-05-15 12:47:56 #14 type.registry] 
New type java.util.Vector<java.lang.Object>

[2025-05-15 12:47:56 #15 type.registry] 
New type java.util.Vector<domain.Reserva>

[2025-05-15 12:47:56 #16 type.registry] 
New type java.util.Vector<domain.Factura>

[2025-05-15 12:47:56 #17 type.registry] 
New type java.util.Vector<domain.Socio>

[2025-05-15 12:47:56 #18 type.registry] 
New type java.util.Vector<domain.Sesion>

------------------------------------------------------------------------------------------------------------------------

[2025-05-15 12:49:23 #1 store] 
Database 'C:\Users\maddi\git\KIROL4ALL\Rides24\src\main\resources\rides.temp' is opened by 6380@DESKTOP-Q03EHD8

[2025-05-15 12:49:23 #2 type.registry] 
New type domain.Socio

[2025-05-15 12:49:23 #3 type] 
Type domain.Socio is not enhanced.

[2025-05-15 12:49:23 #4 type.registry] 
New type domain.Factura

[2025-05-15 12:49:23 #5 type.registry] 
New type domain.Reserva

[2025-05-15 12:49:23 #6 type] 
Type domain.Factura is not enhanced.

[2025-05-15 12:49:23 #7 type] 
Type domain.Reserva is not enhanced.

[2025-05-15 12:49:23 #8 type.registry] 
New type domain.Sesion

[2025-05-15 12:49:23 #9 type] 
Type domain.Sesion is not enhanced.

[2025-05-15 12:49:23 #10 type.registry] 
New type domain.Actividades

[2025-05-15 12:49:23 #11 type.registry] 
New type domain.Sala

[2025-05-15 12:49:23 #12 type] 
Type domain.Actividades is not enhanced.

[2025-05-15 12:49:23 #13 type] 
Type domain.Sala is not enhanced.

[2025-05-15 12:49:23 #14 type.registry] 
New type java.util.Vector<java.lang.Object>

[2025-05-15 12:49:23 #15 type.registry] 
New type java.util.Vector<domain.Reserva>

[2025-05-15 12:49:23 #16 type.registry] 
New type java.util.Vector<domain.Factura>

[2025-05-15 12:49:23 #17 type.registry] 
New type java.util.Vector<domain.Socio>

[2025-05-15 12:49:23 #18 type.registry] 
New type java.util.Vector<domain.Sesion>

------------------------------------------------------------------------------------------------------------------------

[2025-05-15 12:50:15 #1 store] 
Database 'C:\Users\maddi\git\KIROL4ALL\Rides24\src\main\resources\rides.temp' is opened by 17736@DESKTOP-Q03EHD8

[2025-05-15 12:50:15 #2 type.registry] 
New type domain.Socio

[2025-05-15 12:50:15 #3 type] 
Type domain.Socio is not enhanced.

[2025-05-15 12:50:15 #4 type.registry] 
New type domain.Factura

[2025-05-15 12:50:15 #5 type.registry] 
New type domain.Reserva

[2025-05-15 12:50:15 #6 type] 
Type domain.Factura is not enhanced.

[2025-05-15 12:50:15 #7 type] 
Type domain.Reserva is not enhanced.

[2025-05-15 12:50:15 #8 type.registry] 
New type domain.Sesion

[2025-05-15 12:50:15 #9 type] 
Type domain.Sesion is not enhanced.

[2025-05-15 12:50:15 #10 type.registry] 
New type domain.Actividades

[2025-05-15 12:50:15 #11 type.registry] 
New type domain.Sala

[2025-05-15 12:50:15 #12 type] 
Type domain.Actividades is not enhanced.

[2025-05-15 12:50:15 #13 type] 
Type domain.Sala is not enhanced.

[2025-05-15 12:50:15 #14 type.registry] 
New type java.util.Vector<java.lang.Object>

[2025-05-15 12:50:15 #15 type.registry] 
New type java.util.Vector<domain.Reserva>

[2025-05-15 12:50:15 #16 type.registry] 
New type java.util.Vector<domain.Factura>

[2025-05-15 12:50:15 #17 type.registry] 
New type java.util.Vector<domain.Socio>

[2025-05-15 12:50:15 #18 type.registry] 
New type java.util.Vector<domain.Sesion>

------------------------------------------------------------------------------------------------------------------------

[2025-05-15 12:50:46 #1 store] 
Database 'C:\Users\maddi\git\KIROL4ALL\Rides24\src\main\resources\rides.temp' is opened by 7272@DESKTOP-Q03EHD8

[2025-05-15 12:50:46 #2 type.registry] 
New type domain.Socio

[2025-05-15 12:50:46 #3 type] 
Type domain.Socio is not enhanced.

[2025-05-15 12:50:46 #4 type.registry] 
New type domain.Factura

[2025-05-15 12:50:46 #5 type.registry] 
New type domain.Reserva

[2025-05-15 12:50:46 #6 type] 
Type domain.Factura is not enhanced.

[2025-05-15 12:50:46 #7 type] 
Type domain.Reserva is not enhanced.

[2025-05-15 12:50:46 #8 type.registry] 
New type domain.Sesion

[2025-05-15 12:50:46 #9 type] 
Type domain.Sesion is not enhanced.

[2025-05-15 12:50:46 #10 type.registry] 
New type domain.Actividades

[2025-05-15 12:50:46 #11 type.registry] 
New type domain.Sala

[2025-05-15 12:50:46 #12 type] 
Type domain.Actividades is not enhanced.

[2025-05-15 12:50:46 #13 type] 
Type domain.Sala is not enhanced.

[2025-05-15 12:50:46 #14 type.registry] 
New type java.util.Vector<java.lang.Object>

[2025-05-15 12:50:46 #15 type.registry] 
New type java.util.Vector<domain.Reserva>

[2025-05-15 12:50:46 #16 type.registry] 
New type java.util.Vector<domain.Factura>

[2025-05-15 12:50:46 #17 type.registry] 
New type java.util.Vector<domain.Socio>

[2025-05-15 12:50:46 #18 type.registry] 
New type java.util.Vector<domain.Sesion>

------------------------------------------------------------------------------------------------------------------------

[2025-05-15 12:54:09 #1 store] 
Database 'C:\Users\maddi\git\KIROL4ALL\Rides24\src\main\resources\rides.temp' is opened by 4776@DESKTOP-Q03EHD8

[2025-05-15 12:54:10 #2 type.registry] 
New type domain.Socio

[2025-05-15 12:54:10 #3 type] 
Type domain.Socio is not enhanced.

[2025-05-15 12:54:10 #4 type.registry] 
New type domain.Factura

[2025-05-15 12:54:10 #5 type.registry] 
New type domain.Reserva

[2025-05-15 12:54:10 #6 type] 
Type domain.Factura is not enhanced.

[2025-05-15 12:54:10 #7 type] 
Type domain.Reserva is not enhanced.

[2025-05-15 12:54:10 #8 type.registry] 
New type domain.Sesion

[2025-05-15 12:54:10 #9 type] 
Type domain.Sesion is not enhanced.

[2025-05-15 12:54:10 #10 type.registry] 
New type domain.Actividades

[2025-05-15 12:54:10 #11 type.registry] 
New type domain.Sala

[2025-05-15 12:54:10 #12 type] 
Type domain.Actividades is not enhanced.

[2025-05-15 12:54:10 #13 type] 
Type domain.Sala is not enhanced.

[2025-05-15 12:54:10 #14 type.registry] 
New type java.util.Vector<java.lang.Object>

[2025-05-15 12:54:10 #15 type.registry] 
New type java.util.Vector<domain.Reserva>

[2025-05-15 12:54:10 #16 type.registry] 
New type java.util.Vector<domain.Factura>

[2025-05-15 12:54:10 #17 type.registry] 
New type java.util.Vector<domain.Socio>

[2025-05-15 12:54:10 #18 type.registry] 
New type java.util.Vector<domain.Sesion>

------------------------------------------------------------------------------------------------------------------------

[2025-05-15 12:56:38 #1 store] 
Database 'C:\Users\maddi\git\KIROL4ALL\Rides24\src\main\resources\rides.temp' is opened by 6700@DESKTOP-Q03EHD8

[2025-05-15 12:56:38 #2 type.registry] 
New type domain.Socio

[2025-05-15 12:56:38 #3 type] 
Type domain.Socio is not enhanced.

[2025-05-15 12:56:38 #4 type.registry] 
New type domain.Factura

[2025-05-15 12:56:38 #5 type.registry] 
New type domain.Reserva

[2025-05-15 12:56:38 #6 type] 
Type domain.Factura is not enhanced.

[2025-05-15 12:56:38 #7 type] 
Type domain.Reserva is not enhanced.

[2025-05-15 12:56:38 #8 type.registry] 
New type domain.Sesion

[2025-05-15 12:56:38 #9 type] 
Type domain.Sesion is not enhanced.

[2025-05-15 12:56:38 #10 type.registry] 
New type domain.Actividades

[2025-05-15 12:56:38 #11 type.registry] 
New type domain.Sala

[2025-05-15 12:56:38 #12 type] 
Type domain.Actividades is not enhanced.

[2025-05-15 12:56:38 #13 type] 
Type domain.Sala is not enhanced.

[2025-05-15 12:56:38 #14 type.registry] 
New type java.util.Vector<java.lang.Object>

[2025-05-15 12:56:38 #15 type.registry] 
New type java.util.Vector<domain.Reserva>

[2025-05-15 12:56:38 #16 type.registry] 
New type java.util.Vector<domain.Factura>

[2025-05-15 12:56:38 #17 type.registry] 
New type java.util.Vector<domain.Socio>

[2025-05-15 12:56:38 #18 type.registry] 
New type java.util.Vector<domain.Sesion>

------------------------------------------------------------------------------------------------------------------------

[2025-05-15 12:57:05 #1 store] 
Database 'C:\Users\maddi\git\KIROL4ALL\Rides24\src\main\resources\rides.temp' is opened by 14876@DESKTOP-Q03EHD8

[2025-05-15 12:57:06 #2 type.registry] 
New type domain.Socio

[2025-05-15 12:57:06 #3 type] 
Type domain.Socio is not enhanced.

[2025-05-15 12:57:06 #4 type.registry] 
New type domain.Factura

[2025-05-15 12:57:06 #5 type.registry] 
New type domain.Reserva

[2025-05-15 12:57:06 #6 type] 
Type domain.Factura is not enhanced.

[2025-05-15 12:57:06 #7 type] 
Type domain.Reserva is not enhanced.

[2025-05-15 12:57:06 #8 type.registry] 
New type domain.Sesion

[2025-05-15 12:57:06 #9 type] 
Type domain.Sesion is not enhanced.

[2025-05-15 12:57:06 #10 type.registry] 
New type domain.Actividades

[2025-05-15 12:57:06 #11 type.registry] 
New type domain.Sala

[2025-05-15 12:57:06 #12 type] 
Type domain.Actividades is not enhanced.

[2025-05-15 12:57:06 #13 type] 
Type domain.Sala is not enhanced.

[2025-05-15 12:57:06 #14 type.registry] 
New type java.util.Vector<java.lang.Object>

[2025-05-15 12:57:06 #15 type.registry] 
New type java.util.Vector<domain.Reserva>

[2025-05-15 12:57:06 #16 type.registry] 
New type java.util.Vector<domain.Factura>

[2025-05-15 12:57:06 #17 type.registry] 
New type java.util.Vector<domain.Socio>

[2025-05-15 12:57:06 #18 type.registry] 
New type java.util.Vector<domain.Sesion>

------------------------------------------------------------------------------------------------------------------------

[2025-05-15 13:00:17 #1 store] 
Database 'C:\Users\maddi\git\KIROL4ALL\Rides24\src\main\resources\rides.temp' is opened by 12584@DESKTOP-Q03EHD8

[2025-05-15 13:00:18 #2 type.registry] 
New type domain.Socio

[2025-05-15 13:00:18 #3 type] 
Type domain.Socio is not enhanced.

[2025-05-15 13:00:18 #4 type.registry] 
New type domain.Factura

[2025-05-15 13:00:18 #5 type.registry] 
New type domain.Reserva

[2025-05-15 13:00:18 #6 type] 
Type domain.Factura is not enhanced.

[2025-05-15 13:00:18 #7 type] 
Type domain.Reserva is not enhanced.

[2025-05-15 13:00:18 #8 type.registry] 
New type domain.Sesion

[2025-05-15 13:00:18 #9 type] 
Type domain.Sesion is not enhanced.

[2025-05-15 13:00:18 #10 type.registry] 
New type domain.Actividades

[2025-05-15 13:00:18 #11 type.registry] 
New type domain.Sala

[2025-05-15 13:00:18 #12 type] 
Type domain.Actividades is not enhanced.

[2025-05-15 13:00:18 #13 type] 
Type domain.Sala is not enhanced.

[2025-05-15 13:00:18 #14 type.registry] 
New type java.util.Vector<java.lang.Object>

[2025-05-15 13:00:18 #15 type.registry] 
New type java.util.Vector<domain.Reserva>

[2025-05-15 13:00:18 #16 type.registry] 
New type java.util.Vector<domain.Factura>

[2025-05-15 13:00:18 #17 type.registry] 
New type java.util.Vector<domain.Socio>

[2025-05-15 13:00:18 #18 type.registry] 
New type java.util.Vector<domain.Sesion>

[2025-05-15 13:00:19 #19 type.registry] 
New type java.util.ArrayList<java.lang.Object>

[2025-05-15 13:00:19 #20 type.registry] 
New type java.util.ArrayList<domain.Sesion>

[2025-05-15 13:00:19 #21 type.registry] 
New type com.objectdb.o.LMT

[2025-05-15 13:00:19 #22 type.registry] 
New type com.objectdb.o.VAL

[2025-05-15 13:00:19 #23 type.registry] 
New type com.objectdb.o.RFV

------------------------------------------------------------------------------------------------------------------------

[2025-05-15 13:05:14 #1 store] 
Database 'C:\Users\maddi\git\KIROL4ALL\Rides24\src\main\resources\rides.temp' is opened by 14952@DESKTOP-Q03EHD8

[2025-05-15 13:05:15 #2 type.registry] 
New type domain.Socio

[2025-05-15 13:05:15 #3 type] 
Type domain.Socio is not enhanced.

[2025-05-15 13:05:15 #4 type.registry] 
New type domain.Factura

[2025-05-15 13:05:15 #5 type.registry] 
New type domain.Reserva

[2025-05-15 13:05:15 #6 type] 
Type domain.Factura is not enhanced.

[2025-05-15 13:05:15 #7 type] 
Type domain.Reserva is not enhanced.

[2025-05-15 13:05:15 #8 type.registry] 
New type domain.Sesion

[2025-05-15 13:05:15 #9 type] 
Type domain.Sesion is not enhanced.

[2025-05-15 13:05:15 #10 type.registry] 
New type domain.Actividades

[2025-05-15 13:05:15 #11 type.registry] 
New type domain.Sala

[2025-05-15 13:05:15 #12 type] 
Type domain.Actividades is not enhanced.

[2025-05-15 13:05:15 #13 type] 
Type domain.Sala is not enhanced.

[2025-05-15 13:05:15 #14 type.registry] 
New type java.util.Vector<java.lang.Object>

[2025-05-15 13:05:15 #15 type.registry] 
New type java.util.Vector<domain.Reserva>

[2025-05-15 13:05:15 #16 type.registry] 
New type java.util.Vector<domain.Factura>

[2025-05-15 13:05:15 #17 type.registry] 
New type java.util.Vector<domain.Socio>

[2025-05-15 13:05:15 #18 type.registry] 
New type java.util.Vector<domain.Sesion>

[2025-05-15 13:05:15 #19 type.registry] 
New type java.util.ArrayList<java.lang.Object>

[2025-05-15 13:05:15 #20 type.registry] 
New type java.util.ArrayList<domain.Sesion>

[2025-05-15 13:05:15 #21 type.registry] 
New type com.objectdb.o.LMT

[2025-05-15 13:05:15 #22 type.registry] 
New type com.objectdb.o.VAL

[2025-05-15 13:05:15 #23 type.registry] 
New type com.objectdb.o.RFV

------------------------------------------------------------------------------------------------------------------------

[2025-05-15 13:06:00 #1 store] 
Database 'C:\Users\maddi\git\KIROL4ALL\Rides24\src\main\resources\rides.temp' is opened by 15128@DESKTOP-Q03EHD8

[2025-05-15 13:06:00 #2 type.registry] 
New type domain.Socio

[2025-05-15 13:06:00 #3 type] 
Type domain.Socio is not enhanced.

[2025-05-15 13:06:00 #4 type.registry] 
New type domain.Factura

[2025-05-15 13:06:00 #5 type.registry] 
New type domain.Reserva

[2025-05-15 13:06:00 #6 type] 
Type domain.Factura is not enhanced.

[2025-05-15 13:06:00 #7 type] 
Type domain.Reserva is not enhanced.

[2025-05-15 13:06:00 #8 type.registry] 
New type domain.Sesion

[2025-05-15 13:06:00 #9 type] 
Type domain.Sesion is not enhanced.

[2025-05-15 13:06:00 #10 type.registry] 
New type domain.Actividades

[2025-05-15 13:06:00 #11 type.registry] 
New type domain.Sala

[2025-05-15 13:06:00 #12 type] 
Type domain.Actividades is not enhanced.

[2025-05-15 13:06:00 #13 type] 
Type domain.Sala is not enhanced.

[2025-05-15 13:06:00 #14 type.registry] 
New type java.util.Vector<java.lang.Object>

[2025-05-15 13:06:00 #15 type.registry] 
New type java.util.Vector<domain.Reserva>

[2025-05-15 13:06:00 #16 type.registry] 
New type java.util.Vector<domain.Factura>

[2025-05-15 13:06:00 #17 type.registry] 
New type java.util.Vector<domain.Socio>

[2025-05-15 13:06:00 #18 type.registry] 
New type java.util.Vector<domain.Sesion>

[2025-05-15 13:06:00 #19 type.registry] 
New type java.util.ArrayList<java.lang.Object>

[2025-05-15 13:06:00 #20 type.registry] 
New type java.util.ArrayList<domain.Sesion>

[2025-05-15 13:06:01 #21 type.registry] 
New type com.objectdb.o.LMT

[2025-05-15 13:06:01 #22 type.registry] 
New type com.objectdb.o.VAL

[2025-05-15 13:06:01 #23 type.registry] 
New type com.objectdb.o.RFV

------------------------------------------------------------------------------------------------------------------------

[2025-05-15 13:07:39 #1 store] 
Database 'C:\Users\maddi\git\KIROL4ALL\Rides24\src\main\resources\rides.temp' is opened by 18268@DESKTOP-Q03EHD8

[2025-05-15 13:07:40 #2 type.registry] 
New type domain.Socio

[2025-05-15 13:07:40 #3 type] 
Type domain.Socio is not enhanced.

[2025-05-15 13:07:40 #4 type.registry] 
New type domain.Factura

[2025-05-15 13:07:40 #5 type.registry] 
New type domain.Reserva

[2025-05-15 13:07:40 #6 type] 
Type domain.Factura is not enhanced.

[2025-05-15 13:07:40 #7 type] 
Type domain.Reserva is not enhanced.

[2025-05-15 13:07:40 #8 type.registry] 
New type domain.Sesion

[2025-05-15 13:07:40 #9 type] 
Type domain.Sesion is not enhanced.

[2025-05-15 13:07:40 #10 type.registry] 
New type domain.Actividades

[2025-05-15 13:07:40 #11 type.registry] 
New type domain.Sala

[2025-05-15 13:07:40 #12 type] 
Type domain.Actividades is not enhanced.

[2025-05-15 13:07:40 #13 type] 
Type domain.Sala is not enhanced.

[2025-05-15 13:07:40 #14 type.registry] 
New type java.util.Vector<java.lang.Object>

[2025-05-15 13:07:40 #15 type.registry] 
New type java.util.Vector<domain.Reserva>

[2025-05-15 13:07:40 #16 type.registry] 
New type java.util.Vector<domain.Factura>

[2025-05-15 13:07:40 #17 type.registry] 
New type java.util.Vector<domain.Socio>

[2025-05-15 13:07:40 #18 type.registry] 
New type java.util.Vector<domain.Sesion>

------------------------------------------------------------------------------------------------------------------------

[2025-05-15 13:08:21 #1 store] 
Database 'C:\Users\maddi\git\KIROL4ALL\Rides24\src\main\resources\rides.temp' is opened by 12124@DESKTOP-Q03EHD8

[2025-05-15 13:08:21 #2 type.registry] 
New type domain.Socio

[2025-05-15 13:08:21 #3 type] 
Type domain.Socio is not enhanced.

[2025-05-15 13:08:21 #4 type.registry] 
New type domain.Factura

[2025-05-15 13:08:21 #5 type.registry] 
New type domain.Reserva

[2025-05-15 13:08:21 #6 type] 
Type domain.Factura is not enhanced.

[2025-05-15 13:08:21 #7 type] 
Type domain.Reserva is not enhanced.

[2025-05-15 13:08:21 #8 type.registry] 
New type domain.Sesion

[2025-05-15 13:08:21 #9 type] 
Type domain.Sesion is not enhanced.

[2025-05-15 13:08:21 #10 type.registry] 
New type domain.Actividades

[2025-05-15 13:08:21 #11 type.registry] 
New type domain.Sala

[2025-05-15 13:08:21 #12 type] 
Type domain.Actividades is not enhanced.

[2025-05-15 13:08:21 #13 type] 
Type domain.Sala is not enhanced.

[2025-05-15 13:08:21 #14 type.registry] 
New type java.util.Vector<java.lang.Object>

[2025-05-15 13:08:21 #15 type.registry] 
New type java.util.Vector<domain.Reserva>

[2025-05-15 13:08:21 #16 type.registry] 
New type java.util.Vector<domain.Factura>

[2025-05-15 13:08:21 #17 type.registry] 
New type java.util.Vector<domain.Socio>

[2025-05-15 13:08:21 #18 type.registry] 
New type java.util.Vector<domain.Sesion>

------------------------------------------------------------------------------------------------------------------------

[2025-05-15 13:13:44 #1 store] 
Database 'C:\Users\maddi\git\KIROL4ALL\Rides24\src\main\resources\rides.temp' is opened by 15768@DESKTOP-Q03EHD8

[2025-05-15 13:13:44 #2 type.registry] 
New type domain.Socio

[2025-05-15 13:13:44 #3 type] 
Type domain.Socio is not enhanced.

[2025-05-15 13:13:44 #4 type.registry] 
New type domain.Factura

[2025-05-15 13:13:44 #5 type.registry] 
New type domain.Reserva

[2025-05-15 13:13:44 #6 type] 
Type domain.Factura is not enhanced.

[2025-05-15 13:13:44 #7 type] 
Type domain.Reserva is not enhanced.

[2025-05-15 13:13:44 #8 type.registry] 
New type domain.Sesion

[2025-05-15 13:13:44 #9 type] 
Type domain.Sesion is not enhanced.

[2025-05-15 13:13:44 #10 type.registry] 
New type domain.Actividades

[2025-05-15 13:13:44 #11 type.registry] 
New type domain.Sala

[2025-05-15 13:13:44 #12 type] 
Type domain.Actividades is not enhanced.

[2025-05-15 13:13:44 #13 type] 
Type domain.Sala is not enhanced.

[2025-05-15 13:13:44 #14 type.registry] 
New type java.util.Vector<java.lang.Object>

[2025-05-15 13:13:44 #15 type.registry] 
New type java.util.Vector<domain.Reserva>

[2025-05-15 13:13:44 #16 type.registry] 
New type java.util.Vector<domain.Factura>

[2025-05-15 13:13:44 #17 type.registry] 
New type java.util.Vector<domain.Socio>

[2025-05-15 13:13:44 #18 type.registry] 
New type java.util.Vector<domain.Sesion>

------------------------------------------------------------------------------------------------------------------------

[2025-05-15 13:18:21 #1 store] 
Database 'C:\Users\maddi\git\KIROL4ALL\Rides24\src\main\resources\rides.temp' is opened by 10164@DESKTOP-Q03EHD8

[2025-05-15 13:18:21 #2 type.registry] 
New type domain.Actividades

[2025-05-15 13:18:21 #3 type] 
Type domain.Actividades is not enhanced.

[2025-05-15 13:18:21 #4 type.registry] 
New type domain.Sesion

[2025-05-15 13:18:21 #5 type] 
Type domain.Sesion is not enhanced.

[2025-05-15 13:18:21 #6 type.registry] 
New type domain.Reserva

[2025-05-15 13:18:21 #7 type.registry] 
New type domain.Socio

[2025-05-15 13:18:21 #8 type.registry] 
New type domain.Sala

[2025-05-15 13:18:21 #9 type] 
Type domain.Reserva is not enhanced.

[2025-05-15 13:18:21 #10 type] 
Type domain.Socio is not enhanced.

[2025-05-15 13:18:21 #11 type.registry] 
New type domain.Factura

[2025-05-15 13:18:21 #12 type] 
Type domain.Sala is not enhanced.

[2025-05-15 13:18:21 #13 type] 
Type domain.Factura is not enhanced.

[2025-05-15 13:18:21 #14 type.registry] 
New type java.util.Vector<java.lang.Object>

[2025-05-15 13:18:21 #15 type.registry] 
New type java.util.Vector<domain.Sesion>

[2025-05-15 13:18:21 #16 type.registry] 
New type java.util.Vector<domain.Reserva>

[2025-05-15 13:18:21 #17 type.registry] 
New type java.util.Vector<domain.Factura>

[2025-05-15 13:18:21 #18 type.registry] 
New type java.util.Vector<domain.Socio>

------------------------------------------------------------------------------------------------------------------------

[2025-05-15 13:19:03 #1 store] 
Database 'C:\Users\maddi\git\KIROL4ALL\Rides24\src\main\resources\rides.temp' is opened by 18460@DESKTOP-Q03EHD8

[2025-05-15 13:19:03 #2 type.registry] 
New type domain.Sala

[2025-05-15 13:19:03 #3 type] 
Type domain.Sala is not enhanced.

[2025-05-15 13:19:03 #4 type.registry] 
New type domain.Sesion

[2025-05-15 13:19:03 #5 type] 
Type domain.Sesion is not enhanced.

[2025-05-15 13:19:03 #6 type.registry] 
New type domain.Reserva

[2025-05-15 13:19:03 #7 type.registry] 
New type domain.Socio

[2025-05-15 13:19:03 #8 type.registry] 
New type domain.Actividades

[2025-05-15 13:19:03 #9 type] 
Type domain.Reserva is not enhanced.

[2025-05-15 13:19:03 #10 type] 
Type domain.Socio is not enhanced.

[2025-05-15 13:19:03 #11 type.registry] 
New type domain.Factura

[2025-05-15 13:19:03 #12 type] 
Type domain.Actividades is not enhanced.

[2025-05-15 13:19:03 #13 type] 
Type domain.Factura is not enhanced.

[2025-05-15 13:19:03 #14 type.registry] 
New type java.util.Vector<java.lang.Object>

[2025-05-15 13:19:03 #15 type.registry] 
New type java.util.Vector<domain.Sesion>

[2025-05-15 13:19:03 #16 type.registry] 
New type java.util.Vector<domain.Reserva>

[2025-05-15 13:19:03 #17 type.registry] 
New type java.util.Vector<domain.Factura>

[2025-05-15 13:19:03 #18 type.registry] 
New type java.util.Vector<domain.Socio>

------------------------------------------------------------------------------------------------------------------------

[2025-05-15 14:20:21 #1 store] 
Database 'C:\Users\maddi\git\KIROL4ALL\Rides24\src\main\resources\rides.temp' is opened by 4140@DESKTOP-Q03EHD8

[2025-05-15 14:20:21 #2 type.registry] 
New type domain.Sala

[2025-05-15 14:20:21 #3 type] 
Type domain.Sala is not enhanced.

[2025-05-15 14:20:21 #4 type.registry] 
New type domain.Sesion

[2025-05-15 14:20:21 #5 type] 
Type domain.Sesion is not enhanced.

[2025-05-15 14:20:21 #6 type.registry] 
New type domain.Reserva

[2025-05-15 14:20:21 #7 type.registry] 
New type domain.Socio

[2025-05-15 14:20:21 #8 type.registry] 
New type domain.Actividades

[2025-05-15 14:20:21 #9 type] 
Type domain.Reserva is not enhanced.

[2025-05-15 14:20:21 #10 type] 
Type domain.Socio is not enhanced.

[2025-05-15 14:20:21 #11 type.registry] 
New type domain.Factura

[2025-05-15 14:20:21 #12 type] 
Type domain.Actividades is not enhanced.

[2025-05-15 14:20:21 #13 type] 
Type domain.Factura is not enhanced.

[2025-05-15 14:20:21 #14 type.registry] 
New type java.util.Vector<java.lang.Object>

[2025-05-15 14:20:21 #15 type.registry] 
New type java.util.Vector<domain.Sesion>

[2025-05-15 14:20:21 #16 type.registry] 
New type java.util.Vector<domain.Reserva>

[2025-05-15 14:20:21 #17 type.registry] 
New type java.util.Vector<domain.Factura>

[2025-05-15 14:20:21 #18 type.registry] 
New type java.util.Vector<domain.Socio>

------------------------------------------------------------------------------------------------------------------------

[2025-05-15 14:21:46 #1 store] 
Database 'C:\Users\maddi\git\KIROL4ALL\Rides24\src\main\resources\rides.temp' is opened by 7236@DESKTOP-Q03EHD8

[2025-05-15 14:21:46 #2 type.registry] 
New type domain.Sala

[2025-05-15 14:21:46 #3 type] 
Type domain.Sala is not enhanced.

[2025-05-15 14:21:46 #4 type.registry] 
New type domain.Sesion

[2025-05-15 14:21:46 #5 type] 
Type domain.Sesion is not enhanced.

[2025-05-15 14:21:46 #6 type.registry] 
New type domain.Reserva

[2025-05-15 14:21:46 #7 type.registry] 
New type domain.Socio

[2025-05-15 14:21:46 #8 type.registry] 
New type domain.Actividades

[2025-05-15 14:21:46 #9 type] 
Type domain.Reserva is not enhanced.

[2025-05-15 14:21:46 #10 type] 
Type domain.Socio is not enhanced.

[2025-05-15 14:21:46 #11 type.registry] 
New type domain.Factura

[2025-05-15 14:21:46 #12 type] 
Type domain.Actividades is not enhanced.

[2025-05-15 14:21:46 #13 type] 
Type domain.Factura is not enhanced.

[2025-05-15 14:21:46 #14 type.registry] 
New type java.util.Vector<java.lang.Object>

[2025-05-15 14:21:46 #15 type.registry] 
New type java.util.Vector<domain.Sesion>

[2025-05-15 14:21:46 #16 type.registry] 
New type java.util.Vector<domain.Reserva>

[2025-05-15 14:21:46 #17 type.registry] 
New type java.util.Vector<domain.Factura>

[2025-05-15 14:21:46 #18 type.registry] 
New type java.util.Vector<domain.Socio>

------------------------------------------------------------------------------------------------------------------------

[2025-05-15 14:25:15 #1 store] 
Database 'C:\Users\maddi\git\KIROL4ALL\Rides24\src\main\resources\rides.temp' is opened by 8652@DESKTOP-Q03EHD8

[2025-05-15 14:25:15 #2 type.registry] 
New type domain.Sala

[2025-05-15 14:25:15 #3 type] 
Type domain.Sala is not enhanced.

[2025-05-15 14:25:15 #4 type.registry] 
New type domain.Sesion

[2025-05-15 14:25:15 #5 type] 
Type domain.Sesion is not enhanced.

[2025-05-15 14:25:15 #6 type.registry] 
New type domain.Reserva

[2025-05-15 14:25:15 #7 type.registry] 
New type domain.Socio

[2025-05-15 14:25:15 #8 type.registry] 
New type domain.Actividades

[2025-05-15 14:25:15 #9 type] 
Type domain.Reserva is not enhanced.

[2025-05-15 14:25:15 #10 type] 
Type domain.Socio is not enhanced.

[2025-05-15 14:25:15 #11 type.registry] 
New type domain.Factura

[2025-05-15 14:25:15 #12 type] 
Type domain.Actividades is not enhanced.

[2025-05-15 14:25:15 #13 type] 
Type domain.Factura is not enhanced.

[2025-05-15 14:25:15 #14 type.registry] 
New type java.util.Vector<java.lang.Object>

[2025-05-15 14:25:15 #15 type.registry] 
New type java.util.Vector<domain.Sesion>

[2025-05-15 14:25:15 #16 type.registry] 
New type java.util.Vector<domain.Reserva>

[2025-05-15 14:25:15 #17 type.registry] 
New type java.util.Vector<domain.Factura>

[2025-05-15 14:25:15 #18 type.registry] 
New type java.util.Vector<domain.Socio>

------------------------------------------------------------------------------------------------------------------------

[2025-05-15 14:25:56 #1 store] 
Database 'C:\Users\maddi\git\KIROL4ALL\Rides24\src\main\resources\rides.temp' is opened by 17816@DESKTOP-Q03EHD8

[2025-05-15 14:25:56 #2 type.registry] 
New type domain.Sala

[2025-05-15 14:25:56 #3 type] 
Type domain.Sala is not enhanced.

[2025-05-15 14:25:56 #4 type.registry] 
New type domain.Sesion

[2025-05-15 14:25:56 #5 type] 
Type domain.Sesion is not enhanced.

[2025-05-15 14:25:56 #6 type.registry] 
New type domain.Reserva

[2025-05-15 14:25:56 #7 type.registry] 
New type domain.Socio

[2025-05-15 14:25:56 #8 type.registry] 
New type domain.Actividades

[2025-05-15 14:25:56 #9 type] 
Type domain.Reserva is not enhanced.

[2025-05-15 14:25:56 #10 type] 
Type domain.Socio is not enhanced.

[2025-05-15 14:25:56 #11 type.registry] 
New type domain.Factura

[2025-05-15 14:25:56 #12 type] 
Type domain.Actividades is not enhanced.

[2025-05-15 14:25:56 #13 type] 
Type domain.Factura is not enhanced.

[2025-05-15 14:25:56 #14 type.registry] 
New type java.util.Vector<java.lang.Object>

[2025-05-15 14:25:56 #15 type.registry] 
New type java.util.Vector<domain.Sesion>

[2025-05-15 14:25:56 #16 type.registry] 
New type java.util.Vector<domain.Reserva>

[2025-05-15 14:25:56 #17 type.registry] 
New type java.util.Vector<domain.Factura>

[2025-05-15 14:25:56 #18 type.registry] 
New type java.util.Vector<domain.Socio>

------------------------------------------------------------------------------------------------------------------------

[2025-05-15 14:30:34 #1 store] 
Database 'C:\Users\maddi\git\KIROL4ALL\Rides24\src\main\resources\rides.temp' is opened by 18088@DESKTOP-Q03EHD8

[2025-05-15 14:30:34 #2 type.registry] 
New type domain.Sala

[2025-05-15 14:30:34 #3 type] 
Type domain.Sala is not enhanced.

[2025-05-15 14:30:34 #4 type.registry] 
New type domain.Sesion

[2025-05-15 14:30:34 #5 type] 
Type domain.Sesion is not enhanced.

[2025-05-15 14:30:34 #6 type.registry] 
New type domain.Reserva

[2025-05-15 14:30:34 #7 type.registry] 
New type domain.Socio

[2025-05-15 14:30:34 #8 type.registry] 
New type domain.Actividades

[2025-05-15 14:30:34 #9 type] 
Type domain.Reserva is not enhanced.

[2025-05-15 14:30:34 #10 type] 
Type domain.Socio is not enhanced.

[2025-05-15 14:30:34 #11 type.registry] 
New type domain.Factura

[2025-05-15 14:30:34 #12 type] 
Type domain.Actividades is not enhanced.

[2025-05-15 14:30:34 #13 type] 
Type domain.Factura is not enhanced.

[2025-05-15 14:30:34 #14 type.registry] 
New type java.util.Vector<java.lang.Object>

[2025-05-15 14:30:34 #15 type.registry] 
New type java.util.Vector<domain.Sesion>

[2025-05-15 14:30:34 #16 type.registry] 
New type java.util.Vector<domain.Reserva>

[2025-05-15 14:30:34 #17 type.registry] 
New type java.util.Vector<domain.Factura>

[2025-05-15 14:30:34 #18 type.registry] 
New type java.util.Vector<domain.Socio>

------------------------------------------------------------------------------------------------------------------------

[2025-05-15 15:28:11 #1 store] 
Database 'C:\Users\maddi\git\KIROL4ALL\Rides24\src\main\resources\rides.temp' is opened by 14028@DESKTOP-Q03EHD8

[2025-05-15 15:28:12 #2 type.registry] 
New type domain.Sala

[2025-05-15 15:28:12 #3 type] 
Type domain.Sala is not enhanced.

[2025-05-15 15:28:12 #4 type.registry] 
New type domain.Sesion

[2025-05-15 15:28:12 #5 type] 
Type domain.Sesion is not enhanced.

[2025-05-15 15:28:12 #6 type.registry] 
New type domain.Reserva

[2025-05-15 15:28:12 #7 type.registry] 
New type domain.Socio

[2025-05-15 15:28:12 #8 type.registry] 
New type domain.Actividades

[2025-05-15 15:28:12 #9 type] 
Type domain.Reserva is not enhanced.

[2025-05-15 15:28:12 #10 type] 
Type domain.Socio is not enhanced.

[2025-05-15 15:28:12 #11 type.registry] 
New type domain.Factura

[2025-05-15 15:28:12 #12 type] 
Type domain.Actividades is not enhanced.

[2025-05-15 15:28:12 #13 type] 
Type domain.Factura is not enhanced.

[2025-05-15 15:28:12 #14 type.registry] 
New type java.util.Vector<java.lang.Object>

[2025-05-15 15:28:12 #15 type.registry] 
New type java.util.Vector<domain.Sesion>

[2025-05-15 15:28:12 #16 type.registry] 
New type java.util.Vector<domain.Reserva>

[2025-05-15 15:28:12 #17 type.registry] 
New type java.util.Vector<domain.Factura>

[2025-05-15 15:28:12 #18 type.registry] 
New type java.util.Vector<domain.Socio>

------------------------------------------------------------------------------------------------------------------------

[2025-05-15 15:33:24 #1 store] 
Database 'C:\Users\maddi\git\KIROL4ALL\Rides24\src\main\resources\rides.temp' is opened by 5692@DESKTOP-Q03EHD8

[2025-05-15 15:33:24 #2 type.registry] 
New type domain.Sala

[2025-05-15 15:33:24 #3 type] 
Type domain.Sala is not enhanced.

[2025-05-15 15:33:24 #4 type.registry] 
New type domain.Sesion

[2025-05-15 15:33:24 #5 type] 
Type domain.Sesion is not enhanced.

[2025-05-15 15:33:24 #6 type.registry] 
New type domain.Reserva

[2025-05-15 15:33:24 #7 type.registry] 
New type domain.Socio

[2025-05-15 15:33:24 #8 type.registry] 
New type domain.Actividades

[2025-05-15 15:33:24 #9 type] 
Type domain.Reserva is not enhanced.

[2025-05-15 15:33:24 #10 type] 
Type domain.Socio is not enhanced.

[2025-05-15 15:33:24 #11 type.registry] 
New type domain.Factura

[2025-05-15 15:33:24 #12 type] 
Type domain.Actividades is not enhanced.

[2025-05-15 15:33:24 #13 type] 
Type domain.Factura is not enhanced.

[2025-05-15 15:33:24 #14 type.registry] 
New type java.util.Vector<java.lang.Object>

[2025-05-15 15:33:24 #15 type.registry] 
New type java.util.Vector<domain.Sesion>

[2025-05-15 15:33:24 #16 type.registry] 
New type java.util.Vector<domain.Reserva>

[2025-05-15 15:33:24 #17 type.registry] 
New type java.util.Vector<domain.Factura>

[2025-05-15 15:33:24 #18 type.registry] 
New type java.util.Vector<domain.Socio>

------------------------------------------------------------------------------------------------------------------------

[2025-05-15 15:39:13 #1 store] 
Database 'C:\Users\maddi\git\KIROL4ALL\Rides24\src\main\resources\rides.temp' is opened by 2984@DESKTOP-Q03EHD8

[2025-05-15 15:39:13 #2 type.registry] 
New type domain.Sala

[2025-05-15 15:39:13 #3 type] 
Type domain.Sala is not enhanced.

[2025-05-15 15:39:13 #4 type.registry] 
New type domain.Sesion

[2025-05-15 15:39:13 #5 type] 
Type domain.Sesion is not enhanced.

[2025-05-15 15:39:13 #6 type.registry] 
New type domain.Reserva

[2025-05-15 15:39:13 #7 type.registry] 
New type domain.Socio

[2025-05-15 15:39:13 #8 type.registry] 
New type domain.Actividades

[2025-05-15 15:39:13 #9 type] 
Type domain.Reserva is not enhanced.

[2025-05-15 15:39:13 #10 type] 
Type domain.Socio is not enhanced.

[2025-05-15 15:39:13 #11 type.registry] 
New type domain.Factura

[2025-05-15 15:39:13 #12 type] 
Type domain.Actividades is not enhanced.

[2025-05-15 15:39:13 #13 type] 
Type domain.Factura is not enhanced.

[2025-05-15 15:39:13 #14 type.registry] 
New type java.util.Vector<java.lang.Object>

[2025-05-15 15:39:13 #15 type.registry] 
New type java.util.Vector<domain.Sesion>

[2025-05-15 15:39:13 #16 type.registry] 
New type java.util.Vector<domain.Reserva>

[2025-05-15 15:39:13 #17 type.registry] 
New type java.util.Vector<domain.Factura>

[2025-05-15 15:39:13 #18 type.registry] 
New type java.util.Vector<domain.Socio>

------------------------------------------------------------------------------------------------------------------------

[2025-05-15 15:44:37 #1 store] 
Database 'C:\Users\maddi\git\KIROL4ALL\Rides24\src\main\resources\rides.temp' is opened by 17716@DESKTOP-Q03EHD8

[2025-05-15 15:44:38 #2 type.registry] 
New type domain.Sala

[2025-05-15 15:44:38 #3 type] 
Type domain.Sala is not enhanced.

[2025-05-15 15:44:38 #4 type.registry] 
New type domain.Sesion

[2025-05-15 15:44:38 #5 type] 
Type domain.Sesion is not enhanced.

[2025-05-15 15:44:38 #6 type.registry] 
New type domain.Reserva

[2025-05-15 15:44:38 #7 type.registry] 
New type domain.Socio

[2025-05-15 15:44:38 #8 type.registry] 
New type domain.Actividades

[2025-05-15 15:44:38 #9 type] 
Type domain.Reserva is not enhanced.

[2025-05-15 15:44:38 #10 type] 
Type domain.Socio is not enhanced.

[2025-05-15 15:44:38 #11 type.registry] 
New type domain.Factura

[2025-05-15 15:44:38 #12 type] 
Type domain.Actividades is not enhanced.

[2025-05-15 15:44:38 #13 type] 
Type domain.Factura is not enhanced.

[2025-05-15 15:44:38 #14 type.registry] 
New type java.util.Vector<java.lang.Object>

[2025-05-15 15:44:38 #15 type.registry] 
New type java.util.Vector<domain.Sesion>

[2025-05-15 15:44:38 #16 type.registry] 
New type java.util.Vector<domain.Reserva>

[2025-05-15 15:44:38 #17 type.registry] 
New type java.util.Vector<domain.Factura>

[2025-05-15 15:44:38 #18 type.registry] 
New type java.util.Vector<domain.Socio>

------------------------------------------------------------------------------------------------------------------------

[2025-05-15 15:46:29 #1 store] 
Database 'C:\Users\maddi\git\KIROL4ALL\Rides24\src\main\resources\rides.temp' is opened by 13816@DESKTOP-Q03EHD8

[2025-05-15 15:46:30 #2 type.registry] 
New type domain.Sala

[2025-05-15 15:46:30 #3 type] 
Type domain.Sala is not enhanced.

[2025-05-15 15:46:30 #4 type.registry] 
New type domain.Sesion

[2025-05-15 15:46:30 #5 type] 
Type domain.Sesion is not enhanced.

[2025-05-15 15:46:30 #6 type.registry] 
New type domain.Reserva

[2025-05-15 15:46:30 #7 type.registry] 
New type domain.Socio

[2025-05-15 15:46:30 #8 type.registry] 
New type domain.Actividades

[2025-05-15 15:46:30 #9 type] 
Type domain.Reserva is not enhanced.

[2025-05-15 15:46:30 #10 type] 
Type domain.Socio is not enhanced.

[2025-05-15 15:46:30 #11 type.registry] 
New type domain.Factura

[2025-05-15 15:46:30 #12 type] 
Type domain.Actividades is not enhanced.

[2025-05-15 15:46:30 #13 type] 
Type domain.Factura is not enhanced.

[2025-05-15 15:46:30 #14 type.registry] 
New type java.util.Vector<java.lang.Object>

[2025-05-15 15:46:30 #15 type.registry] 
New type java.util.Vector<domain.Sesion>

[2025-05-15 15:46:30 #16 type.registry] 
New type java.util.Vector<domain.Reserva>

[2025-05-15 15:46:30 #17 type.registry] 
New type java.util.Vector<domain.Factura>

[2025-05-15 15:46:30 #18 type.registry] 
New type java.util.Vector<domain.Socio>

------------------------------------------------------------------------------------------------------------------------

[2025-05-15 15:47:34 #1 store] 
Database 'C:\Users\maddi\git\KIROL4ALL\Rides24\src\main\resources\rides.temp' is opened by 6560@DESKTOP-Q03EHD8

[2025-05-15 15:47:35 #2 type.registry] 
New type domain.Sala

[2025-05-15 15:47:35 #3 type] 
Type domain.Sala is not enhanced.

[2025-05-15 15:47:35 #4 type.registry] 
New type domain.Sesion

[2025-05-15 15:47:35 #5 type] 
Type domain.Sesion is not enhanced.

[2025-05-15 15:47:35 #6 type.registry] 
New type domain.Reserva

[2025-05-15 15:47:35 #7 type.registry] 
New type domain.Socio

[2025-05-15 15:47:35 #8 type.registry] 
New type domain.Actividades

[2025-05-15 15:47:35 #9 type] 
Type domain.Reserva is not enhanced.

[2025-05-15 15:47:35 #10 type] 
Type domain.Socio is not enhanced.

[2025-05-15 15:47:35 #11 type.registry] 
New type domain.Factura

[2025-05-15 15:47:35 #12 type] 
Type domain.Actividades is not enhanced.

[2025-05-15 15:47:35 #13 type] 
Type domain.Factura is not enhanced.

[2025-05-15 15:47:35 #14 type.registry] 
New type java.util.Vector<java.lang.Object>

[2025-05-15 15:47:35 #15 type.registry] 
New type java.util.Vector<domain.Sesion>

[2025-05-15 15:47:35 #16 type.registry] 
New type java.util.Vector<domain.Reserva>

[2025-05-15 15:47:35 #17 type.registry] 
New type java.util.Vector<domain.Factura>

[2025-05-15 15:47:35 #18 type.registry] 
New type java.util.Vector<domain.Socio>

------------------------------------------------------------------------------------------------------------------------

[2025-05-15 15:48:23 #1 store] 
Database 'C:\Users\maddi\git\KIROL4ALL\Rides24\src\main\resources\rides.temp' has been recovered (tr. 1-10)

[2025-05-15 15:48:23 #2 store] 
Database 'C:\Users\maddi\git\KIROL4ALL\Rides24\src\main\resources\rides.temp' is opened by 14960@DESKTOP-Q03EHD8

[2025-05-15 15:48:23 #3 type] 
Type domain.Sala is not enhanced.

[2025-05-15 15:48:23 #4 type] 
Type domain.Sesion is not enhanced.

[2025-05-15 15:48:23 #5 type] 
Type domain.Reserva is not enhanced.

[2025-05-15 15:48:23 #6 type] 
Type domain.Socio is not enhanced.

[2025-05-15 15:48:23 #7 type] 
Type domain.Actividades is not enhanced.

[2025-05-15 15:48:23 #8 type] 
Type domain.Factura is not enhanced.

------------------------------------------------------------------------------------------------------------------------

[2025-05-15 15:49:12 #1 store] 
Database 'C:\Users\maddi\git\KIROL4ALL\Rides24\src\main\resources\rides.temp' is opened by 16372@DESKTOP-Q03EHD8

[2025-05-15 15:49:12 #2 type] 
Type domain.Sala is not enhanced.

[2025-05-15 15:49:12 #3 type] 
Type domain.Sesion is not enhanced.

[2025-05-15 15:49:12 #4 type] 
Type domain.Reserva is not enhanced.

[2025-05-15 15:49:12 #5 type] 
Type domain.Socio is not enhanced.

[2025-05-15 15:49:12 #6 type] 
Type domain.Actividades is not enhanced.

[2025-05-15 15:49:12 #7 type] 
Type domain.Factura is not enhanced.

------------------------------------------------------------------------------------------------------------------------

[2025-05-15 15:50:20 #1 store] 
Database 'C:\Users\maddi\git\KIROL4ALL\Rides24\src\main\resources\rides.temp' is opened by 6952@DESKTOP-Q03EHD8

[2025-05-15 15:50:20 #2 type] 
Type domain.Sala is not enhanced.

[2025-05-15 15:50:20 #3 type] 
Type domain.Sesion is not enhanced.

[2025-05-15 15:50:20 #4 type] 
Type domain.Reserva is not enhanced.

[2025-05-15 15:50:20 #5 type] 
Type domain.Socio is not enhanced.

[2025-05-15 15:50:20 #6 type] 
Type domain.Actividades is not enhanced.

[2025-05-15 15:50:20 #7 type] 
Type domain.Factura is not enhanced.

------------------------------------------------------------------------------------------------------------------------

[2025-05-15 15:51:23 #1 store] 
Database 'C:\Users\maddi\git\KIROL4ALL\Rides24\src\main\resources\rides.temp' is opened by 11108@DESKTOP-Q03EHD8

[2025-05-15 15:51:23 #2 type] 
Type domain.Sala is not enhanced.

[2025-05-15 15:51:23 #3 type] 
Type domain.Sesion is not enhanced.

[2025-05-15 15:51:23 #4 type] 
Type domain.Reserva is not enhanced.

[2025-05-15 15:51:23 #5 type] 
Type domain.Socio is not enhanced.

[2025-05-15 15:51:23 #6 type] 
Type domain.Actividades is not enhanced.

[2025-05-15 15:51:23 #7 type] 
Type domain.Factura is not enhanced.

------------------------------------------------------------------------------------------------------------------------

[2025-05-15 16:00:08 #1 store] 
Database 'C:\Users\maddi\git\KIROL4ALL\Rides24\src\main\resources\rides.temp' is opened by 13296@DESKTOP-Q03EHD8

[2025-05-15 16:00:08 #2 type] 
Type domain.Sala is not enhanced.

[2025-05-15 16:00:08 #3 type] 
Type domain.Sesion is not enhanced.

[2025-05-15 16:00:08 #4 type] 
Type domain.Reserva is not enhanced.

[2025-05-15 16:00:08 #5 type] 
Type domain.Socio is not enhanced.

[2025-05-15 16:00:08 #6 type] 
Type domain.Actividades is not enhanced.

[2025-05-15 16:00:08 #7 type] 
Type domain.Factura is not enhanced.

------------------------------------------------------------------------------------------------------------------------

[2025-05-15 16:00:48 #1 store] 
Database 'C:\Users\maddi\git\KIROL4ALL\Rides24\src\main\resources\rides.temp' is opened by 20284@DESKTOP-Q03EHD8

[2025-05-15 16:00:48 #2 type] 
Type domain.Sala is not enhanced.

[2025-05-15 16:00:48 #3 type] 
Type domain.Sesion is not enhanced.

[2025-05-15 16:00:48 #4 type] 
Type domain.Reserva is not enhanced.

[2025-05-15 16:00:48 #5 type] 
Type domain.Socio is not enhanced.

[2025-05-15 16:00:48 #6 type] 
Type domain.Actividades is not enhanced.

[2025-05-15 16:00:48 #7 type] 
Type domain.Factura is not enhanced.

------------------------------------------------------------------------------------------------------------------------

[2025-05-15 16:01:27 #1 store] 
Database 'C:\Users\maddi\git\KIROL4ALL\Rides24\src\main\resources\rides.temp' is opened by 8296@DESKTOP-Q03EHD8

[2025-05-15 16:01:27 #2 type] 
Type domain.Sala is not enhanced.

[2025-05-15 16:01:27 #3 type] 
Type domain.Sesion is not enhanced.

[2025-05-15 16:01:27 #4 type] 
Type domain.Reserva is not enhanced.

[2025-05-15 16:01:27 #5 type] 
Type domain.Socio is not enhanced.

[2025-05-15 16:01:27 #6 type] 
Type domain.Actividades is not enhanced.

[2025-05-15 16:01:27 #7 type] 
Type domain.Factura is not enhanced.

------------------------------------------------------------------------------------------------------------------------

[2025-05-15 16:01:54 #1 store] 
Database 'C:\Users\maddi\git\KIROL4ALL\Rides24\src\main\resources\rides.temp' is opened by 4356@DESKTOP-Q03EHD8

[2025-05-15 16:01:54 #2 type] 
Type domain.Sala is not enhanced.

[2025-05-15 16:01:54 #3 type] 
Type domain.Sesion is not enhanced.

[2025-05-15 16:01:54 #4 type] 
Type domain.Reserva is not enhanced.

[2025-05-15 16:01:54 #5 type] 
Type domain.Socio is not enhanced.

[2025-05-15 16:01:54 #6 type] 
Type domain.Actividades is not enhanced.

[2025-05-15 16:01:54 #7 type] 
Type domain.Factura is not enhanced.

------------------------------------------------------------------------------------------------------------------------

[2025-05-15 16:02:12 #1 store] 
Database 'C:\Users\maddi\git\KIROL4ALL\Rides24\src\main\resources\rides.temp' is opened by 12948@DESKTOP-Q03EHD8

[2025-05-15 16:02:12 #2 type] 
Type domain.Sala is not enhanced.

[2025-05-15 16:02:12 #3 type] 
Type domain.Sesion is not enhanced.

[2025-05-15 16:02:12 #4 type] 
Type domain.Reserva is not enhanced.

[2025-05-15 16:02:12 #5 type] 
Type domain.Socio is not enhanced.

[2025-05-15 16:02:12 #6 type] 
Type domain.Actividades is not enhanced.

[2025-05-15 16:02:12 #7 type] 
Type domain.Factura is not enhanced.

------------------------------------------------------------------------------------------------------------------------

[2025-05-15 16:08:59 #1 store] 
Database 'C:\Users\maddi\git\KIROL4ALL\Rides24\src\main\resources\rides.temp' is opened by 13620@DESKTOP-Q03EHD8

[2025-05-15 16:08:59 #2 type] 
Type domain.Sala is not enhanced.

[2025-05-15 16:08:59 #3 type] 
Type domain.Sesion is not enhanced.

[2025-05-15 16:08:59 #4 type] 
Type domain.Reserva is not enhanced.

[2025-05-15 16:08:59 #5 type] 
Type domain.Socio is not enhanced.

[2025-05-15 16:08:59 #6 type] 
Type domain.Actividades is not enhanced.

[2025-05-15 16:08:59 #7 type] 
Type domain.Factura is not enhanced.

------------------------------------------------------------------------------------------------------------------------

[2025-05-15 16:09:23 #1 store] 
Database 'C:\Users\maddi\git\KIROL4ALL\Rides24\src\main\resources\rides.temp' is opened by 12984@DESKTOP-Q03EHD8

[2025-05-15 16:09:23 #2 type] 
Type domain.Sala is not enhanced.

[2025-05-15 16:09:23 #3 type] 
Type domain.Sesion is not enhanced.

[2025-05-15 16:09:23 #4 type] 
Type domain.Reserva is not enhanced.

[2025-05-15 16:09:23 #5 type] 
Type domain.Socio is not enhanced.

[2025-05-15 16:09:23 #6 type] 
Type domain.Actividades is not enhanced.

[2025-05-15 16:09:23 #7 type] 
Type domain.Factura is not enhanced.

------------------------------------------------------------------------------------------------------------------------

[2025-05-15 16:13:03 #1 store] 
Database 'C:\Users\maddi\git\KIROL4ALL\Rides24\src\main\resources\rides.temp' has been recovered (tr. 11-11)

[2025-05-15 16:13:03 #2 store] 
Database 'C:\Users\maddi\git\KIROL4ALL\Rides24\src\main\resources\rides.temp' is opened by 17816@DESKTOP-Q03EHD8

[2025-05-15 16:13:03 #3 type] 
Type domain.Sala is not enhanced.

[2025-05-15 16:13:03 #4 type] 
Type domain.Sesion is not enhanced.

[2025-05-15 16:13:03 #5 type] 
Type domain.Reserva is not enhanced.

[2025-05-15 16:13:03 #6 type] 
Type domain.Socio is not enhanced.

[2025-05-15 16:13:03 #7 type] 
Type domain.Actividades is not enhanced.

[2025-05-15 16:13:03 #8 type] 
Type domain.Factura is not enhanced.

------------------------------------------------------------------------------------------------------------------------

[2025-05-15 16:14:06 #1 store] 
Database 'C:\Users\maddi\git\KIROL4ALL\Rides24\src\main\resources\rides.temp' is opened by 10668@DESKTOP-Q03EHD8

[2025-05-15 16:14:06 #2 type] 
Type domain.Sala is not enhanced.

[2025-05-15 16:14:06 #3 type] 
Type domain.Sesion is not enhanced.

[2025-05-15 16:14:06 #4 type] 
Type domain.Reserva is not enhanced.

[2025-05-15 16:14:06 #5 type] 
Type domain.Socio is not enhanced.

[2025-05-15 16:14:06 #6 type] 
Type domain.Actividades is not enhanced.

[2025-05-15 16:14:06 #7 type] 
Type domain.Factura is not enhanced.

------------------------------------------------------------------------------------------------------------------------

[2025-05-15 16:14:30 #1 store] 
Database 'C:\Users\maddi\git\KIROL4ALL\Rides24\src\main\resources\rides.temp' is opened by 8908@DESKTOP-Q03EHD8

[2025-05-15 16:14:30 #2 type] 
Type domain.Sala is not enhanced.

[2025-05-15 16:14:30 #3 type] 
Type domain.Sesion is not enhanced.

[2025-05-15 16:14:30 #4 type] 
Type domain.Reserva is not enhanced.

[2025-05-15 16:14:30 #5 type] 
Type domain.Socio is not enhanced.

[2025-05-15 16:14:30 #6 type] 
Type domain.Actividades is not enhanced.

[2025-05-15 16:14:30 #7 type] 
Type domain.Factura is not enhanced.

------------------------------------------------------------------------------------------------------------------------

[2025-05-15 16:15:47 #1 store] 
Database 'C:\Users\maddi\git\KIROL4ALL\Rides24\src\main\resources\rides.temp' is opened by 2132@DESKTOP-Q03EHD8

[2025-05-15 16:15:47 #2 type] 
Type domain.Sala is not enhanced.

[2025-05-15 16:15:47 #3 type] 
Type domain.Sesion is not enhanced.

[2025-05-15 16:15:47 #4 type] 
Type domain.Reserva is not enhanced.

[2025-05-15 16:15:47 #5 type] 
Type domain.Socio is not enhanced.

[2025-05-15 16:15:47 #6 type] 
Type domain.Actividades is not enhanced.

[2025-05-15 16:15:47 #7 type] 
Type domain.Factura is not enhanced.

------------------------------------------------------------------------------------------------------------------------

[2025-05-15 18:09:49 #1 store] 
Database 'C:\Users\maddi\git\KIROL4ALL\Rides24\src\main\resources\rides.temp' is opened by 2552@DESKTOP-Q03EHD8

[2025-05-15 18:09:49 #2 type] 
Type domain.Sala is not enhanced.

[2025-05-15 18:09:49 #3 type] 
Type domain.Sesion is not enhanced.

[2025-05-15 18:09:49 #4 type] 
Type domain.Reserva is not enhanced.

[2025-05-15 18:09:49 #5 type] 
Type domain.Socio is not enhanced.

[2025-05-15 18:09:49 #6 type] 
Type domain.Actividades is not enhanced.

[2025-05-15 18:09:49 #7 type] 
Type domain.Factura is not enhanced.

------------------------------------------------------------------------------------------------------------------------

[2025-05-15 18:13:18 #1 store] 
Database 'C:\Users\maddi\git\KIROL4ALL\Rides24\src\main\resources\rides.temp' is opened by 18724@DESKTOP-Q03EHD8

[2025-05-15 18:13:19 #2 type] 
Type domain.Sala is not enhanced.

[2025-05-15 18:13:19 #3 type] 
Type domain.Sesion is not enhanced.

[2025-05-15 18:13:19 #4 type] 
Type domain.Reserva is not enhanced.

[2025-05-15 18:13:19 #5 type] 
Type domain.Socio is not enhanced.

[2025-05-15 18:13:19 #6 type] 
Type domain.Actividades is not enhanced.

[2025-05-15 18:13:19 #7 type] 
Type domain.Factura is not enhanced.

