------------------------------------------------------------------------------------------------------------------------

[2025-05-13 11:10:18 #1 store] 
Database 'C:\Users\maddi\git\KIROL4ALL\Rides24\src\main\resources\rides.temp' is opened by 12744@DESKTOP-Q03EHD8

[2025-05-13 11:10:18 #2 type] 
Type domain.Socio is not enhanced.

[2025-05-13 11:10:18 #3 type] 
Type domain.Factura is not enhanced.

[2025-05-13 11:10:18 #4 type] 
Type domain.Reserva is not enhanced.

[2025-05-13 11:10:18 #5 type] 
Type domain.Sesion is not enhanced.

[2025-05-13 11:10:18 #6 type] 
Type domain.Actividades is not enhanced.

[2025-05-13 11:10:18 #7 type] 
Type domain.Sala is not enhanced.

------------------------------------------------------------------------------------------------------------------------

[2025-05-13 11:59:23 #1 store] 
Database 'C:\Users\maddi\git\KIROL4ALL\Rides24\src\main\resources\rides.temp' has been recovered (tr. 10-10)

[2025-05-13 11:59:23 #2 store] 
Database 'C:\Users\maddi\git\KIROL4ALL\Rides24\src\main\resources\rides.temp' is opened by 1780@DESKTOP-Q03EHD8

[2025-05-13 11:59:23 #3 type] 
Type domain.Socio is not enhanced.

[2025-05-13 11:59:23 #4 type] 
Type domain.Factura is not enhanced.

[2025-05-13 11:59:23 #5 type] 
Type domain.Reserva is not enhanced.

[2025-05-13 11:59:23 #6 type] 
Type domain.Sesion is not enhanced.

[2025-05-13 11:59:23 #7 type] 
Type domain.Actividades is not enhanced.

[2025-05-13 11:59:23 #8 type] 
Type domain.Sala is not enhanced.

------------------------------------------------------------------------------------------------------------------------

[2025-05-13 12:03:19 #1 store] 
Database 'C:\Users\maddi\git\KIROL4ALL\Rides24\src\main\resources\rides.temp' is opened by 2052@DESKTOP-Q03EHD8

[2025-05-13 12:03:19 #2 type] 
Type domain.Socio is not enhanced.

[2025-05-13 12:03:19 #3 type] 
Type domain.Factura is not enhanced.

[2025-05-13 12:03:19 #4 type] 
Type domain.Reserva is not enhanced.

[2025-05-13 12:03:19 #5 type] 
Type domain.Sesion is not enhanced.

[2025-05-13 12:03:19 #6 type] 
Type domain.Actividades is not enhanced.

[2025-05-13 12:03:19 #7 type] 
Type domain.Sala is not enhanced.

------------------------------------------------------------------------------------------------------------------------

[2025-05-13 12:04:08 #1 store] 
Database 'C:\Users\maddi\git\KIROL4ALL\Rides24\src\main\resources\rides.temp' is opened by 14676@DESKTOP-Q03EHD8

[2025-05-13 12:04:08 #2 type] 
Type domain.Socio is not enhanced.

[2025-05-13 12:04:08 #3 type] 
Type domain.Factura is not enhanced.

[2025-05-13 12:04:08 #4 type] 
Type domain.Reserva is not enhanced.

[2025-05-13 12:04:08 #5 type] 
Type domain.Sesion is not enhanced.

[2025-05-13 12:04:08 #6 type] 
Type domain.Actividades is not enhanced.

[2025-05-13 12:04:08 #7 type] 
Type domain.Sala is not enhanced.

------------------------------------------------------------------------------------------------------------------------

[2025-05-13 12:05:11 #1 store] 
Database 'C:\Users\maddi\git\KIROL4ALL\Rides24\src\main\resources\rides.temp' is opened by 13800@DESKTOP-Q03EHD8

[2025-05-13 12:05:11 #2 type] 
Type domain.Socio is not enhanced.

[2025-05-13 12:05:11 #3 type] 
Type domain.Factura is not enhanced.

[2025-05-13 12:05:11 #4 type] 
Type domain.Reserva is not enhanced.

[2025-05-13 12:05:11 #5 type] 
Type domain.Sesion is not enhanced.

[2025-05-13 12:05:11 #6 type] 
Type domain.Actividades is not enhanced.

[2025-05-13 12:05:11 #7 type] 
Type domain.Sala is not enhanced.

------------------------------------------------------------------------------------------------------------------------

[2025-05-13 12:06:59 #1 store] 
Database 'C:\Users\maddi\git\KIROL4ALL\Rides24\src\main\resources\rides.temp' is opened by 7172@DESKTOP-Q03EHD8

[2025-05-13 12:06:59 #2 type] 
Type domain.Socio is not enhanced.

[2025-05-13 12:06:59 #3 type] 
Type domain.Factura is not enhanced.

[2025-05-13 12:06:59 #4 type] 
Type domain.Reserva is not enhanced.

[2025-05-13 12:06:59 #5 type] 
Type domain.Sesion is not enhanced.

[2025-05-13 12:06:59 #6 type] 
Type domain.Actividades is not enhanced.

[2025-05-13 12:06:59 #7 type] 
Type domain.Sala is not enhanced.

------------------------------------------------------------------------------------------------------------------------

[2025-05-13 12:09:48 #1 store] 
Database 'C:\Users\maddi\git\KIROL4ALL\Rides24\src\main\resources\rides.temp' has been recovered (tr. 11-11)

[2025-05-13 12:09:48 #2 store] 
Database 'C:\Users\maddi\git\KIROL4ALL\Rides24\src\main\resources\rides.temp' is opened by 18252@DESKTOP-Q03EHD8

[2025-05-13 12:09:48 #3 type] 
Type domain.Socio is not enhanced.

[2025-05-13 12:09:48 #4 type] 
Type domain.Factura is not enhanced.

[2025-05-13 12:09:48 #5 type] 
Type domain.Reserva is not enhanced.

[2025-05-13 12:09:48 #6 type] 
Type domain.Sesion is not enhanced.

[2025-05-13 12:09:48 #7 type] 
Type domain.Actividades is not enhanced.

[2025-05-13 12:09:48 #8 type] 
Type domain.Sala is not enhanced.

