------------------------------------------------------------------------------------------------------------------------

[2025-05-16 11:39:46 #1 store] 
Database 'C:\Users\maddi\git\KIROL4ALL\Rides24\src\main\resources\rides.temp' is opened by 10728@DESKTOP-Q03EHD8

[2025-05-16 11:39:46 #2 type] 
Type domain.Sala is not enhanced.

[2025-05-16 11:39:46 #3 type] 
Type domain.Sesion is not enhanced.

[2025-05-16 11:39:46 #4 type] 
Type domain.Reserva is not enhanced.

[2025-05-16 11:39:46 #5 type] 
Type domain.Socio is not enhanced.

[2025-05-16 11:39:46 #6 type] 
Type domain.Actividades is not enhanced.

[2025-05-16 11:39:46 #7 type] 
Type domain.Factura is not enhanced.

------------------------------------------------------------------------------------------------------------------------

[2025-05-16 11:40:26 #1 store] 
Database 'C:\Users\maddi\git\KIROL4ALL\Rides24\src\main\resources\rides.temp' has been recovered (tr. 12-12)

[2025-05-16 11:40:26 #2 store] 
Database 'C:\Users\maddi\git\KIROL4ALL\Rides24\src\main\resources\rides.temp' is opened by 14748@DESKTOP-Q03EHD8

[2025-05-16 11:40:26 #3 type] 
Type domain.Sala is not enhanced.

[2025-05-16 11:40:26 #4 type] 
Type domain.Sesion is not enhanced.

[2025-05-16 11:40:26 #5 type] 
Type domain.Reserva is not enhanced.

[2025-05-16 11:40:26 #6 type] 
Type domain.Socio is not enhanced.

[2025-05-16 11:40:26 #7 type] 
Type domain.Actividades is not enhanced.

[2025-05-16 11:40:26 #8 type] 
Type domain.Factura is not enhanced.

------------------------------------------------------------------------------------------------------------------------

[2025-05-16 11:40:55 #1 store] 
Database 'C:\Users\maddi\git\KIROL4ALL\Rides24\src\main\resources\rides.temp' is opened by 13228@DESKTOP-Q03EHD8

[2025-05-16 11:40:55 #2 type] 
Type domain.Sala is not enhanced.

[2025-05-16 11:40:55 #3 type] 
Type domain.Sesion is not enhanced.

[2025-05-16 11:40:55 #4 type] 
Type domain.Reserva is not enhanced.

[2025-05-16 11:40:55 #5 type] 
Type domain.Socio is not enhanced.

[2025-05-16 11:40:55 #6 type] 
Type domain.Actividades is not enhanced.

[2025-05-16 11:40:55 #7 type] 
Type domain.Factura is not enhanced.

------------------------------------------------------------------------------------------------------------------------

[2025-05-16 11:41:26 #1 store] 
Database 'C:\Users\maddi\git\KIROL4ALL\Rides24\src\main\resources\rides.temp' is opened by 9268@DESKTOP-Q03EHD8

[2025-05-16 11:41:26 #2 type] 
Type domain.Sala is not enhanced.

[2025-05-16 11:41:26 #3 type] 
Type domain.Sesion is not enhanced.

[2025-05-16 11:41:26 #4 type] 
Type domain.Reserva is not enhanced.

[2025-05-16 11:41:26 #5 type] 
Type domain.Socio is not enhanced.

[2025-05-16 11:41:26 #6 type] 
Type domain.Actividades is not enhanced.

[2025-05-16 11:41:26 #7 type] 
Type domain.Factura is not enhanced.

------------------------------------------------------------------------------------------------------------------------

[2025-05-16 11:42:22 #1 store] 
Database 'C:\Users\maddi\git\KIROL4ALL\Rides24\src\main\resources\rides.temp' is opened by 10168@DESKTOP-Q03EHD8

[2025-05-16 11:42:22 #2 type] 
Type domain.Sala is not enhanced.

[2025-05-16 11:42:22 #3 type] 
Type domain.Sesion is not enhanced.

[2025-05-16 11:42:22 #4 type] 
Type domain.Reserva is not enhanced.

[2025-05-16 11:42:22 #5 type] 
Type domain.Socio is not enhanced.

[2025-05-16 11:42:22 #6 type] 
Type domain.Actividades is not enhanced.

[2025-05-16 11:42:22 #7 type] 
Type domain.Factura is not enhanced.

------------------------------------------------------------------------------------------------------------------------

[2025-05-16 11:44:05 #1 store] 
Database 'C:\Users\maddi\git\KIROL4ALL\Rides24\src\main\resources\rides.temp' is opened by 17556@DESKTOP-Q03EHD8

[2025-05-16 11:44:05 #2 type] 
Type domain.Sala is not enhanced.

[2025-05-16 11:44:05 #3 type] 
Type domain.Sesion is not enhanced.

[2025-05-16 11:44:05 #4 type] 
Type domain.Reserva is not enhanced.

[2025-05-16 11:44:05 #5 type] 
Type domain.Socio is not enhanced.

[2025-05-16 11:44:05 #6 type] 
Type domain.Actividades is not enhanced.

[2025-05-16 11:44:05 #7 type] 
Type domain.Factura is not enhanced.

------------------------------------------------------------------------------------------------------------------------

[2025-05-16 11:45:04 #1 store] 
Database 'C:\Users\maddi\git\KIROL4ALL\Rides24\src\main\resources\rides.temp' is opened by 3360@DESKTOP-Q03EHD8

[2025-05-16 11:45:04 #2 type] 
Type domain.Sala is not enhanced.

[2025-05-16 11:45:04 #3 type] 
Type domain.Sesion is not enhanced.

[2025-05-16 11:45:04 #4 type] 
Type domain.Reserva is not enhanced.

[2025-05-16 11:45:04 #5 type] 
Type domain.Socio is not enhanced.

[2025-05-16 11:45:04 #6 type] 
Type domain.Actividades is not enhanced.

[2025-05-16 11:45:04 #7 type] 
Type domain.Factura is not enhanced.

------------------------------------------------------------------------------------------------------------------------

[2025-05-16 11:47:32 #1 store] 
Database 'C:\Users\maddi\git\KIROL4ALL\Rides24\src\main\resources\rides.temp' is opened by 17780@DESKTOP-Q03EHD8

[2025-05-16 11:47:32 #2 type] 
Type domain.Sala is not enhanced.

[2025-05-16 11:47:32 #3 type] 
Type domain.Sesion is not enhanced.

[2025-05-16 11:47:32 #4 type] 
Type domain.Reserva is not enhanced.

[2025-05-16 11:47:32 #5 type] 
Type domain.Socio is not enhanced.

[2025-05-16 11:47:32 #6 type] 
Type domain.Actividades is not enhanced.

[2025-05-16 11:47:32 #7 type] 
Type domain.Factura is not enhanced.

------------------------------------------------------------------------------------------------------------------------

[2025-05-16 11:48:40 #1 store] 
Database 'C:\Users\maddi\git\KIROL4ALL\Rides24\src\main\resources\rides.temp' is opened by 14028@DESKTOP-Q03EHD8

[2025-05-16 11:48:40 #2 type] 
Type domain.Sala is not enhanced.

[2025-05-16 11:48:40 #3 type] 
Type domain.Sesion is not enhanced.

[2025-05-16 11:48:40 #4 type] 
Type domain.Reserva is not enhanced.

[2025-05-16 11:48:40 #5 type] 
Type domain.Socio is not enhanced.

[2025-05-16 11:48:40 #6 type] 
Type domain.Actividades is not enhanced.

[2025-05-16 11:48:40 #7 type] 
Type domain.Factura is not enhanced.

------------------------------------------------------------------------------------------------------------------------

[2025-05-16 11:49:06 #1 store] 
Database 'C:\Users\maddi\git\KIROL4ALL\Rides24\src\main\resources\rides.temp' is opened by 19680@DESKTOP-Q03EHD8

[2025-05-16 11:49:06 #2 type] 
Type domain.Sala is not enhanced.

[2025-05-16 11:49:06 #3 type] 
Type domain.Sesion is not enhanced.

[2025-05-16 11:49:06 #4 type] 
Type domain.Reserva is not enhanced.

[2025-05-16 11:49:06 #5 type] 
Type domain.Socio is not enhanced.

[2025-05-16 11:49:06 #6 type] 
Type domain.Actividades is not enhanced.

[2025-05-16 11:49:06 #7 type] 
Type domain.Factura is not enhanced.

------------------------------------------------------------------------------------------------------------------------

[2025-05-16 11:49:32 #1 store] 
Database 'C:\Users\maddi\git\KIROL4ALL\Rides24\src\main\resources\rides.temp' is opened by 18420@DESKTOP-Q03EHD8

[2025-05-16 11:49:33 #2 type] 
Type domain.Sala is not enhanced.

[2025-05-16 11:49:33 #3 type] 
Type domain.Sesion is not enhanced.

[2025-05-16 11:49:33 #4 type] 
Type domain.Reserva is not enhanced.

[2025-05-16 11:49:33 #5 type] 
Type domain.Socio is not enhanced.

[2025-05-16 11:49:33 #6 type] 
Type domain.Actividades is not enhanced.

[2025-05-16 11:49:33 #7 type] 
Type domain.Factura is not enhanced.

------------------------------------------------------------------------------------------------------------------------

[2025-05-16 11:51:40 #1 store] 
Database 'C:\Users\maddi\git\KIROL4ALL\Rides24\src\main\resources\rides.temp' is opened by 9644@DESKTOP-Q03EHD8

[2025-05-16 11:51:40 #2 type] 
Type domain.Sala is not enhanced.

[2025-05-16 11:51:40 #3 type] 
Type domain.Sesion is not enhanced.

[2025-05-16 11:51:40 #4 type] 
Type domain.Reserva is not enhanced.

[2025-05-16 11:51:40 #5 type] 
Type domain.Socio is not enhanced.

[2025-05-16 11:51:40 #6 type] 
Type domain.Actividades is not enhanced.

[2025-05-16 11:51:40 #7 type] 
Type domain.Factura is not enhanced.

------------------------------------------------------------------------------------------------------------------------

[2025-05-16 11:52:52 #1 store] 
Database 'C:\Users\maddi\git\KIROL4ALL\Rides24\src\main\resources\rides.temp' is opened by 3352@DESKTOP-Q03EHD8

[2025-05-16 11:52:53 #2 type] 
Type domain.Sala is not enhanced.

[2025-05-16 11:52:53 #3 type] 
Type domain.Sesion is not enhanced.

[2025-05-16 11:52:53 #4 type] 
Type domain.Reserva is not enhanced.

[2025-05-16 11:52:53 #5 type] 
Type domain.Socio is not enhanced.

[2025-05-16 11:52:53 #6 type] 
Type domain.Actividades is not enhanced.

[2025-05-16 11:52:53 #7 type] 
Type domain.Factura is not enhanced.

------------------------------------------------------------------------------------------------------------------------

[2025-05-16 11:53:30 #1 store] 
Database 'C:\Users\maddi\git\KIROL4ALL\Rides24\src\main\resources\rides.temp' is opened by 5692@DESKTOP-Q03EHD8

[2025-05-16 11:53:30 #2 type] 
Type domain.Sala is not enhanced.

[2025-05-16 11:53:30 #3 type] 
Type domain.Sesion is not enhanced.

[2025-05-16 11:53:30 #4 type] 
Type domain.Reserva is not enhanced.

[2025-05-16 11:53:30 #5 type] 
Type domain.Socio is not enhanced.

[2025-05-16 11:53:30 #6 type] 
Type domain.Actividades is not enhanced.

[2025-05-16 11:53:30 #7 type] 
Type domain.Factura is not enhanced.

------------------------------------------------------------------------------------------------------------------------

[2025-05-16 11:55:05 #1 store] 
Database 'C:\Users\maddi\git\KIROL4ALL\Rides24\src\main\resources\rides.temp' is opened by 12628@DESKTOP-Q03EHD8

[2025-05-16 11:55:05 #2 type] 
Type domain.Sala is not enhanced.

[2025-05-16 11:55:05 #3 type] 
Type domain.Sesion is not enhanced.

[2025-05-16 11:55:05 #4 type] 
Type domain.Reserva is not enhanced.

[2025-05-16 11:55:05 #5 type] 
Type domain.Socio is not enhanced.

[2025-05-16 11:55:05 #6 type] 
Type domain.Actividades is not enhanced.

[2025-05-16 11:55:05 #7 type] 
Type domain.Factura is not enhanced.

------------------------------------------------------------------------------------------------------------------------

[2025-05-16 11:56:52 #1 store] 
Database 'C:\Users\maddi\git\KIROL4ALL\Rides24\src\main\resources\rides.temp' has been recovered (tr. 13-13)

[2025-05-16 11:56:52 #2 store] 
Database 'C:\Users\maddi\git\KIROL4ALL\Rides24\src\main\resources\rides.temp' is opened by 6240@DESKTOP-Q03EHD8

[2025-05-16 11:56:52 #3 type] 
Type domain.Sala is not enhanced.

[2025-05-16 11:56:52 #4 type] 
Type domain.Sesion is not enhanced.

[2025-05-16 11:56:52 #5 type] 
Type domain.Reserva is not enhanced.

[2025-05-16 11:56:52 #6 type] 
Type domain.Socio is not enhanced.

[2025-05-16 11:56:52 #7 type] 
Type domain.Actividades is not enhanced.

[2025-05-16 11:56:52 #8 type] 
Type domain.Factura is not enhanced.

------------------------------------------------------------------------------------------------------------------------

[2025-05-16 12:05:38 #1 store] 
Database 'C:\Users\maddi\git\KIROL4ALL\Rides24\src\main\resources\rides.temp' has been recovered (tr. 14-15)

[2025-05-16 12:05:38 #2 store] 
Database 'C:\Users\maddi\git\KIROL4ALL\Rides24\src\main\resources\rides.temp' is opened by 18860@DESKTOP-Q03EHD8

[2025-05-16 12:05:39 #3 type] 
Type domain.Sala is not enhanced.

[2025-05-16 12:05:39 #4 type] 
Type domain.Sesion is not enhanced.

[2025-05-16 12:05:39 #5 type] 
Type domain.Reserva is not enhanced.

[2025-05-16 12:05:39 #6 type] 
Type domain.Socio is not enhanced.

[2025-05-16 12:05:39 #7 type] 
Type domain.Actividades is not enhanced.

[2025-05-16 12:05:39 #8 type] 
Type domain.Factura is not enhanced.

------------------------------------------------------------------------------------------------------------------------

[2025-05-16 12:41:33 #1 store] 
Database 'C:\Users\maddi\git\KIROL4ALL\Rides24\src\main\resources\rides.temp' is opened by 8188@DESKTOP-Q03EHD8

[2025-05-16 12:41:33 #2 type] 
Type domain.Sala is not enhanced.

[2025-05-16 12:41:33 #3 type] 
Type domain.Sesion is not enhanced.

[2025-05-16 12:41:33 #4 type] 
Type domain.Reserva is not enhanced.

[2025-05-16 12:41:33 #5 type] 
Type domain.Socio is not enhanced.

[2025-05-16 12:41:33 #6 type] 
Type domain.Actividades is not enhanced.

[2025-05-16 12:41:33 #7 type] 
Type domain.Factura is not enhanced.

------------------------------------------------------------------------------------------------------------------------

[2025-05-16 13:34:42 #1 store] 
Database 'C:\Users\maddi\git\KIROL4ALL\Rides24\src\main\resources\rides.temp' is opened by 15292@DESKTOP-Q03EHD8

[2025-05-16 13:34:42 #2 type] 
Type domain.Sala is not enhanced.

[2025-05-16 13:34:42 #3 type] 
Type domain.Sesion is not enhanced.

[2025-05-16 13:34:42 #4 type] 
Type domain.Reserva is not enhanced.

[2025-05-16 13:34:42 #5 type] 
Type domain.Socio is not enhanced.

[2025-05-16 13:34:42 #6 type] 
Type domain.Actividades is not enhanced.

[2025-05-16 13:34:42 #7 type] 
Type domain.Factura is not enhanced.

------------------------------------------------------------------------------------------------------------------------

[2025-05-16 13:35:46 #1 store] 
Database 'C:\Users\maddi\git\KIROL4ALL\Rides24\src\main\resources\rides.temp' is opened by 18204@DESKTOP-Q03EHD8

[2025-05-16 13:35:46 #2 type] 
Type domain.Sala is not enhanced.

[2025-05-16 13:35:46 #3 type] 
Type domain.Sesion is not enhanced.

[2025-05-16 13:35:46 #4 type] 
Type domain.Reserva is not enhanced.

[2025-05-16 13:35:46 #5 type] 
Type domain.Socio is not enhanced.

[2025-05-16 13:35:46 #6 type] 
Type domain.Actividades is not enhanced.

[2025-05-16 13:35:46 #7 type] 
Type domain.Factura is not enhanced.

------------------------------------------------------------------------------------------------------------------------

[2025-05-16 13:36:08 #1 store] 
Database 'C:\Users\maddi\git\KIROL4ALL\Rides24\src\main\resources\rides.temp' is opened by 7900@DESKTOP-Q03EHD8

[2025-05-16 13:36:08 #2 type] 
Type domain.Sala is not enhanced.

[2025-05-16 13:36:08 #3 type] 
Type domain.Sesion is not enhanced.

[2025-05-16 13:36:08 #4 type] 
Type domain.Reserva is not enhanced.

[2025-05-16 13:36:08 #5 type] 
Type domain.Socio is not enhanced.

[2025-05-16 13:36:08 #6 type] 
Type domain.Actividades is not enhanced.

[2025-05-16 13:36:08 #7 type] 
Type domain.Factura is not enhanced.

------------------------------------------------------------------------------------------------------------------------

[2025-05-16 13:38:24 #1 store] 
Database 'C:\Users\maddi\git\KIROL4ALL\Rides24\src\main\resources\rides.temp' is opened by 14028@DESKTOP-Q03EHD8

[2025-05-16 13:38:24 #2 type] 
Type domain.Sala is not enhanced.

[2025-05-16 13:38:24 #3 type] 
Type domain.Sesion is not enhanced.

[2025-05-16 13:38:24 #4 type] 
Type domain.Reserva is not enhanced.

[2025-05-16 13:38:24 #5 type] 
Type domain.Socio is not enhanced.

[2025-05-16 13:38:24 #6 type] 
Type domain.Actividades is not enhanced.

[2025-05-16 13:38:24 #7 type] 
Type domain.Factura is not enhanced.

------------------------------------------------------------------------------------------------------------------------

[2025-05-16 13:39:08 #1 store] 
Database 'C:\Users\maddi\git\KIROL4ALL\Rides24\src\main\resources\rides.temp' is opened by 5040@DESKTOP-Q03EHD8

[2025-05-16 13:39:09 #2 type] 
Type domain.Sala is not enhanced.

[2025-05-16 13:39:09 #3 type] 
Type domain.Sesion is not enhanced.

[2025-05-16 13:39:09 #4 type] 
Type domain.Reserva is not enhanced.

[2025-05-16 13:39:09 #5 type] 
Type domain.Socio is not enhanced.

[2025-05-16 13:39:09 #6 type] 
Type domain.Actividades is not enhanced.

[2025-05-16 13:39:09 #7 type] 
Type domain.Factura is not enhanced.

------------------------------------------------------------------------------------------------------------------------

[2025-05-16 13:45:33 #1 store] 
Database 'C:\Users\maddi\git\KIROL4ALL\Rides24\src\main\resources\rides.temp' is opened by 2128@DESKTOP-Q03EHD8

[2025-05-16 13:45:33 #2 type] 
Type domain.Sala is not enhanced.

[2025-05-16 13:45:33 #3 type] 
Type domain.Sesion is not enhanced.

[2025-05-16 13:45:33 #4 type] 
Type domain.Reserva is not enhanced.

[2025-05-16 13:45:33 #5 type] 
Type domain.Socio is not enhanced.

[2025-05-16 13:45:33 #6 type] 
Type domain.Actividades is not enhanced.

[2025-05-16 13:45:33 #7 type] 
Type domain.Factura is not enhanced.

------------------------------------------------------------------------------------------------------------------------

[2025-05-16 13:46:02 #1 store] 
Database 'C:\Users\maddi\git\KIROL4ALL\Rides24\src\main\resources\rides.temp' is opened by 9416@DESKTOP-Q03EHD8

[2025-05-16 13:46:02 #2 type.registry] 
New type domain.Sala

[2025-05-16 13:46:02 #3 type] 
Type domain.Sala is not enhanced.

[2025-05-16 13:46:02 #4 type.registry] 
New type domain.Sesion

[2025-05-16 13:46:02 #5 type] 
Type domain.Sesion is not enhanced.

[2025-05-16 13:46:02 #6 type.registry] 
New type domain.Reserva

[2025-05-16 13:46:02 #7 type.registry] 
New type domain.Actividades

[2025-05-16 13:46:02 #8 type] 
Type domain.Reserva is not enhanced.

[2025-05-16 13:46:02 #9 type.registry] 
New type domain.Socio

[2025-05-16 13:46:02 #10 type] 
Type domain.Actividades is not enhanced.

[2025-05-16 13:46:02 #11 type] 
Type domain.Socio is not enhanced.

[2025-05-16 13:46:02 #12 type.registry] 
New type domain.Factura

[2025-05-16 13:46:02 #13 type] 
Type domain.Factura is not enhanced.

[2025-05-16 13:46:02 #14 type.registry] 
New type java.util.Vector<java.lang.Object>

[2025-05-16 13:46:02 #15 type.registry] 
New type java.util.Vector<domain.Sesion>

[2025-05-16 13:46:02 #16 type.registry] 
New type java.util.Vector<domain.Reserva>

[2025-05-16 13:46:02 #17 type.registry] 
New type java.util.Vector<domain.Factura>

------------------------------------------------------------------------------------------------------------------------

[2025-05-16 13:48:52 #1 store] 
Database 'C:\Users\maddi\git\KIROL4ALL\Rides24\src\main\resources\rides.temp' has been recovered (tr. 1-9)

[2025-05-16 13:48:52 #2 store] 
Database 'C:\Users\maddi\git\KIROL4ALL\Rides24\src\main\resources\rides.temp' is opened by 13428@DESKTOP-Q03EHD8

[2025-05-16 13:48:52 #3 type] 
Type domain.Sala is not enhanced.

[2025-05-16 13:48:52 #4 type] 
Type domain.Sesion is not enhanced.

[2025-05-16 13:48:52 #5 type] 
Type domain.Reserva is not enhanced.

[2025-05-16 13:48:52 #6 type] 
Type domain.Actividades is not enhanced.

[2025-05-16 13:48:52 #7 type] 
Type domain.Socio is not enhanced.

[2025-05-16 13:48:52 #8 type] 
Type domain.Factura is not enhanced.

------------------------------------------------------------------------------------------------------------------------

[2025-05-16 13:57:39 #1 store] 
Database 'C:\Users\maddi\git\KIROL4ALL\Rides24\src\main\resources\rides.temp' is opened by 20276@DESKTOP-Q03EHD8

[2025-05-16 13:57:39 #2 type] 
Type domain.Sala is not enhanced.

[2025-05-16 13:57:39 #3 type] 
Type domain.Sesion is not enhanced.

[2025-05-16 13:57:39 #4 type] 
Type domain.Reserva is not enhanced.

[2025-05-16 13:57:39 #5 type] 
Type domain.Actividades is not enhanced.

[2025-05-16 13:57:39 #6 type] 
Type domain.Socio is not enhanced.

[2025-05-16 13:57:39 #7 type] 
Type domain.Factura is not enhanced.

------------------------------------------------------------------------------------------------------------------------

[2025-05-16 13:59:51 #1 store] 
Database 'C:\Users\maddi\git\KIROL4ALL\Rides24\src\main\resources\rides.temp' is opened by 8932@DESKTOP-Q03EHD8

[2025-05-16 13:59:51 #2 type] 
Type domain.Sala is not enhanced.

[2025-05-16 13:59:51 #3 type] 
Type domain.Sesion is not enhanced.

[2025-05-16 13:59:51 #4 type] 
Type domain.Reserva is not enhanced.

[2025-05-16 13:59:51 #5 type] 
Type domain.Actividades is not enhanced.

[2025-05-16 13:59:51 #6 type] 
Type domain.Socio is not enhanced.

[2025-05-16 13:59:51 #7 type] 
Type domain.Factura is not enhanced.

------------------------------------------------------------------------------------------------------------------------

[2025-05-16 14:19:29 #1 store] 
Database 'C:\Users\maddi\git\KIROL4ALL\Rides24\src\main\resources\rides.temp' is opened by 17164@DESKTOP-Q03EHD8

[2025-05-16 14:19:29 #2 type] 
Type domain.Sala is not enhanced.

[2025-05-16 14:19:29 #3 type] 
Type domain.Sesion is not enhanced.

[2025-05-16 14:19:29 #4 type] 
Type domain.Reserva is not enhanced.

[2025-05-16 14:19:29 #5 type] 
Type domain.Actividades is not enhanced.

[2025-05-16 14:19:29 #6 type] 
Type domain.Socio is not enhanced.

[2025-05-16 14:19:29 #7 type] 
Type domain.Factura is not enhanced.

------------------------------------------------------------------------------------------------------------------------

[2025-05-16 14:21:06 #1 store] 
Database 'C:\Users\maddi\git\KIROL4ALL\Rides24\src\main\resources\rides.temp' is opened by 14212@DESKTOP-Q03EHD8

[2025-05-16 14:21:06 #2 type] 
Type domain.Sala is not enhanced.

[2025-05-16 14:21:06 #3 type] 
Type domain.Sesion is not enhanced.

[2025-05-16 14:21:06 #4 type] 
Type domain.Reserva is not enhanced.

[2025-05-16 14:21:06 #5 type] 
Type domain.Actividades is not enhanced.

[2025-05-16 14:21:06 #6 type] 
Type domain.Socio is not enhanced.

[2025-05-16 14:21:06 #7 type] 
Type domain.Factura is not enhanced.

------------------------------------------------------------------------------------------------------------------------

[2025-05-16 14:24:13 #1 store] 
Database 'C:\Users\maddi\git\KIROL4ALL\Rides24\src\main\resources\rides.temp' has been recovered (tr. 10-10)

[2025-05-16 14:24:13 #2 store] 
Database 'C:\Users\maddi\git\KIROL4ALL\Rides24\src\main\resources\rides.temp' is opened by 13888@DESKTOP-Q03EHD8

[2025-05-16 14:24:14 #3 type] 
Type domain.Sala is not enhanced.

[2025-05-16 14:24:14 #4 type] 
Type domain.Sesion is not enhanced.

[2025-05-16 14:24:14 #5 type] 
Type domain.Reserva is not enhanced.

[2025-05-16 14:24:14 #6 type] 
Type domain.Actividades is not enhanced.

[2025-05-16 14:24:14 #7 type] 
Type domain.Socio is not enhanced.

[2025-05-16 14:24:14 #8 type] 
Type domain.Factura is not enhanced.

------------------------------------------------------------------------------------------------------------------------

[2025-05-16 14:24:43 #1 store] 
Database 'C:\Users\maddi\git\KIROL4ALL\Rides24\src\main\resources\rides.temp' is opened by 2976@DESKTOP-Q03EHD8

[2025-05-16 14:24:43 #2 type.registry] 
New type domain.Sala

[2025-05-16 14:24:43 #3 type] 
Type domain.Sala is not enhanced.

[2025-05-16 14:24:43 #4 type.registry] 
New type domain.Sesion

[2025-05-16 14:24:43 #5 type] 
Type domain.Sesion is not enhanced.

[2025-05-16 14:24:43 #6 type.registry] 
New type domain.Reserva

[2025-05-16 14:24:43 #7 type.registry] 
New type domain.Actividades

[2025-05-16 14:24:43 #8 type] 
Type domain.Reserva is not enhanced.

[2025-05-16 14:24:43 #9 type.registry] 
New type domain.Socio

[2025-05-16 14:24:43 #10 type] 
Type domain.Actividades is not enhanced.

[2025-05-16 14:24:43 #11 type] 
Type domain.Socio is not enhanced.

[2025-05-16 14:24:43 #12 type.registry] 
New type domain.Factura

[2025-05-16 14:24:43 #13 type] 
Type domain.Factura is not enhanced.

[2025-05-16 14:24:43 #14 type.registry] 
New type java.util.Vector<java.lang.Object>

[2025-05-16 14:24:43 #15 type.registry] 
New type java.util.Vector<domain.Sesion>

[2025-05-16 14:24:43 #16 type.registry] 
New type java.util.Vector<domain.Reserva>

[2025-05-16 14:24:43 #17 type.registry] 
New type java.util.Vector<domain.Factura>

------------------------------------------------------------------------------------------------------------------------

[2025-05-16 14:25:00 #1 store] 
Database 'C:\Users\maddi\git\KIROL4ALL\Rides24\src\main\resources\rides.temp' is opened by 6488@DESKTOP-Q03EHD8

[2025-05-16 14:25:00 #2 type.registry] 
New type domain.Sala

[2025-05-16 14:25:00 #3 type] 
Type domain.Sala is not enhanced.

[2025-05-16 14:25:00 #4 type.registry] 
New type domain.Sesion

[2025-05-16 14:25:00 #5 type] 
Type domain.Sesion is not enhanced.

[2025-05-16 14:25:00 #6 type.registry] 
New type domain.Reserva

[2025-05-16 14:25:00 #7 type.registry] 
New type domain.Actividades

[2025-05-16 14:25:00 #8 type] 
Type domain.Reserva is not enhanced.

[2025-05-16 14:25:00 #9 type.registry] 
New type domain.Socio

[2025-05-16 14:25:00 #10 type] 
Type domain.Actividades is not enhanced.

[2025-05-16 14:25:00 #11 type] 
Type domain.Socio is not enhanced.

[2025-05-16 14:25:00 #12 type.registry] 
New type domain.Factura

[2025-05-16 14:25:00 #13 type] 
Type domain.Factura is not enhanced.

[2025-05-16 14:25:00 #14 type.registry] 
New type java.util.Vector<java.lang.Object>

[2025-05-16 14:25:00 #15 type.registry] 
New type java.util.Vector<domain.Sesion>

[2025-05-16 14:25:00 #16 type.registry] 
New type java.util.Vector<domain.Reserva>

[2025-05-16 14:25:00 #17 type.registry] 
New type java.util.Vector<domain.Factura>

------------------------------------------------------------------------------------------------------------------------

[2025-05-16 14:25:49 #1 store] 
Database 'C:\Users\maddi\git\KIROL4ALL\Rides24\src\main\resources\rides.temp' has been recovered (tr. 1-9)

[2025-05-16 14:25:49 #2 store] 
Database 'C:\Users\maddi\git\KIROL4ALL\Rides24\src\main\resources\rides.temp' is opened by 8376@DESKTOP-Q03EHD8

[2025-05-16 14:25:50 #3 type] 
Type domain.Sala is not enhanced.

[2025-05-16 14:25:50 #4 type] 
Type domain.Sesion is not enhanced.

[2025-05-16 14:25:50 #5 type] 
Type domain.Reserva is not enhanced.

[2025-05-16 14:25:50 #6 type] 
Type domain.Actividades is not enhanced.

[2025-05-16 14:25:50 #7 type] 
Type domain.Socio is not enhanced.

[2025-05-16 14:25:50 #8 type] 
Type domain.Factura is not enhanced.

------------------------------------------------------------------------------------------------------------------------

[2025-05-16 14:30:19 #1 store] 
Database 'C:\Users\maddi\git\KIROL4ALL\Rides24\src\main\resources\rides.temp' has been recovered (tr. 10-10)

[2025-05-16 14:30:19 #2 store] 
Database 'C:\Users\maddi\git\KIROL4ALL\Rides24\src\main\resources\rides.temp' is opened by 1400@DESKTOP-Q03EHD8

[2025-05-16 14:30:19 #3 type] 
Type domain.Sala is not enhanced.

[2025-05-16 14:30:19 #4 type] 
Type domain.Sesion is not enhanced.

[2025-05-16 14:30:19 #5 type] 
Type domain.Reserva is not enhanced.

[2025-05-16 14:30:19 #6 type] 
Type domain.Actividades is not enhanced.

[2025-05-16 14:30:19 #7 type] 
Type domain.Socio is not enhanced.

[2025-05-16 14:30:19 #8 type] 
Type domain.Factura is not enhanced.

------------------------------------------------------------------------------------------------------------------------

[2025-05-16 14:31:15 #1 store] 
Database 'C:\Users\maddi\git\KIROL4ALL\Rides24\src\main\resources\rides.temp' has been recovered (tr. 11-11)

[2025-05-16 14:31:15 #2 store] 
Database 'C:\Users\maddi\git\KIROL4ALL\Rides24\src\main\resources\rides.temp' is opened by 680@DESKTOP-Q03EHD8

[2025-05-16 14:31:16 #3 type] 
Type domain.Sala is not enhanced.

[2025-05-16 14:31:16 #4 type] 
Type domain.Sesion is not enhanced.

[2025-05-16 14:31:16 #5 type] 
Type domain.Reserva is not enhanced.

[2025-05-16 14:31:16 #6 type] 
Type domain.Actividades is not enhanced.

[2025-05-16 14:31:16 #7 type] 
Type domain.Socio is not enhanced.

[2025-05-16 14:31:16 #8 type] 
Type domain.Factura is not enhanced.

------------------------------------------------------------------------------------------------------------------------

[2025-05-16 14:33:13 #1 store] 
Database 'C:\Users\maddi\git\KIROL4ALL\Rides24\src\main\resources\rides.temp' is opened by 20100@DESKTOP-Q03EHD8

[2025-05-16 14:33:13 #2 type] 
Type domain.Sala is not enhanced.

[2025-05-16 14:33:13 #3 type] 
Type domain.Sesion is not enhanced.

[2025-05-16 14:33:13 #4 type] 
Type domain.Reserva is not enhanced.

[2025-05-16 14:33:13 #5 type] 
Type domain.Actividades is not enhanced.

[2025-05-16 14:33:13 #6 type] 
Type domain.Socio is not enhanced.

[2025-05-16 14:33:13 #7 type] 
Type domain.Factura is not enhanced.

------------------------------------------------------------------------------------------------------------------------

[2025-05-16 14:40:08 #1 store] 
Database 'C:\Users\maddi\git\KIROL4ALL\Rides24\src\main\resources\rides.temp' has been recovered (tr. 12-12)

[2025-05-16 14:40:08 #2 store] 
Database 'C:\Users\maddi\git\KIROL4ALL\Rides24\src\main\resources\rides.temp' is opened by 17664@DESKTOP-Q03EHD8

[2025-05-16 14:40:08 #3 type] 
Type domain.Sala is not enhanced.

[2025-05-16 14:40:08 #4 type] 
Type domain.Sesion is not enhanced.

[2025-05-16 14:40:08 #5 type] 
Type domain.Reserva is not enhanced.

[2025-05-16 14:40:08 #6 type] 
Type domain.Actividades is not enhanced.

[2025-05-16 14:40:08 #7 type] 
Type domain.Socio is not enhanced.

[2025-05-16 14:40:08 #8 type] 
Type domain.Factura is not enhanced.

------------------------------------------------------------------------------------------------------------------------

[2025-05-16 14:40:43 #1 store] 
Database 'C:\Users\maddi\git\KIROL4ALL\Rides24\src\main\resources\rides.temp' is opened by 10416@DESKTOP-Q03EHD8

[2025-05-16 14:40:43 #2 type.registry] 
New type domain.Sala

[2025-05-16 14:40:43 #3 type] 
Type domain.Sala is not enhanced.

[2025-05-16 14:40:43 #4 type.registry] 
New type domain.Sesion

[2025-05-16 14:40:43 #5 type] 
Type domain.Sesion is not enhanced.

[2025-05-16 14:40:43 #6 type.registry] 
New type domain.Reserva

[2025-05-16 14:40:43 #7 type.registry] 
New type domain.Actividades

[2025-05-16 14:40:43 #8 type] 
Type domain.Reserva is not enhanced.

[2025-05-16 14:40:43 #9 type.registry] 
New type domain.Socio

[2025-05-16 14:40:43 #10 type] 
Type domain.Actividades is not enhanced.

[2025-05-16 14:40:43 #11 type] 
Type domain.Socio is not enhanced.

[2025-05-16 14:40:43 #12 type.registry] 
New type domain.Factura

[2025-05-16 14:40:43 #13 type] 
Type domain.Factura is not enhanced.

[2025-05-16 14:40:43 #14 type.registry] 
New type java.util.Vector<java.lang.Object>

[2025-05-16 14:40:43 #15 type.registry] 
New type java.util.Vector<domain.Sesion>

[2025-05-16 14:40:43 #16 type.registry] 
New type java.util.Vector<domain.Reserva>

[2025-05-16 14:40:43 #17 type.registry] 
New type java.util.Vector<domain.Factura>

------------------------------------------------------------------------------------------------------------------------

[2025-05-16 14:41:06 #1 store] 
Database 'C:\Users\maddi\git\KIROL4ALL\Rides24\src\main\resources\rides.temp' has been recovered (tr. 1-9)

[2025-05-16 14:41:06 #2 store] 
Database 'C:\Users\maddi\git\KIROL4ALL\Rides24\src\main\resources\rides.temp' is opened by 13492@DESKTOP-Q03EHD8

[2025-05-16 14:41:06 #3 type] 
Type domain.Sala is not enhanced.

[2025-05-16 14:41:06 #4 type] 
Type domain.Sesion is not enhanced.

[2025-05-16 14:41:06 #5 type] 
Type domain.Reserva is not enhanced.

[2025-05-16 14:41:06 #6 type] 
Type domain.Actividades is not enhanced.

[2025-05-16 14:41:06 #7 type] 
Type domain.Socio is not enhanced.

[2025-05-16 14:41:06 #8 type] 
Type domain.Factura is not enhanced.

------------------------------------------------------------------------------------------------------------------------

[2025-05-16 14:42:03 #1 store] 
Database 'C:\Users\maddi\git\KIROL4ALL\Rides24\src\main\resources\rides.temp' is opened by 14968@DESKTOP-Q03EHD8

[2025-05-16 14:42:03 #2 type] 
Type domain.Sala is not enhanced.

[2025-05-16 14:42:03 #3 type] 
Type domain.Sesion is not enhanced.

[2025-05-16 14:42:03 #4 type] 
Type domain.Reserva is not enhanced.

[2025-05-16 14:42:03 #5 type] 
Type domain.Actividades is not enhanced.

[2025-05-16 14:42:03 #6 type] 
Type domain.Socio is not enhanced.

[2025-05-16 14:42:03 #7 type] 
Type domain.Factura is not enhanced.

------------------------------------------------------------------------------------------------------------------------

[2025-05-16 14:43:52 #1 store] 
Database 'C:\Users\maddi\git\KIROL4ALL\Rides24\src\main\resources\rides.temp' is opened by 18088@DESKTOP-Q03EHD8

[2025-05-16 14:43:52 #2 type] 
Type domain.Sala is not enhanced.

[2025-05-16 14:43:52 #3 type] 
Type domain.Sesion is not enhanced.

[2025-05-16 14:43:52 #4 type] 
Type domain.Reserva is not enhanced.

[2025-05-16 14:43:52 #5 type] 
Type domain.Actividades is not enhanced.

[2025-05-16 14:43:52 #6 type] 
Type domain.Socio is not enhanced.

[2025-05-16 14:43:52 #7 type] 
Type domain.Factura is not enhanced.

------------------------------------------------------------------------------------------------------------------------

[2025-05-16 14:44:20 #1 store] 
Database 'C:\Users\maddi\git\KIROL4ALL\Rides24\src\main\resources\rides.temp' is opened by 21168@DESKTOP-Q03EHD8

[2025-05-16 14:44:20 #2 type] 
Type domain.Sala is not enhanced.

[2025-05-16 14:44:20 #3 type] 
Type domain.Sesion is not enhanced.

[2025-05-16 14:44:20 #4 type] 
Type domain.Reserva is not enhanced.

[2025-05-16 14:44:20 #5 type] 
Type domain.Actividades is not enhanced.

[2025-05-16 14:44:20 #6 type] 
Type domain.Socio is not enhanced.

[2025-05-16 14:44:20 #7 type] 
Type domain.Factura is not enhanced.

------------------------------------------------------------------------------------------------------------------------

[2025-05-16 14:44:49 #1 store] 
Database 'C:\Users\maddi\git\KIROL4ALL\Rides24\src\main\resources\rides.temp' is opened by 20992@DESKTOP-Q03EHD8

[2025-05-16 14:44:49 #2 type] 
Type domain.Sala is not enhanced.

[2025-05-16 14:44:49 #3 type] 
Type domain.Sesion is not enhanced.

[2025-05-16 14:44:49 #4 type] 
Type domain.Reserva is not enhanced.

[2025-05-16 14:44:49 #5 type] 
Type domain.Actividades is not enhanced.

[2025-05-16 14:44:49 #6 type] 
Type domain.Socio is not enhanced.

[2025-05-16 14:44:49 #7 type] 
Type domain.Factura is not enhanced.

------------------------------------------------------------------------------------------------------------------------

[2025-05-16 14:46:49 #1 store] 
Database 'C:\Users\maddi\git\KIROL4ALL\Rides24\src\main\resources\rides.temp' is opened by 17616@DESKTOP-Q03EHD8

[2025-05-16 14:46:49 #2 type] 
Type domain.Sala is not enhanced.

[2025-05-16 14:46:49 #3 type] 
Type domain.Sesion is not enhanced.

[2025-05-16 14:46:49 #4 type] 
Type domain.Reserva is not enhanced.

[2025-05-16 14:46:49 #5 type] 
Type domain.Actividades is not enhanced.

[2025-05-16 14:46:49 #6 type] 
Type domain.Socio is not enhanced.

[2025-05-16 14:46:49 #7 type] 
Type domain.Factura is not enhanced.

------------------------------------------------------------------------------------------------------------------------

[2025-05-16 14:48:55 #1 store] 
Database 'C:\Users\maddi\git\KIROL4ALL\Rides24\src\main\resources\rides.temp' is opened by 21472@DESKTOP-Q03EHD8

[2025-05-16 14:48:55 #2 type] 
Type domain.Sala is not enhanced.

[2025-05-16 14:48:55 #3 type] 
Type domain.Sesion is not enhanced.

[2025-05-16 14:48:55 #4 type] 
Type domain.Reserva is not enhanced.

[2025-05-16 14:48:55 #5 type] 
Type domain.Actividades is not enhanced.

[2025-05-16 14:48:55 #6 type] 
Type domain.Socio is not enhanced.

[2025-05-16 14:48:55 #7 type] 
Type domain.Factura is not enhanced.

------------------------------------------------------------------------------------------------------------------------

[2025-05-16 14:50:38 #1 store] 
Database 'C:\Users\maddi\git\KIROL4ALL\Rides24\src\main\resources\rides.temp' is opened by 21444@DESKTOP-Q03EHD8

[2025-05-16 14:50:38 #2 type] 
Type domain.Sala is not enhanced.

[2025-05-16 14:50:38 #3 type] 
Type domain.Sesion is not enhanced.

[2025-05-16 14:50:38 #4 type] 
Type domain.Reserva is not enhanced.

[2025-05-16 14:50:38 #5 type] 
Type domain.Actividades is not enhanced.

[2025-05-16 14:50:38 #6 type] 
Type domain.Socio is not enhanced.

[2025-05-16 14:50:38 #7 type] 
Type domain.Factura is not enhanced.

------------------------------------------------------------------------------------------------------------------------

[2025-05-16 14:52:44 #1 store] 
Database 'C:\Users\maddi\git\KIROL4ALL\Rides24\src\main\resources\rides.temp' is opened by 9388@DESKTOP-Q03EHD8

[2025-05-16 14:52:44 #2 type] 
Type domain.Sala is not enhanced.

[2025-05-16 14:52:44 #3 type] 
Type domain.Sesion is not enhanced.

[2025-05-16 14:52:44 #4 type] 
Type domain.Reserva is not enhanced.

[2025-05-16 14:52:44 #5 type] 
Type domain.Actividades is not enhanced.

[2025-05-16 14:52:44 #6 type] 
Type domain.Socio is not enhanced.

[2025-05-16 14:52:44 #7 type] 
Type domain.Factura is not enhanced.

------------------------------------------------------------------------------------------------------------------------

[2025-05-16 14:53:53 #1 store] 
Database 'C:\Users\maddi\git\KIROL4ALL\Rides24\src\main\resources\rides.temp' is opened by 19052@DESKTOP-Q03EHD8

[2025-05-16 14:53:53 #2 type.registry] 
New type domain.Sala

[2025-05-16 14:53:53 #3 type] 
Type domain.Sala is not enhanced.

[2025-05-16 14:53:53 #4 type.registry] 
New type domain.Sesion

[2025-05-16 14:53:53 #5 type] 
Type domain.Sesion is not enhanced.

[2025-05-16 14:53:53 #6 type.registry] 
New type domain.Reserva

[2025-05-16 14:53:53 #7 type.registry] 
New type domain.Actividades

[2025-05-16 14:53:53 #8 type] 
Type domain.Reserva is not enhanced.

[2025-05-16 14:53:53 #9 type.registry] 
New type domain.Socio

[2025-05-16 14:53:53 #10 type] 
Type domain.Actividades is not enhanced.

[2025-05-16 14:53:53 #11 type] 
Type domain.Socio is not enhanced.

[2025-05-16 14:53:53 #12 type.registry] 
New type domain.Factura

[2025-05-16 14:53:53 #13 type] 
Type domain.Factura is not enhanced.

[2025-05-16 14:53:53 #14 type.registry] 
New type java.util.Vector<java.lang.Object>

[2025-05-16 14:53:53 #15 type.registry] 
New type java.util.Vector<domain.Sesion>

[2025-05-16 14:53:53 #16 type.registry] 
New type java.util.Vector<domain.Reserva>

[2025-05-16 14:53:53 #17 type.registry] 
New type java.util.Vector<domain.Factura>

------------------------------------------------------------------------------------------------------------------------

[2025-05-16 14:55:01 #1 store] 
Database 'C:\Users\maddi\git\KIROL4ALL\Rides24\src\main\resources\rides.temp' is opened by 19568@DESKTOP-Q03EHD8

[2025-05-16 14:55:02 #2 type.registry] 
New type domain.Sala

[2025-05-16 14:55:02 #3 type] 
Type domain.Sala is not enhanced.

[2025-05-16 14:55:02 #4 type.registry] 
New type domain.Sesion

[2025-05-16 14:55:02 #5 type] 
Type domain.Sesion is not enhanced.

[2025-05-16 14:55:02 #6 type.registry] 
New type domain.Reserva

[2025-05-16 14:55:02 #7 type.registry] 
New type domain.Actividades

[2025-05-16 14:55:02 #8 type] 
Type domain.Reserva is not enhanced.

[2025-05-16 14:55:02 #9 type.registry] 
New type domain.Socio

[2025-05-16 14:55:02 #10 type] 
Type domain.Actividades is not enhanced.

[2025-05-16 14:55:02 #11 type] 
Type domain.Socio is not enhanced.

[2025-05-16 14:55:02 #12 type.registry] 
New type domain.Factura

[2025-05-16 14:55:02 #13 type] 
Type domain.Factura is not enhanced.

[2025-05-16 14:55:02 #14 type.registry] 
New type java.util.Vector<java.lang.Object>

[2025-05-16 14:55:02 #15 type.registry] 
New type java.util.Vector<domain.Sesion>

[2025-05-16 14:55:02 #16 type.registry] 
New type java.util.Vector<domain.Reserva>

[2025-05-16 14:55:02 #17 type.registry] 
New type java.util.Vector<domain.Factura>

------------------------------------------------------------------------------------------------------------------------

[2025-05-16 15:06:41 #1 store] 
Database 'C:\Users\maddi\git\KIROL4ALL\Rides24\src\main\resources\rides.temp' is opened by 17576@DESKTOP-Q03EHD8

[2025-05-16 15:06:41 #2 type.registry] 
New type domain.Sala

[2025-05-16 15:06:41 #3 type] 
Type domain.Sala is not enhanced.

[2025-05-16 15:06:41 #4 type.registry] 
New type domain.Sesion

[2025-05-16 15:06:41 #5 type] 
Type domain.Sesion is not enhanced.

[2025-05-16 15:06:41 #6 type.registry] 
New type domain.Reserva

[2025-05-16 15:06:41 #7 type.registry] 
New type domain.Actividades

[2025-05-16 15:06:41 #8 type] 
Type domain.Reserva is not enhanced.

[2025-05-16 15:06:41 #9 type.registry] 
New type domain.Socio

[2025-05-16 15:06:41 #10 type] 
Type domain.Actividades is not enhanced.

[2025-05-16 15:06:41 #11 type] 
Type domain.Socio is not enhanced.

[2025-05-16 15:06:41 #12 type.registry] 
New type domain.Factura

[2025-05-16 15:06:41 #13 type] 
Type domain.Factura is not enhanced.

[2025-05-16 15:06:41 #14 type.registry] 
New type java.util.Vector<java.lang.Object>

[2025-05-16 15:06:41 #15 type.registry] 
New type java.util.Vector<domain.Sesion>

[2025-05-16 15:06:41 #16 type.registry] 
New type java.util.Vector<domain.Reserva>

[2025-05-16 15:06:41 #17 type.registry] 
New type java.util.Vector<domain.Factura>

------------------------------------------------------------------------------------------------------------------------

[2025-05-16 15:08:25 #1 store] 
Database 'C:\Users\maddi\git\KIROL4ALL\Rides24\src\main\resources\rides.temp' is opened by 10796@DESKTOP-Q03EHD8

[2025-05-16 15:08:25 #2 type.registry] 
New type domain.Sala

[2025-05-16 15:08:25 #3 type] 
Type domain.Sala is not enhanced.

[2025-05-16 15:08:25 #4 type.registry] 
New type domain.Sesion

[2025-05-16 15:08:25 #5 type] 
Type domain.Sesion is not enhanced.

[2025-05-16 15:08:25 #6 type.registry] 
New type domain.Reserva

[2025-05-16 15:08:25 #7 type.registry] 
New type domain.Actividades

[2025-05-16 15:08:25 #8 type] 
Type domain.Reserva is not enhanced.

[2025-05-16 15:08:25 #9 type.registry] 
New type domain.Socio

[2025-05-16 15:08:25 #10 type] 
Type domain.Actividades is not enhanced.

[2025-05-16 15:08:25 #11 type] 
Type domain.Socio is not enhanced.

[2025-05-16 15:08:25 #12 type.registry] 
New type domain.Factura

[2025-05-16 15:08:25 #13 type] 
Type domain.Factura is not enhanced.

[2025-05-16 15:08:26 #14 type.registry] 
New type java.util.Vector<java.lang.Object>

[2025-05-16 15:08:26 #15 type.registry] 
New type java.util.Vector<domain.Sesion>

[2025-05-16 15:08:26 #16 type.registry] 
New type java.util.Vector<domain.Reserva>

[2025-05-16 15:08:26 #17 type.registry] 
New type java.util.Vector<domain.Factura>

------------------------------------------------------------------------------------------------------------------------

[2025-05-16 15:10:26 #1 store] 
Database 'C:\Users\maddi\git\KIROL4ALL\Rides24\src\main\resources\rides.temp' is opened by 19220@DESKTOP-Q03EHD8

[2025-05-16 15:10:26 #2 type.registry] 
New type domain.Sala

[2025-05-16 15:10:26 #3 type] 
Type domain.Sala is not enhanced.

[2025-05-16 15:10:26 #4 type.registry] 
New type domain.Sesion

[2025-05-16 15:10:26 #5 type] 
Type domain.Sesion is not enhanced.

[2025-05-16 15:10:26 #6 type.registry] 
New type domain.Reserva

[2025-05-16 15:10:26 #7 type.registry] 
New type domain.Actividades

[2025-05-16 15:10:26 #8 type] 
Type domain.Reserva is not enhanced.

[2025-05-16 15:10:26 #9 type.registry] 
New type domain.Socio

[2025-05-16 15:10:26 #10 type] 
Type domain.Actividades is not enhanced.

[2025-05-16 15:10:26 #11 type] 
Type domain.Socio is not enhanced.

[2025-05-16 15:10:26 #12 type.registry] 
New type domain.Factura

[2025-05-16 15:10:26 #13 type] 
Type domain.Factura is not enhanced.

[2025-05-16 15:10:26 #14 type.registry] 
New type java.util.Vector<java.lang.Object>

[2025-05-16 15:10:26 #15 type.registry] 
New type java.util.Vector<domain.Sesion>

[2025-05-16 15:10:26 #16 type.registry] 
New type java.util.Vector<domain.Reserva>

[2025-05-16 15:10:26 #17 type.registry] 
New type java.util.Vector<domain.Factura>

------------------------------------------------------------------------------------------------------------------------

[2025-05-16 15:12:54 #1 store] 
Database 'C:\Users\maddi\git\KIROL4ALL\Rides24\src\main\resources\rides.temp' is opened by 19756@DESKTOP-Q03EHD8

[2025-05-16 15:12:54 #2 type.registry] 
New type domain.Sala

[2025-05-16 15:12:54 #3 type] 
Type domain.Sala is not enhanced.

[2025-05-16 15:12:54 #4 type.registry] 
New type domain.Sesion

[2025-05-16 15:12:54 #5 type] 
Type domain.Sesion is not enhanced.

[2025-05-16 15:12:54 #6 type.registry] 
New type domain.Reserva

[2025-05-16 15:12:54 #7 type.registry] 
New type domain.Actividades

[2025-05-16 15:12:54 #8 type] 
Type domain.Reserva is not enhanced.

[2025-05-16 15:12:54 #9 type.registry] 
New type domain.Socio

[2025-05-16 15:12:54 #10 type] 
Type domain.Actividades is not enhanced.

[2025-05-16 15:12:54 #11 type] 
Type domain.Socio is not enhanced.

[2025-05-16 15:12:54 #12 type.registry] 
New type domain.Factura

[2025-05-16 15:12:54 #13 type] 
Type domain.Factura is not enhanced.

[2025-05-16 15:12:54 #14 type.registry] 
New type java.util.Vector<java.lang.Object>

[2025-05-16 15:12:54 #15 type.registry] 
New type java.util.Vector<domain.Sesion>

[2025-05-16 15:12:54 #16 type.registry] 
New type java.util.Vector<domain.Reserva>

[2025-05-16 15:12:54 #17 type.registry] 
New type java.util.Vector<domain.Factura>

------------------------------------------------------------------------------------------------------------------------

[2025-05-16 15:18:23 #1 store] 
Database 'C:\Users\maddi\git\KIROL4ALL\Rides24\src\main\resources\rides.temp' is opened by 17928@DESKTOP-Q03EHD8

[2025-05-16 15:18:23 #2 type.registry] 
New type domain.Sala

[2025-05-16 15:18:23 #3 type] 
Type domain.Sala is not enhanced.

[2025-05-16 15:18:23 #4 type.registry] 
New type domain.Sesion

[2025-05-16 15:18:23 #5 type] 
Type domain.Sesion is not enhanced.

[2025-05-16 15:18:23 #6 type.registry] 
New type domain.Reserva

[2025-05-16 15:18:23 #7 type.registry] 
New type domain.Actividades

[2025-05-16 15:18:23 #8 type] 
Type domain.Reserva is not enhanced.

[2025-05-16 15:18:23 #9 type.registry] 
New type domain.Socio

[2025-05-16 15:18:23 #10 type] 
Type domain.Actividades is not enhanced.

[2025-05-16 15:18:23 #11 type] 
Type domain.Socio is not enhanced.

[2025-05-16 15:18:23 #12 type.registry] 
New type domain.Factura

[2025-05-16 15:18:23 #13 type] 
Type domain.Factura is not enhanced.

[2025-05-16 15:18:23 #14 type.registry] 
New type java.util.Vector<java.lang.Object>

[2025-05-16 15:18:23 #15 type.registry] 
New type java.util.Vector<domain.Sesion>

[2025-05-16 15:18:23 #16 type.registry] 
New type java.util.Vector<domain.Reserva>

[2025-05-16 15:18:23 #17 type.registry] 
New type java.util.Vector<domain.Factura>

------------------------------------------------------------------------------------------------------------------------

[2025-05-16 15:22:29 #1 store] 
Database 'C:\Users\maddi\git\KIROL4ALL\Rides24\src\main\resources\rides.temp' is opened by 12752@DESKTOP-Q03EHD8

[2025-05-16 15:22:29 #2 type.registry] 
New type domain.Sala

[2025-05-16 15:22:29 #3 type] 
Type domain.Sala is not enhanced.

[2025-05-16 15:22:29 #4 type.registry] 
New type domain.Sesion

[2025-05-16 15:22:29 #5 type] 
Type domain.Sesion is not enhanced.

[2025-05-16 15:22:29 #6 type.registry] 
New type domain.Reserva

[2025-05-16 15:22:29 #7 type.registry] 
New type domain.Actividades

[2025-05-16 15:22:29 #8 type] 
Type domain.Reserva is not enhanced.

[2025-05-16 15:22:29 #9 type.registry] 
New type domain.Socio

[2025-05-16 15:22:29 #10 type] 
Type domain.Actividades is not enhanced.

[2025-05-16 15:22:29 #11 type] 
Type domain.Socio is not enhanced.

[2025-05-16 15:22:29 #12 type.registry] 
New type domain.Factura

[2025-05-16 15:22:29 #13 type] 
Type domain.Factura is not enhanced.

[2025-05-16 15:22:29 #14 type.registry] 
New type java.util.Vector<java.lang.Object>

[2025-05-16 15:22:29 #15 type.registry] 
New type java.util.Vector<domain.Sesion>

[2025-05-16 15:22:29 #16 type.registry] 
New type java.util.Vector<domain.Reserva>

[2025-05-16 15:22:29 #17 type.registry] 
New type java.util.Vector<domain.Factura>

------------------------------------------------------------------------------------------------------------------------

[2025-05-16 15:23:25 #1 store] 
Database 'C:\Users\maddi\git\KIROL4ALL\Rides24\src\main\resources\rides.temp' is opened by 3900@DESKTOP-Q03EHD8

[2025-05-16 15:23:25 #2 type.registry] 
New type domain.Sala

[2025-05-16 15:23:25 #3 type] 
Type domain.Sala is not enhanced.

[2025-05-16 15:23:25 #4 type.registry] 
New type domain.Sesion

[2025-05-16 15:23:25 #5 type] 
Type domain.Sesion is not enhanced.

[2025-05-16 15:23:25 #6 type.registry] 
New type domain.Reserva

[2025-05-16 15:23:25 #7 type.registry] 
New type domain.Actividades

[2025-05-16 15:23:25 #8 type] 
Type domain.Reserva is not enhanced.

[2025-05-16 15:23:25 #9 type.registry] 
New type domain.Socio

[2025-05-16 15:23:25 #10 type] 
Type domain.Actividades is not enhanced.

[2025-05-16 15:23:25 #11 type] 
Type domain.Socio is not enhanced.

[2025-05-16 15:23:25 #12 type.registry] 
New type domain.Factura

[2025-05-16 15:23:25 #13 type] 
Type domain.Factura is not enhanced.

[2025-05-16 15:23:25 #14 type.registry] 
New type java.util.Vector<java.lang.Object>

[2025-05-16 15:23:25 #15 type.registry] 
New type java.util.Vector<domain.Sesion>

[2025-05-16 15:23:25 #16 type.registry] 
New type java.util.Vector<domain.Reserva>

[2025-05-16 15:23:25 #17 type.registry] 
New type java.util.Vector<domain.Factura>

------------------------------------------------------------------------------------------------------------------------

[2025-05-16 15:48:27 #1 store] 
Database 'C:\Users\maddi\git\KIROL4ALL\Rides24\src\main\resources\rides.temp' is opened by 304@DESKTOP-Q03EHD8

[2025-05-16 15:48:28 #2 type.registry] 
New type domain.Sala

[2025-05-16 15:48:28 #3 type] 
Type domain.Sala is not enhanced.

[2025-05-16 15:48:28 #4 type.registry] 
New type domain.Sesion

[2025-05-16 15:48:28 #5 type] 
Type domain.Sesion is not enhanced.

[2025-05-16 15:48:28 #6 type.registry] 
New type domain.Reserva

[2025-05-16 15:48:28 #7 type.registry] 
New type domain.Actividades

[2025-05-16 15:48:28 #8 type] 
Type domain.Reserva is not enhanced.

[2025-05-16 15:48:28 #9 type.registry] 
New type domain.Socio

[2025-05-16 15:48:28 #10 type] 
Type domain.Actividades is not enhanced.

[2025-05-16 15:48:28 #11 type] 
Type domain.Socio is not enhanced.

[2025-05-16 15:48:28 #12 type.registry] 
New type domain.Factura

[2025-05-16 15:48:28 #13 type] 
Type domain.Factura is not enhanced.

[2025-05-16 15:48:28 #14 type.registry] 
New type java.util.Vector<java.lang.Object>

[2025-05-16 15:48:28 #15 type.registry] 
New type java.util.Vector<domain.Sesion>

[2025-05-16 15:48:28 #16 type.registry] 
New type java.util.Vector<domain.Reserva>

[2025-05-16 15:48:28 #17 type.registry] 
New type java.util.Vector<domain.Factura>

------------------------------------------------------------------------------------------------------------------------

[2025-05-16 15:49:51 #1 store] 
Database 'C:\Users\maddi\git\KIROL4ALL\Rides24\src\main\resources\rides.temp' is opened by 14224@DESKTOP-Q03EHD8

[2025-05-16 15:49:51 #2 type.registry] 
New type domain.Sala

[2025-05-16 15:49:51 #3 type] 
Type domain.Sala is not enhanced.

[2025-05-16 15:49:51 #4 type.registry] 
New type domain.Sesion

[2025-05-16 15:49:51 #5 type] 
Type domain.Sesion is not enhanced.

[2025-05-16 15:49:51 #6 type.registry] 
New type domain.Reserva

[2025-05-16 15:49:51 #7 type.registry] 
New type domain.Actividades

[2025-05-16 15:49:51 #8 type] 
Type domain.Reserva is not enhanced.

[2025-05-16 15:49:51 #9 type.registry] 
New type domain.Socio

[2025-05-16 15:49:51 #10 type] 
Type domain.Actividades is not enhanced.

[2025-05-16 15:49:51 #11 type] 
Type domain.Socio is not enhanced.

[2025-05-16 15:49:51 #12 type.registry] 
New type domain.Factura

[2025-05-16 15:49:51 #13 type] 
Type domain.Factura is not enhanced.

[2025-05-16 15:49:51 #14 type.registry] 
New type java.util.Vector<java.lang.Object>

[2025-05-16 15:49:51 #15 type.registry] 
New type java.util.Vector<domain.Sesion>

[2025-05-16 15:49:51 #16 type.registry] 
New type java.util.Vector<domain.Reserva>

[2025-05-16 15:49:51 #17 type.registry] 
New type java.util.Vector<domain.Factura>

------------------------------------------------------------------------------------------------------------------------

[2025-05-16 15:51:03 #1 store] 
Database 'C:\Users\maddi\git\KIROL4ALL\Rides24\src\main\resources\rides.temp' is opened by 14164@DESKTOP-Q03EHD8

[2025-05-16 15:51:03 #2 type.registry] 
New type domain.Sala

[2025-05-16 15:51:03 #3 type] 
Type domain.Sala is not enhanced.

[2025-05-16 15:51:03 #4 type.registry] 
New type domain.Sesion

[2025-05-16 15:51:03 #5 type] 
Type domain.Sesion is not enhanced.

[2025-05-16 15:51:03 #6 type.registry] 
New type domain.Reserva

[2025-05-16 15:51:03 #7 type.registry] 
New type domain.Actividades

[2025-05-16 15:51:03 #8 type] 
Type domain.Reserva is not enhanced.

[2025-05-16 15:51:03 #9 type.registry] 
New type domain.Socio

[2025-05-16 15:51:03 #10 type] 
Type domain.Actividades is not enhanced.

[2025-05-16 15:51:03 #11 type] 
Type domain.Socio is not enhanced.

[2025-05-16 15:51:03 #12 type.registry] 
New type domain.Factura

[2025-05-16 15:51:03 #13 type] 
Type domain.Factura is not enhanced.

[2025-05-16 15:51:03 #14 type.registry] 
New type java.util.Vector<java.lang.Object>

[2025-05-16 15:51:03 #15 type.registry] 
New type java.util.Vector<domain.Sesion>

[2025-05-16 15:51:03 #16 type.registry] 
New type java.util.Vector<domain.Reserva>

[2025-05-16 15:51:03 #17 type.registry] 
New type java.util.Vector<domain.Factura>

------------------------------------------------------------------------------------------------------------------------

[2025-05-16 16:25:03 #1 store] 
Database 'C:\Users\maddi\git\isGlobal\Rides24\src\main\resources\rides.temp' is opened by 12016@DESKTOP-Q03EHD8

[2025-05-16 16:25:03 #2 type.registry] 
New type domain.Sala

[2025-05-16 16:25:03 #3 type] 
Type domain.Sala is not enhanced.

[2025-05-16 16:25:03 #4 type.registry] 
New type domain.Sesion

[2025-05-16 16:25:03 #5 type] 
Type domain.Sesion is not enhanced.

[2025-05-16 16:25:03 #6 type.registry] 
New type domain.Reserva

[2025-05-16 16:25:03 #7 type.registry] 
New type domain.Actividades

[2025-05-16 16:25:03 #8 type] 
Type domain.Reserva is not enhanced.

[2025-05-16 16:25:03 #9 type.registry] 
New type domain.Socio

[2025-05-16 16:25:03 #10 type] 
Type domain.Actividades is not enhanced.

[2025-05-16 16:25:03 #11 type] 
Type domain.Socio is not enhanced.

[2025-05-16 16:25:04 #12 type.registry] 
New type domain.Factura

[2025-05-16 16:25:04 #13 type] 
Type domain.Factura is not enhanced.

[2025-05-16 16:25:04 #14 type.registry] 
New type java.util.Vector<java.lang.Object>

[2025-05-16 16:25:04 #15 type.registry] 
New type java.util.Vector<domain.Sesion>

[2025-05-16 16:25:04 #16 type.registry] 
New type java.util.Vector<domain.Reserva>

[2025-05-16 16:25:04 #17 type.registry] 
New type java.util.Vector<domain.Factura>

------------------------------------------------------------------------------------------------------------------------

[2025-05-16 16:46:14 #1 server] 
Server on port 6136 has started by 19224@DESKTOP-Q03EHD8

[2025-05-16 16:46:30 #2 store] 
Database 'C:\Users\maddi\git\isGlobal\Rides24\src\main\resources\db\src\main\resources\rides.temp' is opened by 19224@DESKTOP-Q03EHD8

[2025-05-16 16:46:32 #3 store] 
Database 'C:\Users\maddi\git\isGlobal\Rides24\src\main\resources\db\src\main\resources\rides.temp' is closed by 19224@DESKTOP-Q03EHD8

[2025-05-16 16:46:40 #4 server] 
Server on port 6136 has stopped by 19224@DESKTOP-Q03EHD8

------------------------------------------------------------------------------------------------------------------------

[2025-05-16 16:49:57 #1 server] 
Server on port 6136 has started by 4056@DESKTOP-Q03EHD8

[2025-05-16 16:52:01 #2 server] 
Server on port 6136 has stopped by 4056@DESKTOP-Q03EHD8

------------------------------------------------------------------------------------------------------------------------

[2025-05-16 16:59:46 #1 type] 
Type domain.Socio is not enhanced.

[2025-05-16 16:59:46 #2 type] 
Type domain.Factura is not enhanced.

[2025-05-16 16:59:46 #3 type] 
Type domain.Reserva is not enhanced.

[2025-05-16 16:59:46 #4 type] 
Type domain.Sesion is not enhanced.

[2025-05-16 16:59:46 #5 type] 
Type domain.Actividades is not enhanced.

[2025-05-16 16:59:46 #6 type] 
Type domain.Sala is not enhanced.

------------------------------------------------------------------------------------------------------------------------

[2025-05-16 17:00:58 #1 store] 
Database 'C:\Users\maddi\git\isGlobal\Rides24\src\main\resources\rides.temp' is opened by 20648@DESKTOP-Q03EHD8

[2025-05-16 17:00:59 #2 type.registry] 
New type domain.Sala

[2025-05-16 17:00:59 #3 type] 
Type domain.Sala is not enhanced.

[2025-05-16 17:00:59 #4 type.registry] 
New type domain.Sesion

[2025-05-16 17:00:59 #5 type] 
Type domain.Sesion is not enhanced.

[2025-05-16 17:00:59 #6 type.registry] 
New type domain.Reserva

[2025-05-16 17:00:59 #7 type.registry] 
New type domain.Actividades

[2025-05-16 17:00:59 #8 type] 
Type domain.Reserva is not enhanced.

[2025-05-16 17:00:59 #9 type.registry] 
New type domain.Socio

[2025-05-16 17:00:59 #10 type] 
Type domain.Actividades is not enhanced.

[2025-05-16 17:00:59 #11 type] 
Type domain.Socio is not enhanced.

[2025-05-16 17:00:59 #12 type.registry] 
New type domain.Factura

[2025-05-16 17:00:59 #13 type] 
Type domain.Factura is not enhanced.

[2025-05-16 17:00:59 #14 type.registry] 
New type java.util.Vector<java.lang.Object>

[2025-05-16 17:00:59 #15 type.registry] 
New type java.util.Vector<domain.Sesion>

[2025-05-16 17:00:59 #16 type.registry] 
New type java.util.Vector<domain.Reserva>

[2025-05-16 17:00:59 #17 type.registry] 
New type java.util.Vector<domain.Factura>

------------------------------------------------------------------------------------------------------------------------

[2025-05-16 17:01:36 #1 type] 
Type domain.Socio is not enhanced.

[2025-05-16 17:01:36 #2 type] 
Type domain.Factura is not enhanced.

[2025-05-16 17:01:36 #3 type] 
Type domain.Reserva is not enhanced.

[2025-05-16 17:01:36 #4 type] 
Type domain.Sesion is not enhanced.

[2025-05-16 17:01:36 #5 type] 
Type domain.Actividades is not enhanced.

[2025-05-16 17:01:36 #6 type] 
Type domain.Sala is not enhanced.

------------------------------------------------------------------------------------------------------------------------

[2025-05-16 17:01:57 #1 type] 
Type domain.Socio is not enhanced.

[2025-05-16 17:01:57 #2 type] 
Type domain.Factura is not enhanced.

[2025-05-16 17:01:57 #3 type] 
Type domain.Reserva is not enhanced.

[2025-05-16 17:01:57 #4 type] 
Type domain.Sesion is not enhanced.

[2025-05-16 17:01:57 #5 type] 
Type domain.Actividades is not enhanced.

[2025-05-16 17:01:57 #6 type] 
Type domain.Sala is not enhanced.

[2025-05-16 17:01:57 #7 type.registry] 
New type java.util.Vector<java.lang.Object>

[2025-05-16 17:01:57 #8 type.registry] 
New type java.util.Vector<domain.Sesion>

[2025-05-16 17:01:57 #9 type.registry] 
New type java.util.Vector<domain.Reserva>

[2025-05-16 17:01:57 #10 type.registry] 
New type java.util.Vector<domain.Factura>

------------------------------------------------------------------------------------------------------------------------

[2025-05-16 17:02:19 #1 type] 
Type domain.Socio is not enhanced.

[2025-05-16 17:02:19 #2 type] 
Type domain.Factura is not enhanced.

[2025-05-16 17:02:19 #3 type] 
Type domain.Reserva is not enhanced.

[2025-05-16 17:02:19 #4 type] 
Type domain.Sesion is not enhanced.

[2025-05-16 17:02:19 #5 type] 
Type domain.Actividades is not enhanced.

[2025-05-16 17:02:19 #6 type] 
Type domain.Sala is not enhanced.

------------------------------------------------------------------------------------------------------------------------

[2025-05-16 17:06:38 #1 type] 
Type domain.Socio is not enhanced.

[2025-05-16 17:06:38 #2 type] 
Type domain.Factura is not enhanced.

[2025-05-16 17:06:38 #3 type] 
Type domain.Reserva is not enhanced.

[2025-05-16 17:06:38 #4 type] 
Type domain.Sesion is not enhanced.

[2025-05-16 17:06:38 #5 type] 
Type domain.Actividades is not enhanced.

[2025-05-16 17:06:38 #6 type] 
Type domain.Sala is not enhanced.

------------------------------------------------------------------------------------------------------------------------

[2025-05-16 17:07:07 #1 type] 
Type domain.Socio is not enhanced.

[2025-05-16 17:07:07 #2 type] 
Type domain.Factura is not enhanced.

[2025-05-16 17:07:07 #3 type] 
Type domain.Reserva is not enhanced.

[2025-05-16 17:07:07 #4 type] 
Type domain.Sesion is not enhanced.

[2025-05-16 17:07:07 #5 type] 
Type domain.Actividades is not enhanced.

[2025-05-16 17:07:07 #6 type] 
Type domain.Sala is not enhanced.

------------------------------------------------------------------------------------------------------------------------

[2025-05-16 17:44:13 #1 server] 
Server on port 6136 has started by 1448@DESKTOP-Q03EHD8

------------------------------------------------------------------------------------------------------------------------

[2025-05-16 17:44:14 #1 server] 
java.net.BindException: Address already in use: bind
	at java.base/sun.nio.ch.Net.bind0(Native Method)
	at java.base/sun.nio.ch.Net.bind(Net.java:565)
	at java.base/sun.nio.ch.Net.bind(Net.java:554)
	at java.base/sun.nio.ch.NioSocketImpl.bind(NioSocketImpl.java:636)
	at java.base/java.net.ServerSocket.bind(ServerSocket.java:389)
	at java.base/java.net.ServerSocket.<init>(ServerSocket.java:276)
	at java.base/java.net.ServerSocket.<init>(ServerSocket.java:221)
	at com.objectdb.o.SMR.I(SMR.java:259)
	at com.objectdb.o.SMR.n(SMR.java:159)
	at com.objectdb.o.TOL.run(TOL.java:116)
	at com.objectdb.Server.runCommand(Server.java:200)
	at com.objectdb.Server.run(Server.java:104)
	at com.objectdb.Server.main(Server.java:63)

[2025-05-16 17:44:32 #2 store] 
Database 'C:\Users\maddi\git\isGlobal\Rides24\src\main\resources\db\src\main\resources\rides.temp' is opened by 1448@DESKTOP-Q03EHD8

[2025-05-16 17:44:47 #3 store] 
Database 'C:\Users\maddi\git\isGlobal\Rides24\src\main\resources\db\src\main\resources\rides.temp' is closed by 1448@DESKTOP-Q03EHD8

[2025-05-16 17:45:01 #4 server] 
Server on port 6136 has stopped by 1448@DESKTOP-Q03EHD8

